
Purpose     : Extract data for Us Banks

        #####################     Change log   ###############################
        ##------------------------------------------------------------------##
        ##  Author              ##Date                ##Current Version     ##
        ##------------------------------------------------------------------##
        ## Moody's Analytics    ##29th May,2018    ##V1.0                ##
        ##------------------------------------------------------------------##
        ######################################################################
        Date                   Version     Author      Description
        29th May,2018        v 0.1       Sairam      Initial development


17/07/2018 12:29:27 PM- root         - INFO     - Starting the program execution

17/07/2018 12:29:27 PM- root         - INFO     - Web-Scrapping Starting for bank: wellsfargo_deposit_v2.py

17/07/2018 12:29:27 PM- root         - INFO     - Web-Scrapping Starting for bank: wellsfargo_mortgage_v2.py

17/07/2018 12:29:27 PM- root         - INFO     - Web-Scrapping Starting for bank: pnc_mortgage_v2.py

17/07/2018 12:29:27 PM- root         - INFO     - Web-Scrapping Starting for bank: pnc_deposit.py

17/07/2018 12:29:27 PM- root         - INFO     - Web-Scrapping Starting for bank: suntrust_deposit_v2.py

17/07/2018 12:29:27 PM- root         - INFO     - Web-Scrapping Starting for bank: suntrust_mortgage_v2.py

17/07/2018 12:29:27 PM- root         - INFO     - Web-Scrapping Starting for bank: capital_one_deposits_v2.py

17/07/2018 12:29:27 PM- root         - INFO     - Web-Scrapping Starting for bank: Ally_deposits_v2.py

17/07/2018 12:29:27 PM- root         - INFO     - Web-Scrapping Starting for bank: Ally_mortgage_v2.py

17/07/2018 12:29:27 PM- root         - INFO     - Web-Scrapping Starting for bank: synchrony_deposits_new.py

17/07/2018 12:30:09 PM- root         - INFO     - Succesfully Web-Scrapping completed for bank: synchrony_deposits_new.py

17/07/2018 12:30:09 PM- root         - INFO     - Succesfully Web-Scrapping completed for bank: Ally_mortgage_v2.py

17/07/2018 12:30:09 PM- root         - INFO     - Web-Scrapping Starting for bank: citi_bank_v2.py

17/07/2018 12:30:09 PM- root         - INFO     - Web-Scrapping Starting for bank: citi_mortgage.py

17/07/2018 12:31:31 PM- root         - INFO     - Succesfully Web-Scrapping completed for bank: pnc_deposit.py

17/07/2018 12:31:31 PM- root         - INFO     - Succesfully Web-Scrapping completed for bank: suntrust_deposit_v2.py

17/07/2018 12:31:31 PM- root         - INFO     - Succesfully Web-Scrapping completed for bank: pnc_mortgage_v2.py

17/07/2018 12:31:31 PM- root         - INFO     - Web-Scrapping Starting for bank: consolidated_BOA.py

17/07/2018 12:31:31 PM- root         - INFO     - Succesfully Web-Scrapping completed for bank: Ally_deposits_v2.py

17/07/2018 12:31:31 PM- root         - INFO     - Succesfully Web-Scrapping completed for bank: wellsfargo_mortgage_v2.py

17/07/2018 12:31:31 PM- root         - INFO     - Succesfully Web-Scrapping completed for bank: capital_one_deposits_v2.py

17/07/2018 12:31:31 PM- root         - INFO     - Web-Scrapping Starting for bank: Bank_of_america_mortgage_v2.py

17/07/2018 12:31:31 PM- root         - INFO     - Web-Scrapping Starting for bank: Consolidate_JPM_Data_Deposit_final.py

17/07/2018 12:31:31 PM- root         - INFO     - Succesfully Web-Scrapping completed for bank: suntrust_mortgage_v2.py

17/07/2018 12:31:31 PM- root         - INFO     - Succesfully Web-Scrapping completed for bank: wellsfargo_deposit_v2.py

17/07/2018 12:31:31 PM- root         - INFO     - Web-Scrapping Starting for bank: bankRate_Mortgage.py

17/07/2018 12:31:31 PM- root         - INFO     - Web-Scrapping Starting for bank: Us_Deposits.py

17/07/2018 12:31:31 PM- root         - INFO     - Web-Scrapping Starting for bank: JPM_mortgage_v2.py

17/07/2018 12:31:31 PM- root         - INFO     - Web-Scrapping Starting for bank: bankRate.py

17/07/2018 12:31:31 PM- root         - INFO     - Web-Scrapping Starting for bank: Us_Deposits_Mortgage.py

17/07/2018 12:32:28 PM- root         - INFO     - Succesfully Web-Scrapping completed for bank: consolidated_BOA.py

17/07/2018 12:32:28 PM- root         - INFO     - Web-Scrapping Starting for bank: Deposits_account.py

17/07/2018 12:33:00 PM- root         - INFO     - Succesfully Web-Scrapping completed for bank: Deposits_account.py

17/07/2018 12:33:00 PM- root         - INFO     - Web-Scrapping Starting for bank: MyBankTracker_Deposits.py

17/07/2018 12:33:10 PM- root         - INFO     - Succesfully Web-Scrapping completed for bank: MyBankTracker_Deposits.py

17/07/2018 12:33:10 PM- root         - INFO     - Web-Scrapping Starting for bank: MyBankTracker_Mortgage.py

17/07/2018 12:33:28 PM- root         - INFO     - Succesfully Web-Scrapping completed for bank: MyBankTracker_Mortgage.py

17/07/2018 12:33:28 PM- root         - INFO     - Web-Scrapping Starting for bank: Nerdwallet_Bank_Deposits.py

17/07/2018 12:33:48 PM- root         - INFO     - Succesfully Web-Scrapping completed for bank: Us_Deposits_Mortgage.py

17/07/2018 12:33:48 PM- root         - INFO     - Succesfully Web-Scrapping completed for bank: bankRate.py

17/07/2018 12:33:58 PM- root         - INFO     - Succesfully Web-Scrapping completed for bank: Nerdwallet_Bank_Deposits.py

17/07/2018 12:33:59 PM- root         - INFO     - Succesfully Web-Scrapping completed for bank: Bank_of_america_mortgage_v2.py

17/07/2018 12:33:59 PM- root         - INFO     - Succesfully Web-Scrapping completed for bank: Consolidate_JPM_Data_Deposit_final.py

17/07/2018 12:33:59 PM- root         - INFO     - Succesfully Web-Scrapping completed for bank: JPM_mortgage_v2.py

17/07/2018 12:33:59 PM- root         - INFO     - Succesfully Web-Scrapping completed for bank: bankRate_Mortgage.py

17/07/2018 12:33:59 PM- root         - INFO     - Succesfully Web-Scrapping completed for bank: Us_Deposits.py

17/07/2018 12:35:03 PM- root         - INFO     - Succesfully Web-Scrapping completed for bank: citi_bank_v2.py

17/07/2018 12:35:03 PM- root         - INFO     - Succesfully Web-Scrapping completed for bank: citi_mortgage.py

17/07/2018 12:35:03 PM- root         - INFO     - Starting the program execution

17/07/2018 12:35:03 PM- root         - INFO     - Web-Scrapping Starting for bank: Final_Consolidation_Deposits.py

17/07/2018 12:35:18 PM- root         - INFO     - Succesfully Web-Scrapping completed for bank: Final_Consolidation_Deposits.py

17/07/2018 12:35:18 PM- root         - INFO     - Web-Scrapping Starting for bank: Final_Consolidation_MORTGAGE.py

17/07/2018 12:35:22 PM- root         - INFO     - Succesfully Web-Scrapping completed for bank: Final_Consolidation_MORTGAGE.py

17/07/2018 12:35:32 PM- root         - INFO     - Starting the program execution

17/07/2018 12:35:32 PM- root         - INFO     - Web-Scrapping Starting for bank: Aggregator_US_DEPOSIT.py

17/07/2018 12:35:50 PM- root         - INFO     - Succesfully Web-Scrapping completed for bank: Aggregator_US_DEPOSIT.py

17/07/2018 12:35:50 PM- root         - INFO     - Web-Scrapping Starting for bank: Aggregator_US_Mortgage.py

17/07/2018 12:35:52 PM- root         - INFO     - Succesfully Web-Scrapping completed for bank: Aggregator_US_Mortgage.py

17/07/2018 12:36:02 PM- root         - INFO     - Starting the program execution

17/07/2018 12:36:02 PM- root         - INFO     - Web-Scrapping Starting for bank: US_bank_agg.py

17/07/2018 12:36:03 PM- root         - INFO     - Succesfully Web-Scrapping completed for bank: US_bank_agg.py

17/07/2018 12:36:13 PM- root         - INFO     - Starting the program execution

17/07/2018 12:36:13 PM- root         - INFO     - Web-Scrapping Starting for bank: validation_checker_deposit.py

17/07/2018 12:36:14 PM- root         - INFO     - Succesfully Web-Scrapping completed for bank: validation_checker_deposit.py

17/07/2018 12:36:14 PM- root         - INFO     - Web-Scrapping Starting for bank: validation_checker_mortgage.py

17/07/2018 12:36:15 PM- root         - INFO     - Succesfully Web-Scrapping completed for bank: validation_checker_mortgage.py

17/07/2018 12:36:25 PM- root         - INFO     - Starting the program execution

17/07/2018 12:36:25 PM- root         - INFO     - Web-Scrapping Starting for bank: comparing_excel_deposits.py

17/07/2018 12:36:25 PM- root         - INFO     - Succesfully Web-Scrapping completed for bank: comparing_excel_deposits.py

17/07/2018 12:36:25 PM- root         - INFO     - Web-Scrapping Starting for bank: comparing_excel_mortgages.py

17/07/2018 12:36:25 PM- root         - INFO     - Succesfully Web-Scrapping completed for bank: comparing_excel_mortgages.py

