
Purpose     : Extract data for Us Banks

        #####################     Change log   ###############################
        ##------------------------------------------------------------------##
        ##  Author              ##Date                ##Current Version     ##
        ##------------------------------------------------------------------##
        ## Moody's Analytics    ##29th May,2018    ##V1.0                ##
        ##------------------------------------------------------------------##
        ######################################################################
        Date                   Version     Author      Description
        29th May,2018        v 0.1       Sairam      Initial development


31/05/2018 11:37:09 AM- root         - INFO     - Starting the program execution

31/05/2018 11:37:09 AM- root         - INFO     - Web-Scrapping Starting for bank: wellsfargo_deposit_v2.py

31/05/2018 11:37:09 AM- root         - INFO     - Web-Scrapping Starting for bank: wellsfargo_mortgage_v2.py

31/05/2018 11:37:09 AM- root         - INFO     - Web-Scrapping Starting for bank: pnc_mortgage_v2.py

31/05/2018 11:37:09 AM- root         - INFO     - Web-Scrapping Starting for bank: pnc_deposit.py

31/05/2018 11:37:09 AM- root         - INFO     - Web-Scrapping Starting for bank: suntrust_deposit_v2.py

31/05/2018 11:37:09 AM- root         - INFO     - Web-Scrapping Starting for bank: suntrust_mortgage_v2.py

31/05/2018 11:37:09 AM- root         - INFO     - Web-Scrapping Starting for bank: capital_one_deposits_v2.py

31/05/2018 11:37:09 AM- root         - INFO     - Web-Scrapping Starting for bank: Ally_deposits_v2.py

31/05/2018 11:37:09 AM- root         - INFO     - Web-Scrapping Starting for bank: Ally_mortgage_v2.py

31/05/2018 11:37:09 AM- root         - INFO     - Web-Scrapping Starting for bank: synchrony_deposits_new.py

31/05/2018 11:37:15 AM- root         - INFO     - Succesfully Web-Scrapping completed for bank: suntrust_deposit_v2.py

31/05/2018 11:37:15 AM- root         - INFO     - Succesfully Web-Scrapping completed for bank: suntrust_mortgage_v2.py

31/05/2018 11:37:15 AM- root         - INFO     - Web-Scrapping Starting for bank: citi_bank.py

31/05/2018 11:37:15 AM- root         - INFO     - Web-Scrapping Starting for bank: citi_mortgage.py

31/05/2018 11:37:33 AM- root         - INFO     - Succesfully Web-Scrapping completed for bank: pnc_deposit.py

31/05/2018 11:37:33 AM- root         - INFO     - Web-Scrapping Starting for bank: consolidated_BOA.py

31/05/2018 11:37:33 AM- root         - INFO     - Succesfully Web-Scrapping completed for bank: pnc_mortgage_v2.py

31/05/2018 11:37:33 AM- root         - INFO     - Web-Scrapping Starting for bank: Bank_of_america_mortgage_v2.py

31/05/2018 11:37:40 AM- root         - INFO     - Succesfully Web-Scrapping completed for bank: wellsfargo_deposit_v2.py

31/05/2018 11:37:40 AM- root         - INFO     - Succesfully Web-Scrapping completed for bank: wellsfargo_mortgage_v2.py

31/05/2018 11:37:40 AM- root         - INFO     - Web-Scrapping Starting for bank: Consolidate_JPM_Data_Deposit_final.py

31/05/2018 11:37:40 AM- root         - INFO     - Web-Scrapping Starting for bank: JPM_mortgage_v2.py

31/05/2018 11:37:46 AM- root         - INFO     - Succesfully Web-Scrapping completed for bank: consolidated_BOA.py

31/05/2018 11:37:46 AM- root         - INFO     - Succesfully Web-Scrapping completed for bank: Bank_of_america_mortgage_v2.py

31/05/2018 11:37:46 AM- root         - INFO     - Web-Scrapping Starting for bank: Us_Deposits.py

31/05/2018 11:37:46 AM- root         - INFO     - Web-Scrapping Starting for bank: Us_Deposits_Mortgage.py

31/05/2018 11:37:56 AM- root         - INFO     - Succesfully Web-Scrapping completed for bank: Us_Deposits.py

31/05/2018 11:37:56 AM- root         - INFO     - Web-Scrapping Starting for bank: bankRate.py

31/05/2018 11:37:56 AM- root         - INFO     - Succesfully Web-Scrapping completed for bank: Us_Deposits_Mortgage.py

31/05/2018 11:37:56 AM- root         - INFO     - Web-Scrapping Starting for bank: bankRate_Mortgage.py

31/05/2018 11:39:06 AM- root         - INFO     - Succesfully Web-Scrapping completed for bank: capital_one_deposits_v2.py

31/05/2018 11:39:06 AM- root         - INFO     - Succesfully Web-Scrapping completed for bank: Ally_mortgage_v2.py

31/05/2018 11:39:06 AM- root         - INFO     - Succesfully Web-Scrapping completed for bank: Ally_deposits_v2.py

31/05/2018 11:39:06 AM- root         - INFO     - Web-Scrapping Starting for bank: Deposits_account.py

31/05/2018 11:39:06 AM- root         - INFO     - Succesfully Web-Scrapping completed for bank: synchrony_deposits_new.py

31/05/2018 11:39:06 AM- root         - INFO     - Web-Scrapping Starting for bank: MyBankTracker_Deposits.py

31/05/2018 11:39:06 AM- root         - INFO     - Web-Scrapping Starting for bank: MyBankTracker_Mortgage.py

31/05/2018 11:39:06 AM- root         - INFO     - Web-Scrapping Starting for bank: Nerdwallet_Bank_Deposits.py

31/05/2018 11:39:36 AM- root         - INFO     - Succesfully Web-Scrapping completed for bank: MyBankTracker_Mortgage.py

31/05/2018 11:39:36 AM- root         - INFO     - Succesfully Web-Scrapping completed for bank: MyBankTracker_Deposits.py

31/05/2018 11:39:36 AM- root         - INFO     - Succesfully Web-Scrapping completed for bank: Nerdwallet_Bank_Deposits.py

31/05/2018 11:39:36 AM- root         - INFO     - Succesfully Web-Scrapping completed for bank: Deposits_account.py

31/05/2018 11:39:36 AM- root         - INFO     - Succesfully Web-Scrapping completed for bank: Consolidate_JPM_Data_Deposit_final.py

31/05/2018 11:39:36 AM- root         - INFO     - Succesfully Web-Scrapping completed for bank: JPM_mortgage_v2.py

31/05/2018 11:39:58 AM- root         - INFO     - Succesfully Web-Scrapping completed for bank: bankRate.py

31/05/2018 11:39:58 AM- root         - INFO     - Succesfully Web-Scrapping completed for bank: bankRate_Mortgage.py

31/05/2018 11:42:09 AM- root         - INFO     - Succesfully Web-Scrapping completed for bank: citi_bank.py

31/05/2018 11:42:09 AM- root         - INFO     - Succesfully Web-Scrapping completed for bank: citi_mortgage.py

31/05/2018 11:42:09 AM- root         - INFO     - Starting the program execution

31/05/2018 11:42:09 AM- root         - INFO     - Web-Scrapping Starting for bank: Final_Consolidation_Deposits.py

31/05/2018 11:42:27 AM- root         - INFO     - Succesfully Web-Scrapping completed for bank: Final_Consolidation_Deposits.py

31/05/2018 11:42:27 AM- root         - INFO     - Web-Scrapping Starting for bank: Final_Consolidation_MORTGAGE.py

31/05/2018 11:42:33 AM- root         - INFO     - Succesfully Web-Scrapping completed for bank: Final_Consolidation_MORTGAGE.py

31/05/2018 11:42:33 AM- root         - INFO     - Starting the program execution

31/05/2018 11:42:33 AM- root         - INFO     - Web-Scrapping Starting for bank: Aggregator_US_DEPOSIT.py

31/05/2018 11:42:51 AM- root         - INFO     - Succesfully Web-Scrapping completed for bank: Aggregator_US_DEPOSIT.py

31/05/2018 11:42:51 AM- root         - INFO     - Web-Scrapping Starting for bank: Aggregator_US_Mortgage.py

31/05/2018 11:42:53 AM- root         - INFO     - Succesfully Web-Scrapping completed for bank: Aggregator_US_Mortgage.py

31/05/2018 11:42:53 AM- root         - INFO     - Starting the program execution

31/05/2018 11:42:53 AM- root         - INFO     - Web-Scrapping Starting for bank: US_bank_agg.py

31/05/2018 11:42:54 AM- root         - INFO     - Succesfully Web-Scrapping completed for bank: US_bank_agg.py

