
Purpose     : Extract data for Us Banks

        #####################     Change log   ###############################
        ##------------------------------------------------------------------##
        ##  Author              ##Date                ##Current Version     ##
        ##------------------------------------------------------------------##
        ## Moody's Analytics    ##29th May,2018    ##V1.0                ##
        ##------------------------------------------------------------------##
        ######################################################################
        Date                   Version     Author      Description
        29th May,2018        v 0.1       Sairam      Initial development


04/09/2018 11:21:04 AM- root         - INFO     - Starting the program execution

04/09/2018 11:21:04 AM- root         - INFO     - Web-Scrapping Starting for bank: wellsfargo_deposit_v2.py

04/09/2018 11:21:04 AM- root         - INFO     - Web-Scrapping Starting for bank: wellsfargo_mortgage_v2.py

04/09/2018 11:21:04 AM- root         - INFO     - Web-Scrapping Starting for bank: pnc_mortgage_v2.py

04/09/2018 11:21:04 AM- root         - INFO     - Web-Scrapping Starting for bank: pnc_deposit.py

04/09/2018 11:21:04 AM- root         - INFO     - Web-Scrapping Starting for bank: suntrust_deposit_v2.py

04/09/2018 11:21:04 AM- root         - INFO     - Web-Scrapping Starting for bank: suntrust_mortgage_v2.py

04/09/2018 11:21:04 AM- root         - INFO     - Web-Scrapping Starting for bank: capital_one_deposits_v2.py

04/09/2018 11:21:04 AM- root         - INFO     - Web-Scrapping Starting for bank: Ally_deposits_v2.py

04/09/2018 11:21:04 AM- root         - INFO     - Web-Scrapping Starting for bank: Ally_mortgage_v2.py

04/09/2018 11:21:04 AM- root         - INFO     - Web-Scrapping Starting for bank: synchrony_deposits_new.py

04/09/2018 11:21:39 AM- root         - INFO     - Succesfully Web-Scrapping completed for bank: pnc_mortgage_v2.py

04/09/2018 11:21:39 AM- root         - INFO     - Succesfully Web-Scrapping completed for bank: wellsfargo_deposit_v2.py

04/09/2018 11:21:39 AM- root         - INFO     - Succesfully Web-Scrapping completed for bank: pnc_deposit.py

04/09/2018 11:21:39 AM- root         - INFO     - Web-Scrapping Starting for bank: citi_bank_v2.py

04/09/2018 11:21:39 AM- root         - INFO     - Web-Scrapping Starting for bank: citi_mortgage.py

04/09/2018 11:21:39 AM- root         - INFO     - Web-Scrapping Starting for bank: consolidated_BOA.py

04/09/2018 11:22:02 AM- root         - INFO     - Succesfully Web-Scrapping completed for bank: wellsfargo_mortgage_v2.py

04/09/2018 11:22:02 AM- root         - INFO     - Web-Scrapping Starting for bank: Bank_of_america_mortgage_v2.py

04/09/2018 11:22:02 AM- root         - INFO     - Succesfully Web-Scrapping completed for bank: suntrust_deposit_v2.py

04/09/2018 11:22:02 AM- root         - INFO     - Succesfully Web-Scrapping completed for bank: capital_one_deposits_v2.py

04/09/2018 11:22:02 AM- root         - INFO     - Web-Scrapping Starting for bank: Consolidate_JPM_Data_Deposit_final.py

04/09/2018 11:22:02 AM- root         - INFO     - Web-Scrapping Starting for bank: JPM_mortgage_v2.py

04/09/2018 11:22:02 AM- root         - INFO     - Succesfully Web-Scrapping completed for bank: suntrust_mortgage_v2.py

04/09/2018 11:22:02 AM- root         - INFO     - Web-Scrapping Starting for bank: Us_Deposits.py

04/09/2018 11:22:21 AM- root         - INFO     - Succesfully Web-Scrapping completed for bank: Ally_mortgage_v2.py

04/09/2018 11:22:21 AM- root         - INFO     - Succesfully Web-Scrapping completed for bank: synchrony_deposits_new.py

04/09/2018 11:22:21 AM- root         - INFO     - Web-Scrapping Starting for bank: Us_Deposits_Mortgage.py

04/09/2018 11:22:21 AM- root         - INFO     - Succesfully Web-Scrapping completed for bank: Ally_deposits_v2.py

04/09/2018 11:22:21 AM- root         - INFO     - Web-Scrapping Starting for bank: bankRate.py

04/09/2018 11:22:21 AM- root         - INFO     - Web-Scrapping Starting for bank: bankRate_Mortgage_v2.py

04/09/2018 11:24:05 AM- root         - INFO     - Succesfully Web-Scrapping completed for bank: Consolidate_JPM_Data_Deposit_final.py

04/09/2018 11:24:05 AM- root         - INFO     - Succesfully Web-Scrapping completed for bank: JPM_mortgage_v2.py

04/09/2018 11:24:05 AM- root         - INFO     - Succesfully Web-Scrapping completed for bank: Bank_of_america_mortgage_v2.py

04/09/2018 11:24:05 AM- root         - INFO     - Web-Scrapping Starting for bank: Deposits_account.py

04/09/2018 11:24:05 AM- root         - INFO     - Succesfully Web-Scrapping completed for bank: Us_Deposits.py

04/09/2018 11:24:05 AM- root         - INFO     - Web-Scrapping Starting for bank: MyBankTracker_Deposits.py

04/09/2018 11:24:05 AM- root         - INFO     - Web-Scrapping Starting for bank: MyBankTracker_Mortgage.py

04/09/2018 11:24:05 AM- root         - INFO     - Web-Scrapping Starting for bank: Nerdwallet_Bank_Deposits.py

04/09/2018 11:24:35 AM- root         - INFO     - Succesfully Web-Scrapping completed for bank: MyBankTracker_Deposits.py

04/09/2018 11:24:35 AM- root         - INFO     - Succesfully Web-Scrapping completed for bank: Nerdwallet_Bank_Deposits.py

04/09/2018 11:24:35 AM- root         - INFO     - Succesfully Web-Scrapping completed for bank: Deposits_account.py

04/09/2018 11:24:35 AM- root         - INFO     - Succesfully Web-Scrapping completed for bank: MyBankTracker_Mortgage.py

04/09/2018 11:24:35 AM- root         - INFO     - Succesfully Web-Scrapping completed for bank: Us_Deposits_Mortgage.py

04/09/2018 11:24:35 AM- root         - INFO     - Succesfully Web-Scrapping completed for bank: bankRate_Mortgage_v2.py

04/09/2018 11:24:35 AM- root         - INFO     - Succesfully Web-Scrapping completed for bank: bankRate.py

04/09/2018 11:26:27 AM- root         - INFO     - Succesfully Web-Scrapping completed for bank: consolidated_BOA.py

04/09/2018 11:26:27 AM- root         - INFO     - Succesfully Web-Scrapping completed for bank: citi_mortgage.py

04/09/2018 11:26:27 AM- root         - INFO     - Succesfully Web-Scrapping completed for bank: citi_bank_v2.py

04/09/2018 11:26:27 AM- root         - INFO     - Starting the program execution

04/09/2018 11:26:27 AM- root         - INFO     - Web-Scrapping Starting for bank: Final_Consolidation_Deposits.py

04/09/2018 11:26:41 AM- root         - INFO     - Succesfully Web-Scrapping completed for bank: Final_Consolidation_Deposits.py

04/09/2018 11:26:41 AM- root         - INFO     - Web-Scrapping Starting for bank: Final_Consolidation_MORTGAGE.py

04/09/2018 11:26:46 AM- root         - INFO     - Succesfully Web-Scrapping completed for bank: Final_Consolidation_MORTGAGE.py

04/09/2018 11:26:56 AM- root         - INFO     - Starting the program execution

04/09/2018 11:26:56 AM- root         - INFO     - Web-Scrapping Starting for bank: Aggregator_US_DEPOSIT.py

04/09/2018 11:27:12 AM- root         - INFO     - Succesfully Web-Scrapping completed for bank: Aggregator_US_DEPOSIT.py

04/09/2018 11:27:12 AM- root         - INFO     - Web-Scrapping Starting for bank: Aggregator_US_Mortgage.py

04/09/2018 11:27:14 AM- root         - INFO     - Succesfully Web-Scrapping completed for bank: Aggregator_US_Mortgage.py

04/09/2018 11:27:24 AM- root         - INFO     - Starting the program execution

04/09/2018 11:27:24 AM- root         - INFO     - Web-Scrapping Starting for bank: US_bank_agg.py

04/09/2018 11:27:25 AM- root         - INFO     - Succesfully Web-Scrapping completed for bank: US_bank_agg.py

04/09/2018 11:27:35 AM- root         - INFO     - Starting the program execution

04/09/2018 11:27:35 AM- root         - INFO     - Web-Scrapping Starting for bank: validation_checker_deposit.py

04/09/2018 11:27:36 AM- root         - INFO     - Succesfully Web-Scrapping completed for bank: validation_checker_deposit.py

04/09/2018 11:27:36 AM- root         - INFO     - Web-Scrapping Starting for bank: validation_checker_mortgage.py

04/09/2018 11:27:37 AM- root         - INFO     - Succesfully Web-Scrapping completed for bank: validation_checker_mortgage.py

04/09/2018 11:27:47 AM- root         - INFO     - Starting the program execution

04/09/2018 11:27:47 AM- root         - INFO     - Web-Scrapping Starting for bank: comparing_excel_deposits.py

04/09/2018 11:27:47 AM- root         - INFO     - Succesfully Web-Scrapping completed for bank: comparing_excel_deposits.py

04/09/2018 11:27:47 AM- root         - INFO     - Web-Scrapping Starting for bank: comparing_excel_mortgages.py

04/09/2018 11:27:47 AM- root         - INFO     - Succesfully Web-Scrapping completed for bank: comparing_excel_mortgages.py

