
Purpose     : Extract data for Us Banks

        #####################     Change log   ###############################
        ##------------------------------------------------------------------##
        ##  Author              ##Date                ##Current Version     ##
        ##------------------------------------------------------------------##
        ## Moody's Analytics    ##29th May,2018    ##V1.0                ##
        ##------------------------------------------------------------------##
        ######################################################################
        Date                   Version     Author      Description
        29th May,2018        v 0.1       Sairam      Initial development


26/06/2018 11:35:34 AM- root         - INFO     - Starting the program execution

26/06/2018 11:35:34 AM- root         - INFO     - Web-Scrapping Starting for bank: wellsfargo_deposit_v2.py

26/06/2018 11:35:34 AM- root         - INFO     - Web-Scrapping Starting for bank: wellsfargo_mortgage_v2.py

26/06/2018 11:35:34 AM- root         - INFO     - Web-Scrapping Starting for bank: pnc_mortgage_v2.py

26/06/2018 11:35:34 AM- root         - INFO     - Web-Scrapping Starting for bank: pnc_deposit.py

26/06/2018 11:35:34 AM- root         - INFO     - Web-Scrapping Starting for bank: suntrust_deposit_v2.py

26/06/2018 11:35:34 AM- root         - INFO     - Web-Scrapping Starting for bank: suntrust_mortgage_v2.py

26/06/2018 11:35:34 AM- root         - INFO     - Web-Scrapping Starting for bank: capital_one_deposits_v2.py

26/06/2018 11:35:34 AM- root         - INFO     - Web-Scrapping Starting for bank: Ally_deposits_v2.py

26/06/2018 11:35:34 AM- root         - INFO     - Web-Scrapping Starting for bank: Ally_mortgage_v2.py

26/06/2018 11:35:34 AM- root         - INFO     - Web-Scrapping Starting for bank: synchrony_deposits_new.py

26/06/2018 11:35:44 AM- root         - INFO     - Succesfully Web-Scrapping completed for bank: Ally_mortgage_v2.py

26/06/2018 11:35:44 AM- root         - INFO     - Web-Scrapping Starting for bank: citi_bank.py

26/06/2018 11:36:28 AM- root         - INFO     - Succesfully Web-Scrapping completed for bank: pnc_deposit.py

26/06/2018 11:36:28 AM- root         - INFO     - Succesfully Web-Scrapping completed for bank: suntrust_deposit_v2.py

26/06/2018 11:36:28 AM- root         - INFO     - Succesfully Web-Scrapping completed for bank: wellsfargo_mortgage_v2.py

26/06/2018 11:36:28 AM- root         - INFO     - Web-Scrapping Starting for bank: consolidated_BOA.py

26/06/2018 11:36:28 AM- root         - INFO     - Succesfully Web-Scrapping completed for bank: capital_one_deposits_v2.py

26/06/2018 11:36:28 AM- root         - INFO     - Web-Scrapping Starting for bank: citi_mortgage.py

26/06/2018 11:36:28 AM- root         - INFO     - Web-Scrapping Starting for bank: Consolidate_JPM_Data_Deposit_final.py

26/06/2018 11:36:28 AM- root         - INFO     - Web-Scrapping Starting for bank: Bank_of_america_mortgage_v2.py

26/06/2018 11:36:28 AM- root         - INFO     - Succesfully Web-Scrapping completed for bank: suntrust_mortgage_v2.py

26/06/2018 11:36:28 AM- root         - INFO     - Web-Scrapping Starting for bank: JPM_mortgage_v2.py

26/06/2018 11:36:28 AM- root         - INFO     - Succesfully Web-Scrapping completed for bank: wellsfargo_deposit_v2.py

26/06/2018 11:36:28 AM- root         - INFO     - Web-Scrapping Starting for bank: Us_Deposits.py

26/06/2018 11:36:42 AM- root         - INFO     - Succesfully Web-Scrapping completed for bank: Us_Deposits.py

26/06/2018 11:36:42 AM- root         - INFO     - Web-Scrapping Starting for bank: Us_Deposits_Mortgage.py

26/06/2018 11:36:52 AM- root         - INFO     - Succesfully Web-Scrapping completed for bank: synchrony_deposits_new.py

26/06/2018 11:36:52 AM- root         - INFO     - Succesfully Web-Scrapping completed for bank: Ally_deposits_v2.py

26/06/2018 11:36:52 AM- root         - INFO     - Succesfully Web-Scrapping completed for bank: pnc_mortgage_v2.py

26/06/2018 11:36:52 AM- root         - INFO     - Web-Scrapping Starting for bank: bankRate.py

26/06/2018 11:36:52 AM- root         - INFO     - Web-Scrapping Starting for bank: Deposits_account.py

26/06/2018 11:36:52 AM- root         - INFO     - Web-Scrapping Starting for bank: bankRate_Mortgage.py

26/06/2018 11:36:53 AM- root         - INFO     - Succesfully Web-Scrapping completed for bank: Us_Deposits_Mortgage.py

26/06/2018 11:36:53 AM- root         - INFO     - Web-Scrapping Starting for bank: MyBankTracker_Deposits.py

26/06/2018 11:37:01 AM- root         - INFO     - Succesfully Web-Scrapping completed for bank: MyBankTracker_Deposits.py

26/06/2018 11:37:01 AM- root         - INFO     - Web-Scrapping Starting for bank: MyBankTracker_Mortgage.py

26/06/2018 11:37:16 AM- root         - INFO     - Succesfully Web-Scrapping completed for bank: MyBankTracker_Mortgage.py

26/06/2018 11:37:16 AM- root         - INFO     - Web-Scrapping Starting for bank: Nerdwallet_Bank_Deposits.py

26/06/2018 11:37:44 AM- root         - INFO     - Succesfully Web-Scrapping completed for bank: Nerdwallet_Bank_Deposits.py

26/06/2018 11:38:53 AM- root         - INFO     - Succesfully Web-Scrapping completed for bank: citi_bank.py

26/06/2018 11:39:09 AM- root         - INFO     - Succesfully Web-Scrapping completed for bank: bankRate_Mortgage.py

26/06/2018 11:39:09 AM- root         - INFO     - Succesfully Web-Scrapping completed for bank: bankRate.py

26/06/2018 11:39:09 AM- root         - INFO     - Succesfully Web-Scrapping completed for bank: Deposits_account.py

26/06/2018 11:41:27 AM- root         - INFO     - Succesfully Web-Scrapping completed for bank: consolidated_BOA.py

26/06/2018 11:41:27 AM- root         - INFO     - Succesfully Web-Scrapping completed for bank: Consolidate_JPM_Data_Deposit_final.py

26/06/2018 11:41:27 AM- root         - INFO     - Succesfully Web-Scrapping completed for bank: citi_mortgage.py

26/06/2018 11:41:27 AM- root         - INFO     - Succesfully Web-Scrapping completed for bank: JPM_mortgage_v2.py

26/06/2018 11:41:27 AM- root         - INFO     - Succesfully Web-Scrapping completed for bank: Bank_of_america_mortgage_v2.py

26/06/2018 11:41:27 AM- root         - INFO     - Starting the program execution

26/06/2018 11:41:27 AM- root         - INFO     - Web-Scrapping Starting for bank: Final_Consolidation_Deposits.py

26/06/2018 11:41:43 AM- root         - INFO     - Succesfully Web-Scrapping completed for bank: Final_Consolidation_Deposits.py

26/06/2018 11:41:43 AM- root         - INFO     - Web-Scrapping Starting for bank: Final_Consolidation_MORTGAGE.py

26/06/2018 11:41:49 AM- root         - INFO     - Succesfully Web-Scrapping completed for bank: Final_Consolidation_MORTGAGE.py

26/06/2018 11:41:59 AM- root         - INFO     - Starting the program execution

26/06/2018 11:41:59 AM- root         - INFO     - Web-Scrapping Starting for bank: Aggregator_US_DEPOSIT.py

26/06/2018 11:42:19 AM- root         - INFO     - Succesfully Web-Scrapping completed for bank: Aggregator_US_DEPOSIT.py

26/06/2018 11:42:19 AM- root         - INFO     - Web-Scrapping Starting for bank: Aggregator_US_Mortgage.py

26/06/2018 11:42:21 AM- root         - INFO     - Succesfully Web-Scrapping completed for bank: Aggregator_US_Mortgage.py

26/06/2018 11:42:31 AM- root         - INFO     - Starting the program execution

26/06/2018 11:42:31 AM- root         - INFO     - Web-Scrapping Starting for bank: US_bank_agg.py

26/06/2018 11:42:32 AM- root         - INFO     - Succesfully Web-Scrapping completed for bank: US_bank_agg.py

26/06/2018 11:42:42 AM- root         - INFO     - Starting the program execution

26/06/2018 11:42:42 AM- root         - INFO     - Web-Scrapping Starting for bank: validation_checker_deposit.py

26/06/2018 11:42:43 AM- root         - INFO     - Succesfully Web-Scrapping completed for bank: validation_checker_deposit.py

26/06/2018 11:42:43 AM- root         - INFO     - Web-Scrapping Starting for bank: validation_checker_mortgage.py

26/06/2018 11:42:44 AM- root         - INFO     - Succesfully Web-Scrapping completed for bank: validation_checker_mortgage.py

26/06/2018 11:42:54 AM- root         - INFO     - Starting the program execution

26/06/2018 11:42:54 AM- root         - INFO     - Web-Scrapping Starting for bank: comparing_excel_deposits.py

26/06/2018 11:42:54 AM- root         - INFO     - Succesfully Web-Scrapping completed for bank: comparing_excel_deposits.py

26/06/2018 11:42:54 AM- root         - INFO     - Web-Scrapping Starting for bank: comparing_excel_mortgages.py

26/06/2018 11:42:55 AM- root         - INFO     - Succesfully Web-Scrapping completed for bank: comparing_excel_mortgages.py

