
Purpose     : Extract data for Us Banks

        #####################     Change log   ###############################
        ##------------------------------------------------------------------##
        ##  Author              ##Date                ##Current Version     ##
        ##------------------------------------------------------------------##
        ## Moody's Analytics    ##29th May,2018    ##V1.0                ##
        ##------------------------------------------------------------------##
        ######################################################################
        Date                   Version     Author      Description
        29th May,2018        v 0.1       Sairam      Initial development


19/06/2018 12:03:39 PM- root         - INFO     - Starting the program execution

19/06/2018 12:03:39 PM- root         - INFO     - Web-Scrapping Starting for bank: wellsfargo_deposit_v2.py

19/06/2018 12:03:39 PM- root         - INFO     - Web-Scrapping Starting for bank: wellsfargo_mortgage_v2.py

19/06/2018 12:03:39 PM- root         - INFO     - Web-Scrapping Starting for bank: pnc_mortgage_v2.py

19/06/2018 12:03:39 PM- root         - INFO     - Web-Scrapping Starting for bank: pnc_deposit.py

19/06/2018 12:03:39 PM- root         - INFO     - Web-Scrapping Starting for bank: suntrust_deposit_v2.py

19/06/2018 12:03:39 PM- root         - INFO     - Web-Scrapping Starting for bank: suntrust_mortgage_v2.py

19/06/2018 12:03:39 PM- root         - INFO     - Web-Scrapping Starting for bank: capital_one_deposits_v2.py

19/06/2018 12:03:39 PM- root         - INFO     - Web-Scrapping Starting for bank: Ally_deposits_v2.py

19/06/2018 12:03:39 PM- root         - INFO     - Web-Scrapping Starting for bank: Ally_mortgage_v2.py

19/06/2018 12:03:39 PM- root         - INFO     - Web-Scrapping Starting for bank: synchrony_deposits_new.py

19/06/2018 12:03:44 PM- root         - INFO     - Succesfully Web-Scrapping completed for bank: synchrony_deposits_new.py

19/06/2018 12:03:44 PM- root         - INFO     - Web-Scrapping Starting for bank: citi_bank.py

19/06/2018 12:03:53 PM- root         - INFO     - Succesfully Web-Scrapping completed for bank: Ally_mortgage_v2.py

19/06/2018 12:03:53 PM- root         - INFO     - Web-Scrapping Starting for bank: citi_mortgage.py

19/06/2018 12:04:50 PM- root         - INFO     - Succesfully Web-Scrapping completed for bank: capital_one_deposits_v2.py

19/06/2018 12:04:50 PM- root         - INFO     - Succesfully Web-Scrapping completed for bank: suntrust_mortgage_v2.py

19/06/2018 12:04:50 PM- root         - INFO     - Succesfully Web-Scrapping completed for bank: Ally_deposits_v2.py

19/06/2018 12:04:50 PM- root         - INFO     - Web-Scrapping Starting for bank: consolidated_BOA.py

19/06/2018 12:04:50 PM- root         - INFO     - Web-Scrapping Starting for bank: Bank_of_america_mortgage_v2.py

19/06/2018 12:04:50 PM- root         - INFO     - Web-Scrapping Starting for bank: Consolidate_JPM_Data_Deposit_final.py

19/06/2018 12:05:07 PM- root         - INFO     - Succesfully Web-Scrapping completed for bank: consolidated_BOA.py

19/06/2018 12:05:07 PM- root         - INFO     - Web-Scrapping Starting for bank: JPM_mortgage_v2.py

19/06/2018 12:05:07 PM- root         - INFO     - Succesfully Web-Scrapping completed for bank: Consolidate_JPM_Data_Deposit_final.py

19/06/2018 12:05:07 PM- root         - INFO     - Web-Scrapping Starting for bank: Us_Deposits.py

19/06/2018 12:05:07 PM- root         - INFO     - Succesfully Web-Scrapping completed for bank: Bank_of_america_mortgage_v2.py

19/06/2018 12:05:07 PM- root         - INFO     - Web-Scrapping Starting for bank: Us_Deposits_Mortgage.py

19/06/2018 12:05:07 PM- root         - INFO     - Succesfully Web-Scrapping completed for bank: pnc_mortgage_v2.py

19/06/2018 12:05:07 PM- root         - INFO     - Web-Scrapping Starting for bank: bankRate.py

19/06/2018 12:05:07 PM- root         - INFO     - Succesfully Web-Scrapping completed for bank: wellsfargo_deposit_v2.py

19/06/2018 12:05:07 PM- root         - INFO     - Succesfully Web-Scrapping completed for bank: suntrust_deposit_v2.py

19/06/2018 12:05:07 PM- root         - INFO     - Succesfully Web-Scrapping completed for bank: pnc_deposit.py

19/06/2018 12:05:07 PM- root         - INFO     - Web-Scrapping Starting for bank: Deposits_account.py

19/06/2018 12:05:07 PM- root         - INFO     - Web-Scrapping Starting for bank: bankRate_Mortgage.py

19/06/2018 12:05:07 PM- root         - INFO     - Web-Scrapping Starting for bank: MyBankTracker_Deposits.py

19/06/2018 12:05:07 PM- root         - INFO     - Succesfully Web-Scrapping completed for bank: wellsfargo_mortgage_v2.py

19/06/2018 12:05:07 PM- root         - INFO     - Web-Scrapping Starting for bank: MyBankTracker_Mortgage.py

19/06/2018 12:05:20 PM- root         - INFO     - Succesfully Web-Scrapping completed for bank: Us_Deposits_Mortgage.py

19/06/2018 12:05:20 PM- root         - INFO     - Web-Scrapping Starting for bank: Nerdwallet_Bank_Deposits.py

19/06/2018 12:05:30 PM- root         - INFO     - Succesfully Web-Scrapping completed for bank: MyBankTracker_Mortgage.py

19/06/2018 12:05:55 PM- root         - INFO     - Succesfully Web-Scrapping completed for bank: Nerdwallet_Bank_Deposits.py

19/06/2018 12:06:04 PM- root         - INFO     - Succesfully Web-Scrapping completed for bank: citi_bank.py

19/06/2018 12:06:41 PM- root         - INFO     - Succesfully Web-Scrapping completed for bank: MyBankTracker_Deposits.py

19/06/2018 12:06:41 PM- root         - INFO     - Succesfully Web-Scrapping completed for bank: bankRate_Mortgage.py

19/06/2018 12:07:09 PM- root         - INFO     - Succesfully Web-Scrapping completed for bank: Deposits_account.py

19/06/2018 12:07:09 PM- root         - INFO     - Succesfully Web-Scrapping completed for bank: bankRate.py

19/06/2018 12:07:25 PM- root         - INFO     - Succesfully Web-Scrapping completed for bank: Us_Deposits.py

19/06/2018 12:07:25 PM- root         - INFO     - Succesfully Web-Scrapping completed for bank: JPM_mortgage_v2.py

19/06/2018 12:08:39 PM- root         - INFO     - Succesfully Web-Scrapping completed for bank: citi_mortgage.py

19/06/2018 12:08:39 PM- root         - INFO     - Starting the program execution

19/06/2018 12:08:39 PM- root         - INFO     - Web-Scrapping Starting for bank: Final_Consolidation_Deposits.py

19/06/2018 12:08:54 PM- root         - INFO     - Succesfully Web-Scrapping completed for bank: Final_Consolidation_Deposits.py

19/06/2018 12:08:54 PM- root         - INFO     - Web-Scrapping Starting for bank: Final_Consolidation_MORTGAGE.py

19/06/2018 12:08:59 PM- root         - INFO     - Succesfully Web-Scrapping completed for bank: Final_Consolidation_MORTGAGE.py

19/06/2018 12:09:09 PM- root         - INFO     - Starting the program execution

19/06/2018 12:09:09 PM- root         - INFO     - Web-Scrapping Starting for bank: Aggregator_US_DEPOSIT.py

19/06/2018 12:09:26 PM- root         - INFO     - Succesfully Web-Scrapping completed for bank: Aggregator_US_DEPOSIT.py

19/06/2018 12:09:26 PM- root         - INFO     - Web-Scrapping Starting for bank: Aggregator_US_Mortgage.py

19/06/2018 12:09:28 PM- root         - INFO     - Succesfully Web-Scrapping completed for bank: Aggregator_US_Mortgage.py

19/06/2018 12:09:38 PM- root         - INFO     - Starting the program execution

19/06/2018 12:09:38 PM- root         - INFO     - Web-Scrapping Starting for bank: US_bank_agg.py

19/06/2018 12:09:39 PM- root         - INFO     - Succesfully Web-Scrapping completed for bank: US_bank_agg.py

19/06/2018 12:09:49 PM- root         - INFO     - Starting the program execution

19/06/2018 12:09:49 PM- root         - INFO     - Web-Scrapping Starting for bank: validation_checker_deposit.py

19/06/2018 12:09:49 PM- root         - INFO     - Succesfully Web-Scrapping completed for bank: validation_checker_deposit.py

19/06/2018 12:09:49 PM- root         - INFO     - Web-Scrapping Starting for bank: validation_checker_mortgage.py

19/06/2018 12:09:50 PM- root         - INFO     - Succesfully Web-Scrapping completed for bank: validation_checker_mortgage.py

19/06/2018 12:10:00 PM- root         - INFO     - Starting the program execution

19/06/2018 12:10:00 PM- root         - INFO     - Web-Scrapping Starting for bank: comparing_excel_deposits.py

19/06/2018 12:10:01 PM- root         - INFO     - Succesfully Web-Scrapping completed for bank: comparing_excel_deposits.py

19/06/2018 12:10:01 PM- root         - INFO     - Web-Scrapping Starting for bank: comparing_excel_mortgages.py

19/06/2018 12:10:01 PM- root         - INFO     - Succesfully Web-Scrapping completed for bank: comparing_excel_mortgages.py

