
Purpose     : Extract data for Us Banks

        #####################     Change log   ###############################
        ##------------------------------------------------------------------##
        ##  Author              ##Date                ##Current Version     ##
        ##------------------------------------------------------------------##
        ## Moody's Analytics    ##29th May,2018    ##V1.0                ##
        ##------------------------------------------------------------------##
        ######################################################################
        Date                   Version     Author      Description
        29th May,2018        v 0.1       Sairam      Initial development


18/09/2018 12:01:41 PM- root         - INFO     - Starting the program execution

18/09/2018 12:01:41 PM- root         - INFO     - Web-Scrapping Starting for bank: wellsfargo_deposit_v2.py

18/09/2018 12:01:41 PM- root         - INFO     - Web-Scrapping Starting for bank: wellsfargo_mortgage_v2.py

18/09/2018 12:01:41 PM- root         - INFO     - Web-Scrapping Starting for bank: pnc_mortgage_v2.py

18/09/2018 12:01:41 PM- root         - INFO     - Web-Scrapping Starting for bank: pnc_deposit.py

18/09/2018 12:01:41 PM- root         - INFO     - Web-Scrapping Starting for bank: suntrust_deposit_v2.py

18/09/2018 12:01:41 PM- root         - INFO     - Web-Scrapping Starting for bank: suntrust_mortgage_v2.py

18/09/2018 12:01:41 PM- root         - INFO     - Web-Scrapping Starting for bank: capital_one_deposits_v2.py

18/09/2018 12:01:41 PM- root         - INFO     - Web-Scrapping Starting for bank: Ally_deposits_v2.py

18/09/2018 12:01:41 PM- root         - INFO     - Web-Scrapping Starting for bank: Ally_mortgage_v2.py

18/09/2018 12:01:41 PM- root         - INFO     - Web-Scrapping Starting for bank: synchrony_deposits_new.py

18/09/2018 12:01:47 PM- root         - INFO     - Succesfully Web-Scrapping completed for bank: synchrony_deposits_new.py

18/09/2018 12:01:47 PM- root         - INFO     - Web-Scrapping Starting for bank: citi_bank_v2.py

18/09/2018 12:01:49 PM- root         - INFO     - Succesfully Web-Scrapping completed for bank: Ally_mortgage_v2.py

18/09/2018 12:01:49 PM- root         - INFO     - Web-Scrapping Starting for bank: citi_mortgage.py

18/09/2018 12:02:52 PM- root         - INFO     - Succesfully Web-Scrapping completed for bank: wellsfargo_deposit_v2.py

18/09/2018 12:02:52 PM- root         - INFO     - Web-Scrapping Starting for bank: consolidated_BOA.py

18/09/2018 12:02:52 PM- root         - INFO     - Succesfully Web-Scrapping completed for bank: wellsfargo_mortgage_v2.py

18/09/2018 12:02:52 PM- root         - INFO     - Succesfully Web-Scrapping completed for bank: suntrust_mortgage_v2.py

18/09/2018 12:02:52 PM- root         - INFO     - Succesfully Web-Scrapping completed for bank: pnc_deposit.py

18/09/2018 12:02:52 PM- root         - INFO     - Succesfully Web-Scrapping completed for bank: capital_one_deposits_v2.py

18/09/2018 12:02:52 PM- root         - INFO     - Web-Scrapping Starting for bank: Bank_of_america_mortgage_v2.py

18/09/2018 12:02:52 PM- root         - INFO     - Succesfully Web-Scrapping completed for bank: pnc_mortgage_v2.py

18/09/2018 12:02:52 PM- root         - INFO     - Web-Scrapping Starting for bank: Consolidate_JPM_Data_Deposit_final.py

18/09/2018 12:02:52 PM- root         - INFO     - Succesfully Web-Scrapping completed for bank: Ally_deposits_v2.py

18/09/2018 12:02:52 PM- root         - INFO     - Web-Scrapping Starting for bank: JPM_mortgage_v2.py

18/09/2018 12:02:52 PM- root         - INFO     - Succesfully Web-Scrapping completed for bank: suntrust_deposit_v2.py

18/09/2018 12:02:52 PM- root         - INFO     - Web-Scrapping Starting for bank: bankRate_Mortgage_v2.py

18/09/2018 12:02:52 PM- root         - INFO     - Web-Scrapping Starting for bank: Us_Deposits_Mortgage.py

18/09/2018 12:02:52 PM- root         - INFO     - Web-Scrapping Starting for bank: Us_Deposits.py

18/09/2018 12:02:52 PM- root         - INFO     - Web-Scrapping Starting for bank: bankRate.py

18/09/2018 12:03:35 PM- root         - INFO     - Succesfully Web-Scrapping completed for bank: citi_bank_v2.py

18/09/2018 12:03:35 PM- root         - INFO     - Web-Scrapping Starting for bank: Deposits_account.py

18/09/2018 12:03:50 PM- root         - INFO     - Succesfully Web-Scrapping completed for bank: Deposits_account.py

18/09/2018 12:03:50 PM- root         - INFO     - Web-Scrapping Starting for bank: MyBankTracker_Deposits.py

18/09/2018 12:03:54 PM- root         - INFO     - Succesfully Web-Scrapping completed for bank: MyBankTracker_Deposits.py

18/09/2018 12:03:54 PM- root         - INFO     - Web-Scrapping Starting for bank: MyBankTracker_Mortgage.py

18/09/2018 12:04:08 PM- root         - INFO     - Succesfully Web-Scrapping completed for bank: MyBankTracker_Mortgage.py

18/09/2018 12:04:08 PM- root         - INFO     - Web-Scrapping Starting for bank: Nerdwallet_Bank_Deposits.py

18/09/2018 12:04:34 PM- root         - INFO     - Succesfully Web-Scrapping completed for bank: Nerdwallet_Bank_Deposits.py

18/09/2018 12:06:03 PM- root         - INFO     - Succesfully Web-Scrapping completed for bank: Us_Deposits_Mortgage.py

18/09/2018 12:06:03 PM- root         - INFO     - Succesfully Web-Scrapping completed for bank: bankRate.py

18/09/2018 12:06:03 PM- root         - INFO     - Succesfully Web-Scrapping completed for bank: Us_Deposits.py

18/09/2018 12:07:03 PM- root         - INFO     - Succesfully Web-Scrapping completed for bank: citi_mortgage.py

