
Purpose     : Extract data for Us Banks

        #####################     Change log   ###############################
        ##------------------------------------------------------------------##
        ##  Author              ##Date                ##Current Version     ##
        ##------------------------------------------------------------------##
        ## Moody's Analytics    ##29th May,2018    ##V1.0                ##
        ##------------------------------------------------------------------##
        ######################################################################
        Date                   Version     Author      Description
        29th May,2018        v 0.1       Sairam      Initial development


30/05/2018 12:16:31 PM- root         - INFO     - Starting the program execution

30/05/2018 12:16:31 PM- root         - INFO     - Web-Scrapping Starting for bank: wellsfargo_deposit_v2.py

30/05/2018 12:16:31 PM- root         - INFO     - Web-Scrapping Starting for bank: wellsfargo_mortgage_v2.py

30/05/2018 12:16:31 PM- root         - INFO     - Web-Scrapping Starting for bank: pnc_mortgage_v2.py

30/05/2018 12:16:31 PM- root         - INFO     - Web-Scrapping Starting for bank: pnc_deposit.py

30/05/2018 12:16:31 PM- root         - INFO     - Web-Scrapping Starting for bank: suntrust_deposit_v2.py

30/05/2018 12:16:31 PM- root         - INFO     - Web-Scrapping Starting for bank: suntrust_mortgage_v2.py

30/05/2018 12:16:31 PM- root         - INFO     - Web-Scrapping Starting for bank: capital_one_deposits_v2.py

30/05/2018 12:16:31 PM- root         - INFO     - Web-Scrapping Starting for bank: Ally_deposits_v2.py

30/05/2018 12:16:31 PM- root         - INFO     - Web-Scrapping Starting for bank: Ally_mortgage_v2.py

30/05/2018 12:16:31 PM- root         - INFO     - Web-Scrapping Starting for bank: synchrony_deposits_new.py

30/05/2018 12:16:37 PM- root         - INFO     - Succesfully Web-Scrapping completed for bank: synchrony_deposits_new.py

30/05/2018 12:16:37 PM- root         - INFO     - Web-Scrapping Starting for bank: citi_bank.py

30/05/2018 12:16:38 PM- root         - INFO     - Succesfully Web-Scrapping completed for bank: Ally_mortgage_v2.py

30/05/2018 12:16:38 PM- root         - INFO     - Web-Scrapping Starting for bank: citi_mortgage.py

30/05/2018 12:17:04 PM- root         - INFO     - Succesfully Web-Scrapping completed for bank: pnc_deposit.py

30/05/2018 12:17:04 PM- root         - INFO     - Succesfully Web-Scrapping completed for bank: wellsfargo_mortgage_v2.py

30/05/2018 12:17:04 PM- root         - INFO     - Succesfully Web-Scrapping completed for bank: pnc_mortgage_v2.py

30/05/2018 12:17:04 PM- root         - INFO     - Succesfully Web-Scrapping completed for bank: wellsfargo_deposit_v2.py

30/05/2018 12:17:04 PM- root         - INFO     - Web-Scrapping Starting for bank: consolidated_BOA.py

30/05/2018 12:17:04 PM- root         - INFO     - Web-Scrapping Starting for bank: Bank_of_america_mortgage_v2.py

30/05/2018 12:17:04 PM- root         - INFO     - Web-Scrapping Starting for bank: Consolidate_JPM_Data_Deposit_final.py

30/05/2018 12:17:04 PM- root         - INFO     - Web-Scrapping Starting for bank: JPM_mortgage_v2.py

30/05/2018 12:17:29 PM- root         - INFO     - Succesfully Web-Scrapping completed for bank: suntrust_deposit_v2.py

30/05/2018 12:17:29 PM- root         - INFO     - Succesfully Web-Scrapping completed for bank: suntrust_mortgage_v2.py

30/05/2018 12:17:29 PM- root         - INFO     - Web-Scrapping Starting for bank: Us_Deposits.py

30/05/2018 12:17:29 PM- root         - INFO     - Web-Scrapping Starting for bank: Us_Deposits_Mortgage.py

30/05/2018 12:17:40 PM- root         - INFO     - Succesfully Web-Scrapping completed for bank: Us_Deposits.py

30/05/2018 12:17:40 PM- root         - INFO     - Succesfully Web-Scrapping completed for bank: Us_Deposits_Mortgage.py

30/05/2018 12:17:40 PM- root         - INFO     - Web-Scrapping Starting for bank: bankRate.py

30/05/2018 12:17:40 PM- root         - INFO     - Web-Scrapping Starting for bank: bankRate_Mortgage.py

30/05/2018 12:18:01 PM- root         - INFO     - Succesfully Web-Scrapping completed for bank: Ally_deposits_v2.py

30/05/2018 12:18:01 PM- root         - INFO     - Web-Scrapping Starting for bank: Deposits_account.py

30/05/2018 12:18:01 PM- root         - INFO     - Succesfully Web-Scrapping completed for bank: capital_one_deposits_v2.py

30/05/2018 12:18:01 PM- root         - INFO     - Web-Scrapping Starting for bank: MyBankTracker_Deposits.py

30/05/2018 12:18:21 PM- root         - INFO     - Succesfully Web-Scrapping completed for bank: MyBankTracker_Deposits.py

30/05/2018 12:18:21 PM- root         - INFO     - Succesfully Web-Scrapping completed for bank: Deposits_account.py

30/05/2018 12:18:21 PM- root         - INFO     - Web-Scrapping Starting for bank: MyBankTracker_Mortgage.py

30/05/2018 12:18:21 PM- root         - INFO     - Web-Scrapping Starting for bank: Nerdwallet_Bank_Deposits.py

30/05/2018 12:18:45 PM- root         - INFO     - Succesfully Web-Scrapping completed for bank: consolidated_BOA.py

30/05/2018 12:18:45 PM- root         - INFO     - Succesfully Web-Scrapping completed for bank: Bank_of_america_mortgage_v2.py

30/05/2018 12:18:45 PM- root         - INFO     - Succesfully Web-Scrapping completed for bank: Consolidate_JPM_Data_Deposit_final.py

30/05/2018 12:18:45 PM- root         - INFO     - Succesfully Web-Scrapping completed for bank: JPM_mortgage_v2.py

30/05/2018 12:18:52 PM- root         - INFO     - Succesfully Web-Scrapping completed for bank: MyBankTracker_Mortgage.py

30/05/2018 12:18:52 PM- root         - INFO     - Succesfully Web-Scrapping completed for bank: Nerdwallet_Bank_Deposits.py

30/05/2018 12:19:13 PM- root         - INFO     - Succesfully Web-Scrapping completed for bank: bankRate.py

30/05/2018 12:19:13 PM- root         - INFO     - Succesfully Web-Scrapping completed for bank: bankRate_Mortgage.py

30/05/2018 12:19:14 PM- root         - INFO     - Succesfully Web-Scrapping completed for bank: citi_bank.py

30/05/2018 12:21:24 PM- root         - INFO     - Succesfully Web-Scrapping completed for bank: citi_mortgage.py

30/05/2018 12:21:24 PM- root         - INFO     - Starting the program execution

30/05/2018 12:21:24 PM- root         - INFO     - Web-Scrapping Starting for bank: Final_Consolidation_Deposits.py

30/05/2018 12:21:40 PM- root         - INFO     - Succesfully Web-Scrapping completed for bank: Final_Consolidation_Deposits.py

30/05/2018 12:21:40 PM- root         - INFO     - Web-Scrapping Starting for bank: Final_Consolidation_MORTGAGE.py

30/05/2018 12:21:44 PM- root         - INFO     - Succesfully Web-Scrapping completed for bank: Final_Consolidation_MORTGAGE.py

30/05/2018 12:21:44 PM- root         - INFO     - Starting the program execution

30/05/2018 12:21:44 PM- root         - INFO     - Web-Scrapping Starting for bank: Aggregator_US_DEPOSIT.py

30/05/2018 12:22:00 PM- root         - INFO     - Succesfully Web-Scrapping completed for bank: Aggregator_US_DEPOSIT.py

30/05/2018 12:22:00 PM- root         - INFO     - Web-Scrapping Starting for bank: Aggregator_US_Mortgage.py

30/05/2018 12:22:02 PM- root         - INFO     - Succesfully Web-Scrapping completed for bank: Aggregator_US_Mortgage.py

30/05/2018 12:22:02 PM- root         - INFO     - Starting the program execution

30/05/2018 12:22:02 PM- root         - INFO     - Web-Scrapping Starting for bank: US_bank_agg.py

30/05/2018 12:22:03 PM- root         - INFO     - Succesfully Web-Scrapping completed for bank: US_bank_agg.py

