
Purpose     : Extract data for Us Banks

        #####################     Change log   ###############################
        ##------------------------------------------------------------------##
        ##  Author              ##Date                ##Current Version     ##
        ##------------------------------------------------------------------##
        ## Moody's Analytics    ##29th May,2018    ##V1.0                ##
        ##------------------------------------------------------------------##
        ######################################################################
        Date                   Version     Author      Description
        29th May,2018        v 0.1       Sairam      Initial development


27/07/2018 11:19:45 AM- root         - INFO     - Starting the program execution

27/07/2018 11:19:45 AM- root         - INFO     - Web-Scrapping Starting for bank: wellsfargo_deposit_v2.py

27/07/2018 11:19:45 AM- root         - INFO     - Web-Scrapping Starting for bank: wellsfargo_mortgage_v2.py

27/07/2018 11:19:45 AM- root         - INFO     - Web-Scrapping Starting for bank: pnc_mortgage_v2.py

27/07/2018 11:19:45 AM- root         - INFO     - Web-Scrapping Starting for bank: pnc_deposit.py

27/07/2018 11:19:45 AM- root         - INFO     - Web-Scrapping Starting for bank: suntrust_deposit_v2.py

27/07/2018 11:19:45 AM- root         - INFO     - Web-Scrapping Starting for bank: suntrust_mortgage_v2.py

27/07/2018 11:19:45 AM- root         - INFO     - Web-Scrapping Starting for bank: capital_one_deposits_v2.py

27/07/2018 11:19:45 AM- root         - INFO     - Web-Scrapping Starting for bank: Ally_deposits_v2.py

27/07/2018 11:19:45 AM- root         - INFO     - Web-Scrapping Starting for bank: Ally_mortgage_v2.py

27/07/2018 11:19:45 AM- root         - INFO     - Web-Scrapping Starting for bank: synchrony_deposits_new.py

27/07/2018 11:19:57 AM- root         - INFO     - Succesfully Web-Scrapping completed for bank: pnc_deposit.py

27/07/2018 11:19:57 AM- root         - INFO     - Succesfully Web-Scrapping completed for bank: suntrust_deposit_v2.py

27/07/2018 11:19:57 AM- root         - INFO     - Web-Scrapping Starting for bank: citi_bank_v2.py

27/07/2018 11:19:57 AM- root         - INFO     - Web-Scrapping Starting for bank: citi_mortgage.py

27/07/2018 11:20:23 AM- root         - INFO     - Succesfully Web-Scrapping completed for bank: wellsfargo_deposit_v2.py

27/07/2018 11:20:23 AM- root         - INFO     - Succesfully Web-Scrapping completed for bank: pnc_mortgage_v2.py

27/07/2018 11:20:23 AM- root         - INFO     - Web-Scrapping Starting for bank: consolidated_BOA.py

27/07/2018 11:20:23 AM- root         - INFO     - Web-Scrapping Starting for bank: Bank_of_america_mortgage_v2.py

27/07/2018 11:21:51 AM- root         - INFO     - Succesfully Web-Scrapping completed for bank: Bank_of_america_mortgage_v2.py

27/07/2018 11:21:51 AM- root         - INFO     - Succesfully Web-Scrapping completed for bank: consolidated_BOA.py

27/07/2018 11:21:51 AM- root         - INFO     - Web-Scrapping Starting for bank: Consolidate_JPM_Data_Deposit_final.py

27/07/2018 11:21:51 AM- root         - INFO     - Web-Scrapping Starting for bank: JPM_mortgage_v2.py

27/07/2018 11:22:12 AM- root         - INFO     - Succesfully Web-Scrapping completed for bank: wellsfargo_mortgage_v2.py

27/07/2018 11:22:12 AM- root         - INFO     - Succesfully Web-Scrapping completed for bank: capital_one_deposits_v2.py

27/07/2018 11:22:12 AM- root         - INFO     - Web-Scrapping Starting for bank: Us_Deposits.py

27/07/2018 11:22:12 AM- root         - INFO     - Succesfully Web-Scrapping completed for bank: Ally_mortgage_v2.py

27/07/2018 11:22:12 AM- root         - INFO     - Succesfully Web-Scrapping completed for bank: Ally_deposits_v2.py

27/07/2018 11:22:12 AM- root         - INFO     - Succesfully Web-Scrapping completed for bank: suntrust_mortgage_v2.py

27/07/2018 11:22:12 AM- root         - INFO     - Web-Scrapping Starting for bank: Deposits_account.py

27/07/2018 11:22:12 AM- root         - INFO     - Web-Scrapping Starting for bank: Us_Deposits_Mortgage.py

27/07/2018 11:22:12 AM- root         - INFO     - Web-Scrapping Starting for bank: bankRate.py

27/07/2018 11:22:12 AM- root         - INFO     - Web-Scrapping Starting for bank: bankRate_Mortgage.py

27/07/2018 11:22:12 AM- root         - INFO     - Succesfully Web-Scrapping completed for bank: synchrony_deposits_new.py

27/07/2018 11:22:12 AM- root         - INFO     - Web-Scrapping Starting for bank: MyBankTracker_Deposits.py

27/07/2018 11:22:18 AM- root         - INFO     - Succesfully Web-Scrapping completed for bank: Us_Deposits.py

27/07/2018 11:22:18 AM- root         - INFO     - Web-Scrapping Starting for bank: MyBankTracker_Mortgage.py

27/07/2018 11:22:33 AM- root         - INFO     - Succesfully Web-Scrapping completed for bank: MyBankTracker_Mortgage.py

27/07/2018 11:22:33 AM- root         - INFO     - Web-Scrapping Starting for bank: Nerdwallet_Bank_Deposits.py

27/07/2018 11:22:49 AM- root         - ERROR    - Got: Error for bank: Nerdwallet_Bank_Deposits.py

27/07/2018 11:24:20 AM- root         - INFO     - Succesfully Web-Scrapping completed for bank: Consolidate_JPM_Data_Deposit_final.py

27/07/2018 11:24:20 AM- root         - INFO     - Succesfully Web-Scrapping completed for bank: JPM_mortgage_v2.py

27/07/2018 11:24:22 AM- root         - INFO     - Succesfully Web-Scrapping completed for bank: MyBankTracker_Deposits.py

27/07/2018 11:24:22 AM- root         - INFO     - Succesfully Web-Scrapping completed for bank: Us_Deposits_Mortgage.py

27/07/2018 11:24:22 AM- root         - INFO     - Succesfully Web-Scrapping completed for bank: Deposits_account.py

27/07/2018 11:24:22 AM- root         - INFO     - Succesfully Web-Scrapping completed for bank: bankRate_Mortgage.py

27/07/2018 11:24:35 AM- root         - INFO     - Succesfully Web-Scrapping completed for bank: bankRate.py

27/07/2018 11:25:46 AM- root         - INFO     - Succesfully Web-Scrapping completed for bank: citi_bank_v2.py

27/07/2018 11:25:46 AM- root         - INFO     - Succesfully Web-Scrapping completed for bank: citi_mortgage.py

27/07/2018 11:25:46 AM- root         - INFO     - Starting the program execution

27/07/2018 11:25:46 AM- root         - INFO     - Web-Scrapping Starting for bank: Final_Consolidation_Deposits.py

27/07/2018 11:26:21 AM- root         - INFO     - Succesfully Web-Scrapping completed for bank: Final_Consolidation_Deposits.py

27/07/2018 11:26:21 AM- root         - INFO     - Web-Scrapping Starting for bank: Final_Consolidation_MORTGAGE.py

27/07/2018 11:26:32 AM- root         - INFO     - Succesfully Web-Scrapping completed for bank: Final_Consolidation_MORTGAGE.py

27/07/2018 11:26:42 AM- root         - INFO     - Starting the program execution

27/07/2018 11:26:42 AM- root         - INFO     - Web-Scrapping Starting for bank: Aggregator_US_DEPOSIT.py

27/07/2018 11:27:18 AM- root         - INFO     - Succesfully Web-Scrapping completed for bank: Aggregator_US_DEPOSIT.py

27/07/2018 11:27:18 AM- root         - INFO     - Web-Scrapping Starting for bank: Aggregator_US_Mortgage.py

27/07/2018 11:27:21 AM- root         - INFO     - Succesfully Web-Scrapping completed for bank: Aggregator_US_Mortgage.py

27/07/2018 11:27:31 AM- root         - INFO     - Starting the program execution

27/07/2018 11:27:31 AM- root         - INFO     - Web-Scrapping Starting for bank: US_bank_agg.py

27/07/2018 11:27:32 AM- root         - INFO     - Succesfully Web-Scrapping completed for bank: US_bank_agg.py

27/07/2018 11:27:42 AM- root         - INFO     - Starting the program execution

27/07/2018 11:27:42 AM- root         - INFO     - Web-Scrapping Starting for bank: validation_checker_deposit.py

27/07/2018 11:27:43 AM- root         - INFO     - Succesfully Web-Scrapping completed for bank: validation_checker_deposit.py

27/07/2018 11:27:43 AM- root         - INFO     - Web-Scrapping Starting for bank: validation_checker_mortgage.py

27/07/2018 11:27:44 AM- root         - INFO     - Succesfully Web-Scrapping completed for bank: validation_checker_mortgage.py

27/07/2018 11:27:54 AM- root         - INFO     - Starting the program execution

27/07/2018 11:27:54 AM- root         - INFO     - Web-Scrapping Starting for bank: comparing_excel_deposits.py

27/07/2018 11:27:54 AM- root         - INFO     - Succesfully Web-Scrapping completed for bank: comparing_excel_deposits.py

27/07/2018 11:27:54 AM- root         - INFO     - Web-Scrapping Starting for bank: comparing_excel_mortgages.py

27/07/2018 11:27:54 AM- root         - INFO     - Succesfully Web-Scrapping completed for bank: comparing_excel_mortgages.py

