
Purpose     : Extract data for Us Banks

        #####################     Change log   ###############################
        ##------------------------------------------------------------------##
        ##  Author              ##Date                ##Current Version     ##
        ##------------------------------------------------------------------##
        ## Moody's Analytics    ##29th May,2018    ##V1.0                ##
        ##------------------------------------------------------------------##
        ######################################################################
        Date                   Version     Author      Description
        29th May,2018        v 0.1       Sairam      Initial development


10/08/2018 11:34:34 AM- root         - INFO     - Starting the program execution

10/08/2018 11:34:34 AM- root         - INFO     - Web-Scrapping Starting for bank: wellsfargo_deposit_v2.py

10/08/2018 11:34:34 AM- root         - INFO     - Web-Scrapping Starting for bank: wellsfargo_mortgage_v2.py

10/08/2018 11:34:34 AM- root         - INFO     - Web-Scrapping Starting for bank: pnc_mortgage_v2.py

10/08/2018 11:34:34 AM- root         - INFO     - Web-Scrapping Starting for bank: pnc_deposit.py

10/08/2018 11:34:34 AM- root         - INFO     - Web-Scrapping Starting for bank: suntrust_deposit_v2.py

10/08/2018 11:34:34 AM- root         - INFO     - Web-Scrapping Starting for bank: suntrust_mortgage_v2.py

10/08/2018 11:34:34 AM- root         - INFO     - Web-Scrapping Starting for bank: capital_one_deposits_v2.py

10/08/2018 11:34:34 AM- root         - INFO     - Web-Scrapping Starting for bank: Ally_deposits_v2.py

10/08/2018 11:34:34 AM- root         - INFO     - Web-Scrapping Starting for bank: Ally_mortgage_v2.py

10/08/2018 11:34:34 AM- root         - INFO     - Web-Scrapping Starting for bank: synchrony_deposits_new.py

10/08/2018 11:34:39 AM- root         - INFO     - Succesfully Web-Scrapping completed for bank: synchrony_deposits_new.py

10/08/2018 11:34:39 AM- root         - INFO     - Web-Scrapping Starting for bank: citi_bank_v2.py

10/08/2018 11:34:42 AM- root         - INFO     - Succesfully Web-Scrapping completed for bank: Ally_mortgage_v2.py

10/08/2018 11:34:42 AM- root         - INFO     - Web-Scrapping Starting for bank: citi_mortgage.py

10/08/2018 11:35:34 AM- root         - INFO     - Succesfully Web-Scrapping completed for bank: wellsfargo_deposit_v2.py

10/08/2018 11:35:34 AM- root         - INFO     - Succesfully Web-Scrapping completed for bank: pnc_mortgage_v2.py

10/08/2018 11:35:34 AM- root         - INFO     - Succesfully Web-Scrapping completed for bank: wellsfargo_mortgage_v2.py

10/08/2018 11:35:34 AM- root         - INFO     - Succesfully Web-Scrapping completed for bank: capital_one_deposits_v2.py

10/08/2018 11:35:34 AM- root         - INFO     - Web-Scrapping Starting for bank: consolidated_BOA.py

10/08/2018 11:35:34 AM- root         - INFO     - Succesfully Web-Scrapping completed for bank: suntrust_deposit_v2.py

10/08/2018 11:35:34 AM- root         - INFO     - Web-Scrapping Starting for bank: Us_Deposits.py

10/08/2018 11:35:34 AM- root         - INFO     - Succesfully Web-Scrapping completed for bank: suntrust_mortgage_v2.py

10/08/2018 11:35:34 AM- root         - INFO     - Succesfully Web-Scrapping completed for bank: pnc_deposit.py

10/08/2018 11:35:34 AM- root         - INFO     - Web-Scrapping Starting for bank: Consolidate_JPM_Data_Deposit_final.py

10/08/2018 11:35:34 AM- root         - INFO     - Web-Scrapping Starting for bank: JPM_mortgage_v2.py

10/08/2018 11:35:34 AM- root         - INFO     - Web-Scrapping Starting for bank: Bank_of_america_mortgage_v2.py

10/08/2018 11:35:34 AM- root         - INFO     - Web-Scrapping Starting for bank: Us_Deposits_Mortgage.py

10/08/2018 11:35:34 AM- root         - INFO     - Web-Scrapping Starting for bank: bankRate.py

10/08/2018 11:35:59 AM- root         - INFO     - Succesfully Web-Scrapping completed for bank: Ally_deposits_v2.py

10/08/2018 11:35:59 AM- root         - INFO     - Web-Scrapping Starting for bank: bankRate_Mortgage.py

10/08/2018 11:36:00 AM- root         - ERROR    - Got: Error for bank: bankRate_Mortgage.py

10/08/2018 11:36:00 AM- root         - INFO     - Web-Scrapping Starting for bank: Deposits_account.py

10/08/2018 11:36:04 AM- root         - INFO     - Succesfully Web-Scrapping completed for bank: citi_bank_v2.py

10/08/2018 11:36:04 AM- root         - INFO     - Web-Scrapping Starting for bank: MyBankTracker_Deposits.py

10/08/2018 11:36:11 AM- root         - INFO     - Succesfully Web-Scrapping completed for bank: MyBankTracker_Deposits.py

10/08/2018 11:36:11 AM- root         - INFO     - Web-Scrapping Starting for bank: MyBankTracker_Mortgage.py

10/08/2018 11:36:14 AM- root         - INFO     - Succesfully Web-Scrapping completed for bank: Deposits_account.py

10/08/2018 11:36:14 AM- root         - INFO     - Web-Scrapping Starting for bank: Nerdwallet_Bank_Deposits.py

10/08/2018 11:36:25 AM- root         - INFO     - Succesfully Web-Scrapping completed for bank: MyBankTracker_Mortgage.py

10/08/2018 11:36:43 AM- root         - INFO     - Succesfully Web-Scrapping completed for bank: Nerdwallet_Bank_Deposits.py

10/08/2018 11:38:29 AM- root         - INFO     - Succesfully Web-Scrapping completed for bank: JPM_mortgage_v2.py

10/08/2018 11:38:29 AM- root         - INFO     - Succesfully Web-Scrapping completed for bank: bankRate.py

10/08/2018 11:38:29 AM- root         - INFO     - Succesfully Web-Scrapping completed for bank: Us_Deposits.py

10/08/2018 11:38:29 AM- root         - INFO     - Succesfully Web-Scrapping completed for bank: consolidated_BOA.py

10/08/2018 11:38:29 AM- root         - INFO     - Succesfully Web-Scrapping completed for bank: Us_Deposits_Mortgage.py

10/08/2018 11:38:29 AM- root         - INFO     - Succesfully Web-Scrapping completed for bank: Consolidate_JPM_Data_Deposit_final.py

10/08/2018 11:38:29 AM- root         - INFO     - Succesfully Web-Scrapping completed for bank: Bank_of_america_mortgage_v2.py

10/08/2018 11:39:25 AM- root         - INFO     - Succesfully Web-Scrapping completed for bank: citi_mortgage.py

10/08/2018 11:39:25 AM- root         - INFO     - Starting the program execution

10/08/2018 11:39:25 AM- root         - INFO     - Web-Scrapping Starting for bank: Final_Consolidation_Deposits.py

10/08/2018 11:39:39 AM- root         - INFO     - Succesfully Web-Scrapping completed for bank: Final_Consolidation_Deposits.py

10/08/2018 11:39:39 AM- root         - INFO     - Web-Scrapping Starting for bank: Final_Consolidation_MORTGAGE.py

10/08/2018 11:39:44 AM- root         - INFO     - Succesfully Web-Scrapping completed for bank: Final_Consolidation_MORTGAGE.py

10/08/2018 11:39:54 AM- root         - INFO     - Starting the program execution

10/08/2018 11:39:54 AM- root         - INFO     - Web-Scrapping Starting for bank: Aggregator_US_DEPOSIT.py

10/08/2018 11:40:10 AM- root         - INFO     - Succesfully Web-Scrapping completed for bank: Aggregator_US_DEPOSIT.py

10/08/2018 11:40:10 AM- root         - INFO     - Web-Scrapping Starting for bank: Aggregator_US_Mortgage.py

10/08/2018 11:40:12 AM- root         - INFO     - Succesfully Web-Scrapping completed for bank: Aggregator_US_Mortgage.py

10/08/2018 11:40:22 AM- root         - INFO     - Starting the program execution

10/08/2018 11:40:22 AM- root         - INFO     - Web-Scrapping Starting for bank: US_bank_agg.py

10/08/2018 11:40:23 AM- root         - INFO     - Succesfully Web-Scrapping completed for bank: US_bank_agg.py

10/08/2018 11:40:33 AM- root         - INFO     - Starting the program execution

10/08/2018 11:40:33 AM- root         - INFO     - Web-Scrapping Starting for bank: validation_checker_deposit.py

10/08/2018 11:40:34 AM- root         - INFO     - Succesfully Web-Scrapping completed for bank: validation_checker_deposit.py

10/08/2018 11:40:34 AM- root         - INFO     - Web-Scrapping Starting for bank: validation_checker_mortgage.py

10/08/2018 11:40:34 AM- root         - INFO     - Succesfully Web-Scrapping completed for bank: validation_checker_mortgage.py

10/08/2018 11:40:44 AM- root         - INFO     - Starting the program execution

10/08/2018 11:40:44 AM- root         - INFO     - Web-Scrapping Starting for bank: comparing_excel_deposits.py

10/08/2018 11:40:45 AM- root         - ERROR    - Got: Error for bank: comparing_excel_deposits.py

10/08/2018 11:40:45 AM- root         - INFO     - Web-Scrapping Starting for bank: comparing_excel_mortgages.py

10/08/2018 11:40:45 AM- root         - ERROR    - Got: Error for bank: comparing_excel_mortgages.py

