
Purpose     : Extract data for Us Banks

        #####################     Change log   ###############################
        ##------------------------------------------------------------------##
        ##  Author              ##Date                ##Current Version     ##
        ##------------------------------------------------------------------##
        ## Moody's Analytics    ##29th May,2018    ##V1.0                ##
        ##------------------------------------------------------------------##
        ######################################################################
        Date                   Version     Author      Description
        29th May,2018        v 0.1       Sairam      Initial development


29/06/2018 09:50:44 AM- root         - INFO     - Starting the program execution

29/06/2018 09:50:44 AM- root         - INFO     - Web-Scrapping Starting for bank: wellsfargo_deposit_v2.py

29/06/2018 09:50:44 AM- root         - INFO     - Web-Scrapping Starting for bank: wellsfargo_mortgage_v2.py

29/06/2018 09:50:44 AM- root         - INFO     - Web-Scrapping Starting for bank: pnc_mortgage_v2.py

29/06/2018 09:50:44 AM- root         - INFO     - Web-Scrapping Starting for bank: pnc_deposit.py

29/06/2018 09:50:44 AM- root         - INFO     - Web-Scrapping Starting for bank: suntrust_deposit_v2.py

29/06/2018 09:50:44 AM- root         - INFO     - Web-Scrapping Starting for bank: suntrust_mortgage_v2.py

29/06/2018 09:50:44 AM- root         - INFO     - Web-Scrapping Starting for bank: capital_one_deposits_v2.py

29/06/2018 09:50:44 AM- root         - INFO     - Web-Scrapping Starting for bank: Ally_deposits_v2.py

29/06/2018 09:50:44 AM- root         - INFO     - Web-Scrapping Starting for bank: Ally_mortgage_v2.py

29/06/2018 09:50:44 AM- root         - INFO     - Web-Scrapping Starting for bank: synchrony_deposits_new.py

29/06/2018 09:50:48 AM- root         - INFO     - Succesfully Web-Scrapping completed for bank: Ally_mortgage_v2.py

29/06/2018 09:50:48 AM- root         - INFO     - Succesfully Web-Scrapping completed for bank: synchrony_deposits_new.py

29/06/2018 09:50:48 AM- root         - INFO     - Web-Scrapping Starting for bank: citi_mortgage.py

29/06/2018 09:50:48 AM- root         - INFO     - Web-Scrapping Starting for bank: citi_bank.py

29/06/2018 09:53:07 AM- root         - INFO     - Succesfully Web-Scrapping completed for bank: capital_one_deposits_v2.py

29/06/2018 09:53:07 AM- root         - INFO     - Succesfully Web-Scrapping completed for bank: suntrust_deposit_v2.py

29/06/2018 09:53:07 AM- root         - INFO     - Succesfully Web-Scrapping completed for bank: suntrust_mortgage_v2.py

29/06/2018 09:53:07 AM- root         - INFO     - Web-Scrapping Starting for bank: consolidated_BOA.py

29/06/2018 09:53:07 AM- root         - INFO     - Succesfully Web-Scrapping completed for bank: wellsfargo_mortgage_v2.py

29/06/2018 09:53:07 AM- root         - INFO     - Succesfully Web-Scrapping completed for bank: pnc_deposit.py

29/06/2018 09:53:07 AM- root         - INFO     - Succesfully Web-Scrapping completed for bank: pnc_mortgage_v2.py

29/06/2018 09:53:07 AM- root         - INFO     - Succesfully Web-Scrapping completed for bank: wellsfargo_deposit_v2.py

29/06/2018 09:53:07 AM- root         - INFO     - Succesfully Web-Scrapping completed for bank: Ally_deposits_v2.py

29/06/2018 09:53:07 AM- root         - INFO     - Web-Scrapping Starting for bank: Bank_of_america_mortgage_v2.py

29/06/2018 09:53:07 AM- root         - INFO     - Web-Scrapping Starting for bank: JPM_mortgage_v2.py

29/06/2018 09:53:07 AM- root         - INFO     - Web-Scrapping Starting for bank: Consolidate_JPM_Data_Deposit_final.py

29/06/2018 09:53:07 AM- root         - INFO     - Web-Scrapping Starting for bank: Us_Deposits.py

29/06/2018 09:53:07 AM- root         - INFO     - Web-Scrapping Starting for bank: Us_Deposits_Mortgage.py

29/06/2018 09:53:07 AM- root         - INFO     - Web-Scrapping Starting for bank: bankRate.py

29/06/2018 09:53:07 AM- root         - INFO     - Web-Scrapping Starting for bank: bankRate_Mortgage.py

29/06/2018 09:55:25 AM- root         - INFO     - Succesfully Web-Scrapping completed for bank: consolidated_BOA.py

29/06/2018 09:55:25 AM- root         - INFO     - Succesfully Web-Scrapping completed for bank: JPM_mortgage_v2.py

29/06/2018 09:55:25 AM- root         - INFO     - Web-Scrapping Starting for bank: Deposits_account.py

29/06/2018 09:55:25 AM- root         - INFO     - Web-Scrapping Starting for bank: MyBankTracker_Deposits.py

29/06/2018 09:55:54 AM- root         - INFO     - Succesfully Web-Scrapping completed for bank: MyBankTracker_Deposits.py

29/06/2018 09:55:54 AM- root         - INFO     - Succesfully Web-Scrapping completed for bank: Deposits_account.py

29/06/2018 09:55:54 AM- root         - INFO     - Web-Scrapping Starting for bank: Nerdwallet_Bank_Deposits.py

29/06/2018 09:55:54 AM- root         - INFO     - Web-Scrapping Starting for bank: MyBankTracker_Mortgage.py

29/06/2018 09:56:20 AM- root         - INFO     - Succesfully Web-Scrapping completed for bank: Nerdwallet_Bank_Deposits.py

29/06/2018 09:56:20 AM- root         - INFO     - Succesfully Web-Scrapping completed for bank: MyBankTracker_Mortgage.py

29/06/2018 12:05:03 PM- root         - INFO     - Succesfully Web-Scrapping completed for bank: bankRate.py

29/06/2018 12:05:03 PM- root         - INFO     - Succesfully Web-Scrapping completed for bank: Us_Deposits_Mortgage.py

29/06/2018 12:05:03 PM- root         - INFO     - Succesfully Web-Scrapping completed for bank: Us_Deposits.py

29/06/2018 12:05:03 PM- root         - ERROR    - Got: Error for bank: bankRate_Mortgage.py

29/06/2018 12:05:03 PM- root         - INFO     - Succesfully Web-Scrapping completed for bank: Bank_of_america_mortgage_v2.py

29/06/2018 12:05:03 PM- root         - INFO     - Succesfully Web-Scrapping completed for bank: Consolidate_JPM_Data_Deposit_final.py

29/06/2018 12:05:12 PM- root         - INFO     - Succesfully Web-Scrapping completed for bank: citi_mortgage.py

29/06/2018 12:05:12 PM- root         - ERROR    - Got: Error for bank: citi_bank.py

29/06/2018 12:05:12 PM- root         - INFO     - Starting the program execution

29/06/2018 12:05:12 PM- root         - INFO     - Web-Scrapping Starting for bank: Final_Consolidation_Deposits.py

29/06/2018 12:05:34 PM- root         - INFO     - Succesfully Web-Scrapping completed for bank: Final_Consolidation_Deposits.py

29/06/2018 12:05:34 PM- root         - INFO     - Web-Scrapping Starting for bank: Final_Consolidation_MORTGAGE.py

29/06/2018 12:05:40 PM- root         - INFO     - Succesfully Web-Scrapping completed for bank: Final_Consolidation_MORTGAGE.py

29/06/2018 12:05:50 PM- root         - INFO     - Starting the program execution

29/06/2018 12:05:50 PM- root         - INFO     - Web-Scrapping Starting for bank: Aggregator_US_DEPOSIT.py

29/06/2018 12:06:13 PM- root         - INFO     - Succesfully Web-Scrapping completed for bank: Aggregator_US_DEPOSIT.py

29/06/2018 12:06:13 PM- root         - INFO     - Web-Scrapping Starting for bank: Aggregator_US_Mortgage.py

29/06/2018 12:06:15 PM- root         - INFO     - Succesfully Web-Scrapping completed for bank: Aggregator_US_Mortgage.py

29/06/2018 12:06:25 PM- root         - INFO     - Starting the program execution

29/06/2018 12:06:25 PM- root         - INFO     - Web-Scrapping Starting for bank: US_bank_agg.py

29/06/2018 12:06:26 PM- root         - INFO     - Succesfully Web-Scrapping completed for bank: US_bank_agg.py

29/06/2018 12:06:36 PM- root         - INFO     - Starting the program execution

29/06/2018 12:06:36 PM- root         - INFO     - Web-Scrapping Starting for bank: validation_checker_deposit.py

29/06/2018 12:06:37 PM- root         - INFO     - Succesfully Web-Scrapping completed for bank: validation_checker_deposit.py

29/06/2018 12:06:37 PM- root         - INFO     - Web-Scrapping Starting for bank: validation_checker_mortgage.py

29/06/2018 12:06:38 PM- root         - INFO     - Succesfully Web-Scrapping completed for bank: validation_checker_mortgage.py

29/06/2018 12:06:48 PM- root         - INFO     - Starting the program execution

29/06/2018 12:06:48 PM- root         - INFO     - Web-Scrapping Starting for bank: comparing_excel_deposits.py

29/06/2018 12:06:49 PM- root         - INFO     - Succesfully Web-Scrapping completed for bank: comparing_excel_deposits.py

29/06/2018 12:06:49 PM- root         - INFO     - Web-Scrapping Starting for bank: comparing_excel_mortgages.py

29/06/2018 12:06:50 PM- root         - INFO     - Succesfully Web-Scrapping completed for bank: comparing_excel_mortgages.py

