
Purpose     : Extract data for Us Banks

        #####################     Change log   ###############################
        ##------------------------------------------------------------------##
        ##  Author              ##Date                ##Current Version     ##
        ##------------------------------------------------------------------##
        ## Moody's Analytics    ##29th May,2018    ##V1.0                ##
        ##------------------------------------------------------------------##
        ######################################################################
        Date                   Version     Author      Description
        29th May,2018        v 0.1       Sairam      Initial development


22/06/2018 12:09:16 PM- root         - INFO     - Starting the program execution

22/06/2018 12:09:16 PM- root         - INFO     - Web-Scrapping Starting for bank: wellsfargo_deposit_v2.py

22/06/2018 12:09:16 PM- root         - INFO     - Web-Scrapping Starting for bank: wellsfargo_mortgage_v2.py

22/06/2018 12:09:16 PM- root         - INFO     - Web-Scrapping Starting for bank: pnc_mortgage_v2.py

22/06/2018 12:09:16 PM- root         - INFO     - Web-Scrapping Starting for bank: pnc_deposit.py

22/06/2018 12:09:16 PM- root         - INFO     - Web-Scrapping Starting for bank: suntrust_deposit_v2.py

22/06/2018 12:09:16 PM- root         - INFO     - Web-Scrapping Starting for bank: suntrust_mortgage_v2.py

22/06/2018 12:09:16 PM- root         - INFO     - Web-Scrapping Starting for bank: capital_one_deposits_v2.py

22/06/2018 12:09:16 PM- root         - INFO     - Web-Scrapping Starting for bank: Ally_deposits_v2.py

22/06/2018 12:09:16 PM- root         - INFO     - Web-Scrapping Starting for bank: Ally_mortgage_v2.py

22/06/2018 12:09:16 PM- root         - INFO     - Web-Scrapping Starting for bank: synchrony_deposits_new.py

22/06/2018 12:09:19 PM- root         - INFO     - Succesfully Web-Scrapping completed for bank: suntrust_mortgage_v2.py

22/06/2018 12:09:19 PM- root         - INFO     - Web-Scrapping Starting for bank: citi_bank.py

22/06/2018 12:09:23 PM- root         - INFO     - Succesfully Web-Scrapping completed for bank: synchrony_deposits_new.py

22/06/2018 12:09:23 PM- root         - INFO     - Web-Scrapping Starting for bank: citi_mortgage.py

22/06/2018 12:09:25 PM- root         - INFO     - Succesfully Web-Scrapping completed for bank: Ally_mortgage_v2.py

22/06/2018 12:09:25 PM- root         - INFO     - Web-Scrapping Starting for bank: consolidated_BOA.py

22/06/2018 12:09:25 PM- root         - INFO     - Succesfully Web-Scrapping completed for bank: suntrust_deposit_v2.py

22/06/2018 12:09:25 PM- root         - INFO     - Web-Scrapping Starting for bank: Bank_of_america_mortgage_v2.py

22/06/2018 12:09:25 PM- root         - INFO     - Succesfully Web-Scrapping completed for bank: pnc_deposit.py

22/06/2018 12:09:25 PM- root         - INFO     - Web-Scrapping Starting for bank: Consolidate_JPM_Data_Deposit_final.py

22/06/2018 12:09:45 PM- root         - INFO     - Succesfully Web-Scrapping completed for bank: Bank_of_america_mortgage_v2.py

22/06/2018 12:09:45 PM- root         - INFO     - Web-Scrapping Starting for bank: JPM_mortgage_v2.py

22/06/2018 12:09:45 PM- root         - INFO     - Succesfully Web-Scrapping completed for bank: Consolidate_JPM_Data_Deposit_final.py

22/06/2018 12:09:45 PM- root         - INFO     - Web-Scrapping Starting for bank: Us_Deposits.py

22/06/2018 12:09:45 PM- root         - INFO     - Succesfully Web-Scrapping completed for bank: consolidated_BOA.py

22/06/2018 12:09:45 PM- root         - INFO     - Web-Scrapping Starting for bank: Us_Deposits_Mortgage.py

22/06/2018 12:09:53 PM- root         - INFO     - Succesfully Web-Scrapping completed for bank: Us_Deposits.py

22/06/2018 12:09:53 PM- root         - INFO     - Web-Scrapping Starting for bank: bankRate.py

22/06/2018 12:09:55 PM- root         - INFO     - Succesfully Web-Scrapping completed for bank: pnc_mortgage_v2.py

22/06/2018 12:09:55 PM- root         - INFO     - Succesfully Web-Scrapping completed for bank: wellsfargo_mortgage_v2.py

22/06/2018 12:09:55 PM- root         - INFO     - Web-Scrapping Starting for bank: bankRate_Mortgage.py

22/06/2018 12:09:55 PM- root         - INFO     - Web-Scrapping Starting for bank: Deposits_account.py

22/06/2018 12:09:55 PM- root         - INFO     - Succesfully Web-Scrapping completed for bank: wellsfargo_deposit_v2.py

22/06/2018 12:09:55 PM- root         - INFO     - Web-Scrapping Starting for bank: MyBankTracker_Deposits.py

22/06/2018 12:09:57 PM- root         - INFO     - Succesfully Web-Scrapping completed for bank: Us_Deposits_Mortgage.py

22/06/2018 12:09:57 PM- root         - INFO     - Web-Scrapping Starting for bank: MyBankTracker_Mortgage.py

22/06/2018 12:10:12 PM- root         - INFO     - Succesfully Web-Scrapping completed for bank: MyBankTracker_Mortgage.py

22/06/2018 12:10:12 PM- root         - INFO     - Web-Scrapping Starting for bank: Nerdwallet_Bank_Deposits.py

22/06/2018 12:10:18 PM- root         - INFO     - Succesfully Web-Scrapping completed for bank: MyBankTracker_Deposits.py

22/06/2018 12:10:44 PM- root         - INFO     - Succesfully Web-Scrapping completed for bank: Nerdwallet_Bank_Deposits.py

22/06/2018 12:11:15 PM- root         - INFO     - Succesfully Web-Scrapping completed for bank: capital_one_deposits_v2.py

22/06/2018 12:11:37 PM- root         - INFO     - Succesfully Web-Scrapping completed for bank: Ally_deposits_v2.py

22/06/2018 12:12:18 PM- root         - INFO     - Succesfully Web-Scrapping completed for bank: Deposits_account.py

22/06/2018 12:12:18 PM- root         - INFO     - Succesfully Web-Scrapping completed for bank: bankRate_Mortgage.py

22/06/2018 12:12:40 PM- root         - INFO     - Succesfully Web-Scrapping completed for bank: JPM_mortgage_v2.py

22/06/2018 12:12:42 PM- root         - INFO     - Succesfully Web-Scrapping completed for bank: citi_bank.py

22/06/2018 12:14:45 PM- root         - INFO     - Succesfully Web-Scrapping completed for bank: citi_mortgage.py

