
Purpose     : Extract data for Us Banks

        #####################     Change log   ###############################
        ##------------------------------------------------------------------##
        ##  Author              ##Date                ##Current Version     ##
        ##------------------------------------------------------------------##
        ## Moody's Analytics    ##29th May,2018    ##V1.0                ##
        ##------------------------------------------------------------------##
        ######################################################################
        Date                   Version     Author      Description
        29th May,2018        v 0.1       Sairam      Initial development


25/06/2018 11:34:17 AM- root         - INFO     - Starting the program execution

25/06/2018 11:34:17 AM- root         - INFO     - Web-Scrapping Starting for bank: wellsfargo_mortgage_v2.py

25/06/2018 11:34:17 AM- root         - INFO     - Web-Scrapping Starting for bank: pnc_mortgage_v2.py

25/06/2018 11:34:17 AM- root         - INFO     - Web-Scrapping Starting for bank: wellsfargo_deposit_v2.py

25/06/2018 11:34:17 AM- root         - INFO     - Web-Scrapping Starting for bank: pnc_deposit.py

25/06/2018 11:34:17 AM- root         - INFO     - Web-Scrapping Starting for bank: suntrust_deposit_v2.py

25/06/2018 11:34:17 AM- root         - INFO     - Web-Scrapping Starting for bank: suntrust_mortgage_v2.py

25/06/2018 11:34:17 AM- root         - INFO     - Web-Scrapping Starting for bank: capital_one_deposits_v2.py

25/06/2018 11:34:17 AM- root         - INFO     - Web-Scrapping Starting for bank: Ally_deposits_v2.py

25/06/2018 11:34:17 AM- root         - INFO     - Web-Scrapping Starting for bank: Ally_mortgage_v2.py

25/06/2018 11:34:17 AM- root         - INFO     - Web-Scrapping Starting for bank: synchrony_deposits_new.py

25/06/2018 11:35:11 AM- root         - INFO     - Succesfully Web-Scrapping completed for bank: suntrust_deposit_v2.py

25/06/2018 11:35:11 AM- root         - INFO     - Web-Scrapping Starting for bank: citi_bank.py

25/06/2018 11:35:14 AM- root         - INFO     - Succesfully Web-Scrapping completed for bank: synchrony_deposits_new.py

25/06/2018 11:35:14 AM- root         - INFO     - Web-Scrapping Starting for bank: citi_mortgage.py

25/06/2018 11:35:14 AM- root         - INFO     - Succesfully Web-Scrapping completed for bank: Ally_mortgage_v2.py

25/06/2018 11:35:14 AM- root         - INFO     - Web-Scrapping Starting for bank: consolidated_BOA.py

25/06/2018 11:36:08 AM- root         - INFO     - Succesfully Web-Scrapping completed for bank: pnc_mortgage_v2.py

25/06/2018 11:36:08 AM- root         - INFO     - Succesfully Web-Scrapping completed for bank: wellsfargo_deposit_v2.py

25/06/2018 11:36:08 AM- root         - INFO     - Web-Scrapping Starting for bank: Bank_of_america_mortgage_v2.py

25/06/2018 11:36:08 AM- root         - INFO     - Web-Scrapping Starting for bank: Consolidate_JPM_Data_Deposit_final.py

25/06/2018 11:36:15 AM- root         - INFO     - Succesfully Web-Scrapping completed for bank: pnc_deposit.py

25/06/2018 11:36:15 AM- root         - INFO     - Succesfully Web-Scrapping completed for bank: suntrust_mortgage_v2.py

25/06/2018 11:36:15 AM- root         - INFO     - Succesfully Web-Scrapping completed for bank: capital_one_deposits_v2.py

25/06/2018 11:36:15 AM- root         - INFO     - Web-Scrapping Starting for bank: JPM_mortgage_v2.py

25/06/2018 11:36:15 AM- root         - INFO     - Web-Scrapping Starting for bank: Us_Deposits.py

25/06/2018 11:36:15 AM- root         - INFO     - Succesfully Web-Scrapping completed for bank: Ally_deposits_v2.py

25/06/2018 11:36:15 AM- root         - INFO     - Succesfully Web-Scrapping completed for bank: wellsfargo_mortgage_v2.py

25/06/2018 11:36:15 AM- root         - INFO     - Web-Scrapping Starting for bank: Us_Deposits_Mortgage.py

25/06/2018 11:36:15 AM- root         - INFO     - Web-Scrapping Starting for bank: bankRate.py

25/06/2018 11:36:15 AM- root         - INFO     - Web-Scrapping Starting for bank: bankRate_Mortgage.py

25/06/2018 11:36:23 AM- root         - INFO     - Succesfully Web-Scrapping completed for bank: Consolidate_JPM_Data_Deposit_final.py

25/06/2018 11:36:23 AM- root         - INFO     - Succesfully Web-Scrapping completed for bank: Bank_of_america_mortgage_v2.py

25/06/2018 11:36:23 AM- root         - INFO     - Web-Scrapping Starting for bank: Deposits_account.py

25/06/2018 11:36:23 AM- root         - INFO     - Web-Scrapping Starting for bank: MyBankTracker_Deposits.py

25/06/2018 11:36:45 AM- root         - INFO     - Succesfully Web-Scrapping completed for bank: MyBankTracker_Deposits.py

25/06/2018 11:36:45 AM- root         - INFO     - Web-Scrapping Starting for bank: MyBankTracker_Mortgage.py

25/06/2018 11:36:45 AM- root         - INFO     - Succesfully Web-Scrapping completed for bank: Deposits_account.py

25/06/2018 11:36:45 AM- root         - INFO     - Web-Scrapping Starting for bank: Nerdwallet_Bank_Deposits.py

25/06/2018 11:37:14 AM- root         - INFO     - Succesfully Web-Scrapping completed for bank: MyBankTracker_Mortgage.py

25/06/2018 11:37:14 AM- root         - INFO     - Succesfully Web-Scrapping completed for bank: Nerdwallet_Bank_Deposits.py

25/06/2018 11:38:03 AM- root         - INFO     - Succesfully Web-Scrapping completed for bank: citi_bank.py

25/06/2018 11:38:31 AM- root         - INFO     - Succesfully Web-Scrapping completed for bank: Us_Deposits_Mortgage.py

25/06/2018 11:38:31 AM- root         - INFO     - Succesfully Web-Scrapping completed for bank: bankRate.py

25/06/2018 11:38:31 AM- root         - INFO     - Succesfully Web-Scrapping completed for bank: Us_Deposits.py

25/06/2018 11:38:31 AM- root         - INFO     - Succesfully Web-Scrapping completed for bank: JPM_mortgage_v2.py

25/06/2018 11:38:31 AM- root         - INFO     - Succesfully Web-Scrapping completed for bank: bankRate_Mortgage.py

25/06/2018 11:40:27 AM- root         - INFO     - Succesfully Web-Scrapping completed for bank: consolidated_BOA.py

25/06/2018 11:40:27 AM- root         - INFO     - Succesfully Web-Scrapping completed for bank: citi_mortgage.py

25/06/2018 11:40:27 AM- root         - INFO     - Starting the program execution

25/06/2018 11:40:27 AM- root         - INFO     - Web-Scrapping Starting for bank: Final_Consolidation_Deposits.py

25/06/2018 11:40:43 AM- root         - INFO     - Succesfully Web-Scrapping completed for bank: Final_Consolidation_Deposits.py

25/06/2018 11:40:43 AM- root         - INFO     - Web-Scrapping Starting for bank: Final_Consolidation_MORTGAGE.py

25/06/2018 11:40:47 AM- root         - INFO     - Succesfully Web-Scrapping completed for bank: Final_Consolidation_MORTGAGE.py

25/06/2018 11:40:57 AM- root         - INFO     - Starting the program execution

25/06/2018 11:40:57 AM- root         - INFO     - Web-Scrapping Starting for bank: Aggregator_US_DEPOSIT.py

25/06/2018 11:41:15 AM- root         - INFO     - Succesfully Web-Scrapping completed for bank: Aggregator_US_DEPOSIT.py

25/06/2018 11:41:15 AM- root         - INFO     - Web-Scrapping Starting for bank: Aggregator_US_Mortgage.py

25/06/2018 11:41:17 AM- root         - INFO     - Succesfully Web-Scrapping completed for bank: Aggregator_US_Mortgage.py

25/06/2018 11:41:27 AM- root         - INFO     - Starting the program execution

25/06/2018 11:41:27 AM- root         - INFO     - Web-Scrapping Starting for bank: US_bank_agg.py

25/06/2018 11:41:28 AM- root         - INFO     - Succesfully Web-Scrapping completed for bank: US_bank_agg.py

25/06/2018 11:41:38 AM- root         - INFO     - Starting the program execution

25/06/2018 11:41:38 AM- root         - INFO     - Web-Scrapping Starting for bank: validation_checker_deposit.py

25/06/2018 11:41:39 AM- root         - INFO     - Succesfully Web-Scrapping completed for bank: validation_checker_deposit.py

25/06/2018 11:41:39 AM- root         - INFO     - Web-Scrapping Starting for bank: validation_checker_mortgage.py

25/06/2018 11:41:39 AM- root         - INFO     - Succesfully Web-Scrapping completed for bank: validation_checker_mortgage.py

25/06/2018 11:41:49 AM- root         - INFO     - Starting the program execution

25/06/2018 11:41:49 AM- root         - INFO     - Web-Scrapping Starting for bank: comparing_excel_deposits.py

25/06/2018 11:41:50 AM- root         - INFO     - Succesfully Web-Scrapping completed for bank: comparing_excel_deposits.py

25/06/2018 11:41:50 AM- root         - INFO     - Web-Scrapping Starting for bank: comparing_excel_mortgages.py

25/06/2018 11:41:50 AM- root         - INFO     - Succesfully Web-Scrapping completed for bank: comparing_excel_mortgages.py

