
Purpose     : Extract data for Us Banks

        #####################     Change log   ###############################
        ##------------------------------------------------------------------##
        ##  Author              ##Date                ##Current Version     ##
        ##------------------------------------------------------------------##
        ## Moody's Analytics    ##29th May,2018    ##V1.0                ##
        ##------------------------------------------------------------------##
        ######################################################################
        Date                   Version     Author      Description
        29th May,2018        v 0.1       Sairam      Initial development


21/09/2018 11:04:15 AM- root         - INFO     - Starting the program execution

21/09/2018 11:04:15 AM- root         - INFO     - Web-Scrapping Starting for bank: wellsfargo_deposit_v2.py

21/09/2018 11:04:15 AM- root         - INFO     - Web-Scrapping Starting for bank: wellsfargo_mortgage_v2.py

21/09/2018 11:04:15 AM- root         - INFO     - Web-Scrapping Starting for bank: pnc_mortgage_v2.py

21/09/2018 11:04:15 AM- root         - INFO     - Web-Scrapping Starting for bank: pnc_deposit.py

21/09/2018 11:04:15 AM- root         - INFO     - Web-Scrapping Starting for bank: suntrust_deposit_v2.py

21/09/2018 11:04:15 AM- root         - INFO     - Web-Scrapping Starting for bank: suntrust_mortgage_v2.py

21/09/2018 11:04:15 AM- root         - INFO     - Web-Scrapping Starting for bank: capital_one_deposits_v2.py

21/09/2018 11:04:15 AM- root         - INFO     - Web-Scrapping Starting for bank: Ally_deposits_v2.py

21/09/2018 11:04:15 AM- root         - INFO     - Web-Scrapping Starting for bank: Ally_mortgage_v2.py

21/09/2018 11:04:15 AM- root         - INFO     - Web-Scrapping Starting for bank: synchrony_deposits_new.py

21/09/2018 11:04:21 AM- root         - INFO     - Succesfully Web-Scrapping completed for bank: synchrony_deposits_new.py

21/09/2018 11:04:21 AM- root         - INFO     - Web-Scrapping Starting for bank: citi_bank_v2.py

21/09/2018 11:05:03 AM- root         - INFO     - Succesfully Web-Scrapping completed for bank: suntrust_deposit_v2.py

21/09/2018 11:05:03 AM- root         - INFO     - Web-Scrapping Starting for bank: citi_mortgage.py

21/09/2018 11:05:28 AM- root         - INFO     - Succesfully Web-Scrapping completed for bank: suntrust_mortgage_v2.py

21/09/2018 11:05:28 AM- root         - INFO     - Succesfully Web-Scrapping completed for bank: capital_one_deposits_v2.py

21/09/2018 11:05:28 AM- root         - INFO     - Succesfully Web-Scrapping completed for bank: Ally_mortgage_v2.py

21/09/2018 11:05:28 AM- root         - INFO     - Succesfully Web-Scrapping completed for bank: pnc_deposit.py

21/09/2018 11:05:28 AM- root         - INFO     - Succesfully Web-Scrapping completed for bank: Ally_deposits_v2.py

21/09/2018 11:05:28 AM- root         - INFO     - Web-Scrapping Starting for bank: consolidated_BOA.py

21/09/2018 11:05:28 AM- root         - INFO     - Web-Scrapping Starting for bank: Bank_of_america_mortgage_v2.py

21/09/2018 11:05:28 AM- root         - INFO     - Web-Scrapping Starting for bank: Consolidate_JPM_Data_Deposit_final.py

21/09/2018 11:05:28 AM- root         - INFO     - Web-Scrapping Starting for bank: JPM_mortgage_v2.py

21/09/2018 11:05:28 AM- root         - INFO     - Web-Scrapping Starting for bank: Us_Deposits.py

21/09/2018 11:05:47 AM- root         - INFO     - Succesfully Web-Scrapping completed for bank: citi_bank_v2.py

21/09/2018 11:05:47 AM- root         - INFO     - Web-Scrapping Starting for bank: Us_Deposits_Mortgage.py

21/09/2018 11:05:58 AM- root         - INFO     - Succesfully Web-Scrapping completed for bank: Us_Deposits_Mortgage.py

21/09/2018 11:05:58 AM- root         - INFO     - Web-Scrapping Starting for bank: bankRate.py

21/09/2018 11:06:21 AM- root         - INFO     - Succesfully Web-Scrapping completed for bank: wellsfargo_mortgage_v2.py

21/09/2018 11:06:21 AM- root         - INFO     - Succesfully Web-Scrapping completed for bank: wellsfargo_deposit_v2.py

21/09/2018 11:06:21 AM- root         - INFO     - Web-Scrapping Starting for bank: bankRate_Mortgage_v2.py

21/09/2018 11:06:21 AM- root         - INFO     - Succesfully Web-Scrapping completed for bank: pnc_mortgage_v2.py

21/09/2018 11:06:21 AM- root         - INFO     - Web-Scrapping Starting for bank: Deposits_account.py

21/09/2018 11:06:21 AM- root         - INFO     - Web-Scrapping Starting for bank: MyBankTracker_Deposits.py

21/09/2018 11:07:28 AM- root         - INFO     - Succesfully Web-Scrapping completed for bank: Us_Deposits.py

21/09/2018 11:07:28 AM- root         - INFO     - Succesfully Web-Scrapping completed for bank: Bank_of_america_mortgage_v2.py

21/09/2018 11:07:28 AM- root         - INFO     - Succesfully Web-Scrapping completed for bank: JPM_mortgage_v2.py

21/09/2018 11:07:28 AM- root         - INFO     - Succesfully Web-Scrapping completed for bank: Consolidate_JPM_Data_Deposit_final.py

21/09/2018 11:07:28 AM- root         - INFO     - Web-Scrapping Starting for bank: MyBankTracker_Mortgage.py

21/09/2018 11:07:28 AM- root         - INFO     - Succesfully Web-Scrapping completed for bank: consolidated_BOA.py

21/09/2018 11:07:28 AM- root         - INFO     - Web-Scrapping Starting for bank: Nerdwallet_Bank_Deposits.py

21/09/2018 11:07:55 AM- root         - INFO     - Succesfully Web-Scrapping completed for bank: MyBankTracker_Mortgage.py

21/09/2018 11:07:55 AM- root         - INFO     - Succesfully Web-Scrapping completed for bank: Nerdwallet_Bank_Deposits.py

21/09/2018 11:08:27 AM- root         - INFO     - Succesfully Web-Scrapping completed for bank: Deposits_account.py

21/09/2018 11:08:27 AM- root         - INFO     - Succesfully Web-Scrapping completed for bank: MyBankTracker_Deposits.py

21/09/2018 11:08:27 AM- root         - INFO     - Succesfully Web-Scrapping completed for bank: bankRate_Mortgage_v2.py

21/09/2018 11:08:48 AM- root         - INFO     - Succesfully Web-Scrapping completed for bank: bankRate.py

21/09/2018 11:10:35 AM- root         - INFO     - Succesfully Web-Scrapping completed for bank: citi_mortgage.py

21/09/2018 11:10:35 AM- root         - INFO     - Starting the program execution

21/09/2018 11:10:35 AM- root         - INFO     - Web-Scrapping Starting for bank: Final_Consolidation_Deposits.py

21/09/2018 11:10:51 AM- root         - INFO     - Succesfully Web-Scrapping completed for bank: Final_Consolidation_Deposits.py

21/09/2018 11:10:51 AM- root         - INFO     - Web-Scrapping Starting for bank: Final_Consolidation_MORTGAGE.py

