
Purpose     : Extract data for Us Banks

        #####################     Change log   ###############################
        ##------------------------------------------------------------------##
        ##  Author              ##Date                ##Current Version     ##
        ##------------------------------------------------------------------##
        ## Moody's Analytics    ##29th May,2018    ##V1.0                ##
        ##------------------------------------------------------------------##
        ######################################################################
        Date                   Version     Author      Description
        29th May,2018        v 0.1       Sairam      Initial development


11/09/2018 10:43:48 AM- root         - INFO     - Starting the program execution

11/09/2018 10:43:48 AM- root         - INFO     - Web-Scrapping Starting for bank: wellsfargo_deposit_v2.py

11/09/2018 10:43:48 AM- root         - INFO     - Web-Scrapping Starting for bank: wellsfargo_mortgage_v2.py

11/09/2018 10:43:48 AM- root         - INFO     - Web-Scrapping Starting for bank: pnc_mortgage_v2.py

11/09/2018 10:43:48 AM- root         - INFO     - Web-Scrapping Starting for bank: pnc_deposit.py

11/09/2018 10:43:48 AM- root         - INFO     - Web-Scrapping Starting for bank: suntrust_deposit_v2.py

11/09/2018 10:43:48 AM- root         - INFO     - Web-Scrapping Starting for bank: suntrust_mortgage_v2.py

11/09/2018 10:43:48 AM- root         - INFO     - Web-Scrapping Starting for bank: capital_one_deposits_v2.py

11/09/2018 10:43:48 AM- root         - INFO     - Web-Scrapping Starting for bank: Ally_deposits_v2.py

11/09/2018 10:43:48 AM- root         - INFO     - Web-Scrapping Starting for bank: Ally_mortgage_v2.py

11/09/2018 10:43:48 AM- root         - INFO     - Web-Scrapping Starting for bank: synchrony_deposits_new.py

11/09/2018 10:44:09 AM- root         - INFO     - Succesfully Web-Scrapping completed for bank: synchrony_deposits_new.py

11/09/2018 10:44:09 AM- root         - INFO     - Web-Scrapping Starting for bank: citi_bank_v2.py

11/09/2018 10:44:12 AM- root         - INFO     - Succesfully Web-Scrapping completed for bank: Ally_mortgage_v2.py

11/09/2018 10:44:12 AM- root         - INFO     - Web-Scrapping Starting for bank: citi_mortgage.py

11/09/2018 10:46:35 AM- root         - INFO     - Succesfully Web-Scrapping completed for bank: wellsfargo_mortgage_v2.py

11/09/2018 10:46:35 AM- root         - INFO     - Succesfully Web-Scrapping completed for bank: capital_one_deposits_v2.py

11/09/2018 10:46:35 AM- root         - INFO     - Succesfully Web-Scrapping completed for bank: suntrust_deposit_v2.py

11/09/2018 10:46:35 AM- root         - INFO     - Succesfully Web-Scrapping completed for bank: suntrust_mortgage_v2.py

11/09/2018 10:46:35 AM- root         - INFO     - Succesfully Web-Scrapping completed for bank: Ally_deposits_v2.py

11/09/2018 10:46:35 AM- root         - INFO     - Succesfully Web-Scrapping completed for bank: wellsfargo_deposit_v2.py

11/09/2018 10:46:35 AM- root         - INFO     - Succesfully Web-Scrapping completed for bank: pnc_mortgage_v2.py

11/09/2018 10:46:35 AM- root         - INFO     - Succesfully Web-Scrapping completed for bank: pnc_deposit.py

11/09/2018 10:46:35 AM- root         - INFO     - Web-Scrapping Starting for bank: consolidated_BOA.py

11/09/2018 10:46:35 AM- root         - INFO     - Web-Scrapping Starting for bank: Bank_of_america_mortgage_v2.py

11/09/2018 10:46:35 AM- root         - INFO     - Web-Scrapping Starting for bank: Consolidate_JPM_Data_Deposit_final.py

11/09/2018 10:46:35 AM- root         - INFO     - Web-Scrapping Starting for bank: JPM_mortgage_v2.py

11/09/2018 10:46:35 AM- root         - INFO     - Web-Scrapping Starting for bank: Us_Deposits_Mortgage.py

11/09/2018 10:46:35 AM- root         - INFO     - Web-Scrapping Starting for bank: Us_Deposits.py

11/09/2018 10:46:35 AM- root         - INFO     - Web-Scrapping Starting for bank: bankRate.py

11/09/2018 10:46:35 AM- root         - INFO     - Web-Scrapping Starting for bank: bankRate_Mortgage_v2.py

11/09/2018 10:46:42 AM- root         - INFO     - Succesfully Web-Scrapping completed for bank: citi_bank_v2.py

11/09/2018 10:46:42 AM- root         - INFO     - Web-Scrapping Starting for bank: Deposits_account.py

11/09/2018 10:46:59 AM- root         - INFO     - Succesfully Web-Scrapping completed for bank: Deposits_account.py

11/09/2018 10:46:59 AM- root         - INFO     - Web-Scrapping Starting for bank: MyBankTracker_Deposits.py

11/09/2018 10:47:09 AM- root         - INFO     - Succesfully Web-Scrapping completed for bank: MyBankTracker_Deposits.py

11/09/2018 10:47:09 AM- root         - INFO     - Web-Scrapping Starting for bank: MyBankTracker_Mortgage.py

11/09/2018 10:47:32 AM- root         - INFO     - Succesfully Web-Scrapping completed for bank: MyBankTracker_Mortgage.py

11/09/2018 10:47:32 AM- root         - INFO     - Web-Scrapping Starting for bank: Nerdwallet_Bank_Deposits.py

11/09/2018 10:48:01 AM- root         - INFO     - Succesfully Web-Scrapping completed for bank: Nerdwallet_Bank_Deposits.py

11/09/2018 10:49:29 AM- root         - INFO     - Succesfully Web-Scrapping completed for bank: Us_Deposits.py

11/09/2018 10:49:29 AM- root         - INFO     - Succesfully Web-Scrapping completed for bank: bankRate_Mortgage_v2.py

11/09/2018 10:49:29 AM- root         - INFO     - Succesfully Web-Scrapping completed for bank: Bank_of_america_mortgage_v2.py

11/09/2018 10:49:29 AM- root         - INFO     - Succesfully Web-Scrapping completed for bank: Consolidate_JPM_Data_Deposit_final.py

11/09/2018 10:49:29 AM- root         - INFO     - Succesfully Web-Scrapping completed for bank: Us_Deposits_Mortgage.py

11/09/2018 10:49:29 AM- root         - INFO     - Succesfully Web-Scrapping completed for bank: JPM_mortgage_v2.py

11/09/2018 10:49:29 AM- root         - INFO     - Succesfully Web-Scrapping completed for bank: consolidated_BOA.py

11/09/2018 10:49:29 AM- root         - INFO     - Succesfully Web-Scrapping completed for bank: bankRate.py

11/09/2018 10:53:46 AM- root         - INFO     - Succesfully Web-Scrapping completed for bank: citi_mortgage.py

11/09/2018 10:53:46 AM- root         - INFO     - Starting the program execution

11/09/2018 10:53:46 AM- root         - INFO     - Web-Scrapping Starting for bank: Final_Consolidation_Deposits.py

11/09/2018 10:54:07 AM- root         - INFO     - Succesfully Web-Scrapping completed for bank: Final_Consolidation_Deposits.py

11/09/2018 10:54:07 AM- root         - INFO     - Web-Scrapping Starting for bank: Final_Consolidation_MORTGAGE.py

11/09/2018 10:54:13 AM- root         - INFO     - Succesfully Web-Scrapping completed for bank: Final_Consolidation_MORTGAGE.py

11/09/2018 10:54:24 AM- root         - INFO     - Starting the program execution

11/09/2018 10:54:24 AM- root         - INFO     - Web-Scrapping Starting for bank: Aggregator_US_DEPOSIT.py

11/09/2018 10:54:50 AM- root         - INFO     - Succesfully Web-Scrapping completed for bank: Aggregator_US_DEPOSIT.py

11/09/2018 10:54:50 AM- root         - INFO     - Web-Scrapping Starting for bank: Aggregator_US_Mortgage.py

11/09/2018 10:54:52 AM- root         - INFO     - Succesfully Web-Scrapping completed for bank: Aggregator_US_Mortgage.py

11/09/2018 10:55:02 AM- root         - INFO     - Starting the program execution

11/09/2018 10:55:02 AM- root         - INFO     - Web-Scrapping Starting for bank: US_bank_agg.py

11/09/2018 10:55:04 AM- root         - INFO     - Succesfully Web-Scrapping completed for bank: US_bank_agg.py

11/09/2018 10:55:14 AM- root         - INFO     - Starting the program execution

11/09/2018 10:55:14 AM- root         - INFO     - Web-Scrapping Starting for bank: validation_checker_deposit.py

11/09/2018 10:55:15 AM- root         - INFO     - Succesfully Web-Scrapping completed for bank: validation_checker_deposit.py

11/09/2018 10:55:15 AM- root         - INFO     - Web-Scrapping Starting for bank: validation_checker_mortgage.py

11/09/2018 10:55:16 AM- root         - INFO     - Succesfully Web-Scrapping completed for bank: validation_checker_mortgage.py

11/09/2018 10:55:26 AM- root         - INFO     - Starting the program execution

11/09/2018 10:55:26 AM- root         - INFO     - Web-Scrapping Starting for bank: comparing_excel_deposits.py

11/09/2018 10:55:26 AM- root         - INFO     - Succesfully Web-Scrapping completed for bank: comparing_excel_deposits.py

11/09/2018 10:55:26 AM- root         - INFO     - Web-Scrapping Starting for bank: comparing_excel_mortgages.py

11/09/2018 10:55:27 AM- root         - INFO     - Succesfully Web-Scrapping completed for bank: comparing_excel_mortgages.py

