
Purpose     : Extract data for Us Banks

        #####################     Change log   ###############################
        ##------------------------------------------------------------------##
        ##  Author              ##Date                ##Current Version     ##
        ##------------------------------------------------------------------##
        ## Moody's Analytics    ##29th May,2018    ##V1.0                ##
        ##------------------------------------------------------------------##
        ######################################################################
        Date                   Version     Author      Description
        29th May,2018        v 0.1       Sairam      Initial development


11/06/2018 12:26:48 PM- root         - INFO     - Starting the program execution

11/06/2018 12:26:48 PM- root         - INFO     - Web-Scrapping Starting for bank: wellsfargo_deposit_v2.py

11/06/2018 12:26:48 PM- root         - INFO     - Web-Scrapping Starting for bank: wellsfargo_mortgage_v2.py

11/06/2018 12:26:48 PM- root         - INFO     - Web-Scrapping Starting for bank: pnc_mortgage_v2.py

11/06/2018 12:26:48 PM- root         - INFO     - Web-Scrapping Starting for bank: pnc_deposit.py

11/06/2018 12:26:48 PM- root         - INFO     - Web-Scrapping Starting for bank: suntrust_deposit_v2.py

11/06/2018 12:26:48 PM- root         - INFO     - Web-Scrapping Starting for bank: suntrust_mortgage_v2.py

11/06/2018 12:26:48 PM- root         - INFO     - Web-Scrapping Starting for bank: capital_one_deposits_v2.py

11/06/2018 12:26:48 PM- root         - INFO     - Web-Scrapping Starting for bank: Ally_deposits_v2.py

11/06/2018 12:26:48 PM- root         - INFO     - Web-Scrapping Starting for bank: Ally_mortgage_v2.py

11/06/2018 12:26:48 PM- root         - INFO     - Web-Scrapping Starting for bank: synchrony_deposits_new.py

11/06/2018 12:26:54 PM- root         - INFO     - Succesfully Web-Scrapping completed for bank: synchrony_deposits_new.py

11/06/2018 12:26:54 PM- root         - INFO     - Web-Scrapping Starting for bank: citi_bank.py

11/06/2018 12:26:59 PM- root         - INFO     - Succesfully Web-Scrapping completed for bank: Ally_mortgage_v2.py

11/06/2018 12:26:59 PM- root         - INFO     - Web-Scrapping Starting for bank: citi_mortgage.py

11/06/2018 12:27:15 PM- root         - INFO     - Succesfully Web-Scrapping completed for bank: pnc_deposit.py

11/06/2018 12:27:15 PM- root         - INFO     - Web-Scrapping Starting for bank: consolidated_BOA.py

11/06/2018 12:27:16 PM- root         - INFO     - Succesfully Web-Scrapping completed for bank: consolidated_BOA.py

11/06/2018 12:27:16 PM- root         - INFO     - Web-Scrapping Starting for bank: Bank_of_america_mortgage_v2.py

11/06/2018 12:27:21 PM- root         - INFO     - Succesfully Web-Scrapping completed for bank: wellsfargo_mortgage_v2.py

11/06/2018 12:27:21 PM- root         - INFO     - Web-Scrapping Starting for bank: Consolidate_JPM_Data_Deposit_final.py

11/06/2018 12:27:23 PM- root         - INFO     - Succesfully Web-Scrapping completed for bank: Consolidate_JPM_Data_Deposit_final.py

11/06/2018 12:27:23 PM- root         - INFO     - Web-Scrapping Starting for bank: JPM_mortgage_v2.py

11/06/2018 12:27:30 PM- root         - INFO     - Succesfully Web-Scrapping completed for bank: Bank_of_america_mortgage_v2.py

11/06/2018 12:27:30 PM- root         - INFO     - Web-Scrapping Starting for bank: Us_Deposits.py

11/06/2018 12:27:35 PM- root         - INFO     - Succesfully Web-Scrapping completed for bank: Us_Deposits.py

11/06/2018 12:27:35 PM- root         - INFO     - Web-Scrapping Starting for bank: Us_Deposits_Mortgage.py

11/06/2018 12:27:44 PM- root         - INFO     - Succesfully Web-Scrapping completed for bank: suntrust_mortgage_v2.py

11/06/2018 12:27:44 PM- root         - INFO     - Succesfully Web-Scrapping completed for bank: suntrust_deposit_v2.py

11/06/2018 12:27:44 PM- root         - INFO     - Web-Scrapping Starting for bank: bankRate_Mortgage.py

11/06/2018 12:27:44 PM- root         - INFO     - Web-Scrapping Starting for bank: bankRate.py

11/06/2018 12:27:44 PM- root         - INFO     - Succesfully Web-Scrapping completed for bank: wellsfargo_deposit_v2.py

11/06/2018 12:27:44 PM- root         - INFO     - Web-Scrapping Starting for bank: Deposits_account.py

11/06/2018 12:27:46 PM- root         - INFO     - Succesfully Web-Scrapping completed for bank: Us_Deposits_Mortgage.py

11/06/2018 12:27:46 PM- root         - INFO     - Web-Scrapping Starting for bank: MyBankTracker_Deposits.py

11/06/2018 12:27:51 PM- root         - INFO     - Succesfully Web-Scrapping completed for bank: MyBankTracker_Deposits.py

11/06/2018 12:27:51 PM- root         - INFO     - Web-Scrapping Starting for bank: MyBankTracker_Mortgage.py

11/06/2018 12:27:59 PM- root         - INFO     - Succesfully Web-Scrapping completed for bank: pnc_mortgage_v2.py

11/06/2018 12:27:59 PM- root         - INFO     - Succesfully Web-Scrapping completed for bank: Ally_deposits_v2.py

11/06/2018 12:27:59 PM- root         - INFO     - Succesfully Web-Scrapping completed for bank: capital_one_deposits_v2.py

11/06/2018 12:27:59 PM- root         - INFO     - Web-Scrapping Starting for bank: Nerdwallet_Bank_Deposits.py

11/06/2018 12:28:05 PM- root         - INFO     - Succesfully Web-Scrapping completed for bank: MyBankTracker_Mortgage.py

11/06/2018 12:28:25 PM- root         - INFO     - Succesfully Web-Scrapping completed for bank: Nerdwallet_Bank_Deposits.py

11/06/2018 12:29:31 PM- root         - INFO     - Succesfully Web-Scrapping completed for bank: Deposits_account.py

11/06/2018 12:29:31 PM- root         - INFO     - Succesfully Web-Scrapping completed for bank: bankRate.py

11/06/2018 12:29:31 PM- root         - INFO     - Succesfully Web-Scrapping completed for bank: bankRate_Mortgage.py

11/06/2018 12:29:33 PM- root         - INFO     - Succesfully Web-Scrapping completed for bank: citi_bank.py

11/06/2018 12:29:40 PM- root         - INFO     - Succesfully Web-Scrapping completed for bank: JPM_mortgage_v2.py

11/06/2018 12:32:15 PM- root         - INFO     - Succesfully Web-Scrapping completed for bank: citi_mortgage.py

11/06/2018 12:32:25 PM- root         - INFO     - Starting the program execution

11/06/2018 12:32:25 PM- root         - INFO     - Web-Scrapping Starting for bank: Final_Consolidation_Deposits.py

11/06/2018 12:32:40 PM- root         - INFO     - Succesfully Web-Scrapping completed for bank: Final_Consolidation_Deposits.py

11/06/2018 12:32:40 PM- root         - INFO     - Web-Scrapping Starting for bank: Final_Consolidation_MORTGAGE.py

11/06/2018 12:32:45 PM- root         - INFO     - Succesfully Web-Scrapping completed for bank: Final_Consolidation_MORTGAGE.py

11/06/2018 12:32:55 PM- root         - INFO     - Starting the program execution

11/06/2018 12:32:55 PM- root         - INFO     - Web-Scrapping Starting for bank: Aggregator_US_DEPOSIT.py

11/06/2018 12:33:10 PM- root         - INFO     - Succesfully Web-Scrapping completed for bank: Aggregator_US_DEPOSIT.py

11/06/2018 12:33:10 PM- root         - INFO     - Web-Scrapping Starting for bank: Aggregator_US_Mortgage.py

11/06/2018 12:33:12 PM- root         - INFO     - Succesfully Web-Scrapping completed for bank: Aggregator_US_Mortgage.py

11/06/2018 12:33:22 PM- root         - INFO     - Starting the program execution

11/06/2018 12:33:22 PM- root         - INFO     - Web-Scrapping Starting for bank: US_bank_agg.py

11/06/2018 12:33:23 PM- root         - INFO     - Succesfully Web-Scrapping completed for bank: US_bank_agg.py

11/06/2018 12:33:33 PM- root         - INFO     - Starting the program execution

11/06/2018 12:33:33 PM- root         - INFO     - Web-Scrapping Starting for bank: validation_checker_deposit.py

11/06/2018 12:33:33 PM- root         - INFO     - Succesfully Web-Scrapping completed for bank: validation_checker_deposit.py

11/06/2018 12:33:33 PM- root         - INFO     - Web-Scrapping Starting for bank: validation_checker_mortgage.py

11/06/2018 12:33:34 PM- root         - INFO     - Succesfully Web-Scrapping completed for bank: validation_checker_mortgage.py

11/06/2018 12:33:44 PM- root         - INFO     - Starting the program execution

11/06/2018 12:33:44 PM- root         - INFO     - Web-Scrapping Starting for bank: comparing_excel_deposits.py

11/06/2018 12:33:44 PM- root         - INFO     - Succesfully Web-Scrapping completed for bank: comparing_excel_deposits.py

11/06/2018 12:33:44 PM- root         - INFO     - Web-Scrapping Starting for bank: comparing_excel_mortgages.py

11/06/2018 12:33:45 PM- root         - INFO     - Succesfully Web-Scrapping completed for bank: comparing_excel_mortgages.py

