
Purpose     : Extract data for Us Banks

        #####################     Change log   ###############################
        ##------------------------------------------------------------------##
        ##  Author              ##Date                ##Current Version     ##
        ##------------------------------------------------------------------##
        ## Moody's Analytics    ##29th May,2018    ##V1.0                ##
        ##------------------------------------------------------------------##
        ######################################################################
        Date                   Version     Author      Description
        29th May,2018        v 0.1       Sairam      Initial development


14/08/2018 10:55:38 AM- root         - INFO     - Starting the program execution

14/08/2018 10:55:38 AM- root         - INFO     - Web-Scrapping Starting for bank: wellsfargo_deposit_v2.py

14/08/2018 10:55:38 AM- root         - INFO     - Web-Scrapping Starting for bank: wellsfargo_mortgage_v2.py

14/08/2018 10:55:38 AM- root         - INFO     - Web-Scrapping Starting for bank: pnc_mortgage_v2.py

14/08/2018 10:55:38 AM- root         - INFO     - Web-Scrapping Starting for bank: pnc_deposit.py

14/08/2018 10:55:38 AM- root         - INFO     - Web-Scrapping Starting for bank: suntrust_deposit_v2.py

14/08/2018 10:55:38 AM- root         - INFO     - Web-Scrapping Starting for bank: suntrust_mortgage_v2.py

14/08/2018 10:55:38 AM- root         - INFO     - Web-Scrapping Starting for bank: Ally_deposits_v2.py

14/08/2018 10:55:38 AM- root         - INFO     - Web-Scrapping Starting for bank: Ally_mortgage_v2.py

14/08/2018 10:55:38 AM- root         - INFO     - Web-Scrapping Starting for bank: capital_one_deposits_v2.py

14/08/2018 10:55:38 AM- root         - INFO     - Web-Scrapping Starting for bank: synchrony_deposits_new.py

14/08/2018 10:55:49 AM- root         - INFO     - Succesfully Web-Scrapping completed for bank: suntrust_deposit_v2.py

14/08/2018 10:55:49 AM- root         - INFO     - Web-Scrapping Starting for bank: citi_bank_v2.py

14/08/2018 10:56:38 AM- root         - INFO     - Succesfully Web-Scrapping completed for bank: wellsfargo_deposit_v2.py

14/08/2018 10:56:38 AM- root         - INFO     - Web-Scrapping Starting for bank: citi_mortgage.py

14/08/2018 10:56:38 AM- root         - INFO     - Succesfully Web-Scrapping completed for bank: pnc_deposit.py

14/08/2018 10:56:38 AM- root         - INFO     - Succesfully Web-Scrapping completed for bank: pnc_mortgage_v2.py

14/08/2018 10:56:38 AM- root         - INFO     - Succesfully Web-Scrapping completed for bank: wellsfargo_mortgage_v2.py

14/08/2018 10:56:38 AM- root         - INFO     - Web-Scrapping Starting for bank: consolidated_BOA.py

14/08/2018 10:56:38 AM- root         - INFO     - Web-Scrapping Starting for bank: Bank_of_america_mortgage_v2.py

14/08/2018 10:56:38 AM- root         - INFO     - Web-Scrapping Starting for bank: Consolidate_JPM_Data_Deposit_final.py

14/08/2018 10:56:56 AM- root         - INFO     - Succesfully Web-Scrapping completed for bank: synchrony_deposits_new.py

14/08/2018 10:56:56 AM- root         - INFO     - Web-Scrapping Starting for bank: JPM_mortgage_v2.py

14/08/2018 10:57:02 AM- root         - INFO     - Succesfully Web-Scrapping completed for bank: Consolidate_JPM_Data_Deposit_final.py

14/08/2018 10:57:02 AM- root         - INFO     - Succesfully Web-Scrapping completed for bank: Bank_of_america_mortgage_v2.py

14/08/2018 10:57:02 AM- root         - INFO     - Web-Scrapping Starting for bank: Us_Deposits.py

14/08/2018 10:57:02 AM- root         - INFO     - Web-Scrapping Starting for bank: Us_Deposits_Mortgage.py

14/08/2018 10:57:12 AM- root         - INFO     - Succesfully Web-Scrapping completed for bank: Us_Deposits.py

14/08/2018 10:57:12 AM- root         - INFO     - Web-Scrapping Starting for bank: bankRate.py

14/08/2018 10:57:12 AM- root         - INFO     - Succesfully Web-Scrapping completed for bank: Us_Deposits_Mortgage.py

14/08/2018 10:57:12 AM- root         - INFO     - Web-Scrapping Starting for bank: bankRate_Mortgage_v2.py

14/08/2018 10:57:22 AM- root         - INFO     - Succesfully Web-Scrapping completed for bank: Ally_deposits_v2.py

14/08/2018 10:57:22 AM- root         - INFO     - Web-Scrapping Starting for bank: Deposits_account.py

14/08/2018 10:57:22 AM- root         - INFO     - Succesfully Web-Scrapping completed for bank: capital_one_deposits_v2.py

14/08/2018 10:57:22 AM- root         - INFO     - Web-Scrapping Starting for bank: MyBankTracker_Deposits.py

14/08/2018 10:57:22 AM- root         - INFO     - Succesfully Web-Scrapping completed for bank: Ally_mortgage_v2.py

14/08/2018 10:57:22 AM- root         - INFO     - Web-Scrapping Starting for bank: MyBankTracker_Mortgage.py

14/08/2018 10:57:22 AM- root         - INFO     - Succesfully Web-Scrapping completed for bank: suntrust_mortgage_v2.py

14/08/2018 10:57:22 AM- root         - INFO     - Web-Scrapping Starting for bank: Nerdwallet_Bank_Deposits.py

14/08/2018 10:57:38 AM- root         - INFO     - Succesfully Web-Scrapping completed for bank: citi_bank_v2.py

14/08/2018 10:57:40 AM- root         - INFO     - Succesfully Web-Scrapping completed for bank: Deposits_account.py

14/08/2018 10:57:42 AM- root         - INFO     - Succesfully Web-Scrapping completed for bank: MyBankTracker_Deposits.py

14/08/2018 10:57:42 AM- root         - INFO     - Succesfully Web-Scrapping completed for bank: MyBankTracker_Mortgage.py

14/08/2018 10:57:59 AM- root         - INFO     - Succesfully Web-Scrapping completed for bank: Nerdwallet_Bank_Deposits.py

14/08/2018 10:58:44 AM- root         - INFO     - Succesfully Web-Scrapping completed for bank: bankRate_Mortgage_v2.py

14/08/2018 10:58:50 AM- root         - INFO     - Succesfully Web-Scrapping completed for bank: JPM_mortgage_v2.py

14/08/2018 11:00:21 AM- root         - INFO     - Succesfully Web-Scrapping completed for bank: bankRate.py

14/08/2018 11:01:26 AM- root         - INFO     - Succesfully Web-Scrapping completed for bank: consolidated_BOA.py

14/08/2018 11:01:26 AM- root         - INFO     - Succesfully Web-Scrapping completed for bank: citi_mortgage.py

14/08/2018 11:01:26 AM- root         - INFO     - Starting the program execution

14/08/2018 11:01:26 AM- root         - INFO     - Web-Scrapping Starting for bank: Final_Consolidation_Deposits.py

14/08/2018 11:01:41 AM- root         - INFO     - Succesfully Web-Scrapping completed for bank: Final_Consolidation_Deposits.py

14/08/2018 11:01:41 AM- root         - INFO     - Web-Scrapping Starting for bank: Final_Consolidation_MORTGAGE.py

14/08/2018 11:01:45 AM- root         - INFO     - Succesfully Web-Scrapping completed for bank: Final_Consolidation_MORTGAGE.py

14/08/2018 11:01:55 AM- root         - INFO     - Starting the program execution

14/08/2018 11:01:55 AM- root         - INFO     - Web-Scrapping Starting for bank: Aggregator_US_DEPOSIT.py

14/08/2018 11:02:14 AM- root         - INFO     - Succesfully Web-Scrapping completed for bank: Aggregator_US_DEPOSIT.py

14/08/2018 11:02:14 AM- root         - INFO     - Web-Scrapping Starting for bank: Aggregator_US_Mortgage.py

14/08/2018 11:02:16 AM- root         - INFO     - Succesfully Web-Scrapping completed for bank: Aggregator_US_Mortgage.py

14/08/2018 11:02:26 AM- root         - INFO     - Starting the program execution

14/08/2018 11:02:26 AM- root         - INFO     - Web-Scrapping Starting for bank: US_bank_agg.py

14/08/2018 11:02:27 AM- root         - INFO     - Succesfully Web-Scrapping completed for bank: US_bank_agg.py

14/08/2018 11:02:37 AM- root         - INFO     - Starting the program execution

14/08/2018 11:02:37 AM- root         - INFO     - Web-Scrapping Starting for bank: validation_checker_deposit.py

14/08/2018 11:02:38 AM- root         - INFO     - Succesfully Web-Scrapping completed for bank: validation_checker_deposit.py

14/08/2018 11:02:38 AM- root         - INFO     - Web-Scrapping Starting for bank: validation_checker_mortgage.py

14/08/2018 11:02:39 AM- root         - INFO     - Succesfully Web-Scrapping completed for bank: validation_checker_mortgage.py

14/08/2018 11:02:49 AM- root         - INFO     - Starting the program execution

14/08/2018 11:02:49 AM- root         - INFO     - Web-Scrapping Starting for bank: comparing_excel_deposits.py

14/08/2018 11:02:49 AM- root         - INFO     - Succesfully Web-Scrapping completed for bank: comparing_excel_deposits.py

14/08/2018 11:02:49 AM- root         - INFO     - Web-Scrapping Starting for bank: comparing_excel_mortgages.py

14/08/2018 11:02:49 AM- root         - INFO     - Succesfully Web-Scrapping completed for bank: comparing_excel_mortgages.py

