
Purpose     : Extract data for Us Banks

        #####################     Change log   ###############################
        ##------------------------------------------------------------------##
        ##  Author              ##Date                ##Current Version     ##
        ##------------------------------------------------------------------##
        ## Moody's Analytics    ##29th May,2018    ##V1.0                ##
        ##------------------------------------------------------------------##
        ######################################################################
        Date                   Version     Author      Description
        29th May,2018        v 0.1       Sairam      Initial development


29/05/2018 11:50:45 AM- root         - INFO     - Starting the program execution

29/05/2018 11:50:45 AM- root         - INFO     - Web-Scrapping Starting for bank: wellsfargo_deposit_v2.py

29/05/2018 11:50:45 AM- root         - INFO     - Web-Scrapping Starting for bank: wellsfargo_mortgage_v2.py

29/05/2018 11:50:45 AM- root         - INFO     - Web-Scrapping Starting for bank: pnc_mortgage_v2.py

29/05/2018 11:50:45 AM- root         - INFO     - Web-Scrapping Starting for bank: pnc_deposit.py

29/05/2018 11:50:45 AM- root         - INFO     - Web-Scrapping Starting for bank: suntrust_deposit_v2.py

29/05/2018 11:50:45 AM- root         - INFO     - Web-Scrapping Starting for bank: suntrust_mortgage_v2.py

29/05/2018 11:50:45 AM- root         - INFO     - Web-Scrapping Starting for bank: capital_one_deposits_v2.py

29/05/2018 11:50:45 AM- root         - INFO     - Web-Scrapping Starting for bank: Ally_deposits_v2.py

29/05/2018 11:50:45 AM- root         - INFO     - Web-Scrapping Starting for bank: Ally_mortgage_v2.py

29/05/2018 11:50:45 AM- root         - INFO     - Web-Scrapping Starting for bank: synchrony_deposits_new.py

29/05/2018 11:51:30 AM- root         - INFO     - Succesfully Web-Scrapping completed for bank: Ally_mortgage_v2.py

29/05/2018 11:51:30 AM- root         - INFO     - Succesfully Web-Scrapping completed for bank: capital_one_deposits_v2.py

29/05/2018 11:51:30 AM- root         - INFO     - Succesfully Web-Scrapping completed for bank: synchrony_deposits_new.py

29/05/2018 11:51:30 AM- root         - INFO     - Web-Scrapping Starting for bank: citi_bank.py

29/05/2018 11:51:30 AM- root         - INFO     - Web-Scrapping Starting for bank: citi_mortgage.py

29/05/2018 11:51:30 AM- root         - INFO     - Web-Scrapping Starting for bank: consolidated_BOA.py

29/05/2018 11:51:56 AM- root         - INFO     - Succesfully Web-Scrapping completed for bank: wellsfargo_deposit_v2.py

29/05/2018 11:51:56 AM- root         - INFO     - Succesfully Web-Scrapping completed for bank: pnc_deposit.py

29/05/2018 11:51:56 AM- root         - INFO     - Succesfully Web-Scrapping completed for bank: pnc_mortgage_v2.py

29/05/2018 11:51:56 AM- root         - INFO     - Succesfully Web-Scrapping completed for bank: Ally_deposits_v2.py

29/05/2018 11:51:56 AM- root         - INFO     - Succesfully Web-Scrapping completed for bank: suntrust_mortgage_v2.py

29/05/2018 11:51:56 AM- root         - INFO     - Web-Scrapping Starting for bank: Bank_of_america_mortgage_v2.py

29/05/2018 11:51:56 AM- root         - INFO     - Succesfully Web-Scrapping completed for bank: suntrust_deposit_v2.py

29/05/2018 11:51:56 AM- root         - INFO     - Succesfully Web-Scrapping completed for bank: wellsfargo_mortgage_v2.py

29/05/2018 11:51:56 AM- root         - INFO     - Web-Scrapping Starting for bank: Consolidate_JPM_Data_Deposit_final.py

29/05/2018 11:51:56 AM- root         - INFO     - Web-Scrapping Starting for bank: JPM_mortgage_v2.py

29/05/2018 11:51:56 AM- root         - INFO     - Web-Scrapping Starting for bank: Us_Deposits.py

29/05/2018 11:51:56 AM- root         - INFO     - Web-Scrapping Starting for bank: Us_Deposits_Mortgage.py

29/05/2018 11:51:56 AM- root         - INFO     - Web-Scrapping Starting for bank: bankRate.py

29/05/2018 11:51:56 AM- root         - INFO     - Web-Scrapping Starting for bank: bankRate_Mortgage.py

29/05/2018 11:53:32 AM- root         - INFO     - Succesfully Web-Scrapping completed for bank: bankRate_Mortgage.py

29/05/2018 11:53:32 AM- root         - INFO     - Web-Scrapping Starting for bank: Deposits_account.py

29/05/2018 11:53:53 AM- root         - INFO     - Succesfully Web-Scrapping completed for bank: Deposits_account.py

29/05/2018 11:53:53 AM- root         - INFO     - Web-Scrapping Starting for bank: MyBankTracker_Deposits.py

29/05/2018 11:54:00 AM- root         - INFO     - Succesfully Web-Scrapping completed for bank: MyBankTracker_Deposits.py

29/05/2018 11:54:00 AM- root         - INFO     - Web-Scrapping Starting for bank: MyBankTracker_Mortgage.py

29/05/2018 11:54:08 AM- root         - INFO     - Succesfully Web-Scrapping completed for bank: MyBankTracker_Mortgage.py

29/05/2018 11:54:08 AM- root         - INFO     - Web-Scrapping Starting for bank: Nerdwallet_Bank_Deposits.py

29/05/2018 11:54:26 AM- root         - INFO     - Succesfully Web-Scrapping completed for bank: Us_Deposits_Mortgage.py

29/05/2018 11:54:26 AM- root         - INFO     - Succesfully Web-Scrapping completed for bank: Consolidate_JPM_Data_Deposit_final.py

29/05/2018 11:54:26 AM- root         - INFO     - Succesfully Web-Scrapping completed for bank: bankRate.py

29/05/2018 11:54:26 AM- root         - INFO     - Succesfully Web-Scrapping completed for bank: JPM_mortgage_v2.py

29/05/2018 11:54:26 AM- root         - INFO     - Succesfully Web-Scrapping completed for bank: Us_Deposits.py

29/05/2018 11:54:26 AM- root         - INFO     - Succesfully Web-Scrapping completed for bank: Bank_of_america_mortgage_v2.py

29/05/2018 11:54:36 AM- root         - INFO     - Succesfully Web-Scrapping completed for bank: Nerdwallet_Bank_Deposits.py

29/05/2018 11:56:03 AM- root         - INFO     - Succesfully Web-Scrapping completed for bank: citi_bank.py

29/05/2018 11:56:03 AM- root         - INFO     - Succesfully Web-Scrapping completed for bank: citi_mortgage.py

29/05/2018 11:56:03 AM- root         - INFO     - Succesfully Web-Scrapping completed for bank: consolidated_BOA.py

29/05/2018 11:56:03 AM- root         - INFO     - Starting the program execution

29/05/2018 11:56:03 AM- root         - INFO     - Web-Scrapping Starting for bank: Final_Consolidation_Deposits.py

29/05/2018 11:56:18 AM- root         - INFO     - Succesfully Web-Scrapping completed for bank: Final_Consolidation_Deposits.py

29/05/2018 11:56:18 AM- root         - INFO     - Web-Scrapping Starting for bank: Final_Consolidation_MORTGAGE.py

29/05/2018 11:56:23 AM- root         - INFO     - Succesfully Web-Scrapping completed for bank: Final_Consolidation_MORTGAGE.py

29/05/2018 11:56:23 AM- root         - INFO     - Starting the program execution

29/05/2018 11:56:23 AM- root         - INFO     - Web-Scrapping Starting for bank: Aggregator_US_DEPOSIT.py

29/05/2018 11:56:42 AM- root         - INFO     - Succesfully Web-Scrapping completed for bank: Aggregator_US_DEPOSIT.py

29/05/2018 11:56:42 AM- root         - INFO     - Web-Scrapping Starting for bank: Aggregator_US_Mortgage.py

29/05/2018 11:56:44 AM- root         - INFO     - Succesfully Web-Scrapping completed for bank: Aggregator_US_Mortgage.py

29/05/2018 11:56:44 AM- root         - INFO     - Starting the program execution

29/05/2018 11:56:44 AM- root         - INFO     - Web-Scrapping Starting for bank: US_bank_agg.py

29/05/2018 11:56:45 AM- root         - INFO     - Succesfully Web-Scrapping completed for bank: US_bank_agg.py

