
Purpose     : Extract data for Us Banks

        #####################     Change log   ###############################
        ##------------------------------------------------------------------##
        ##  Author              ##Date                ##Current Version     ##
        ##------------------------------------------------------------------##
        ## Moody's Analytics    ##29th May,2018    ##V1.0                ##
        ##------------------------------------------------------------------##
        ######################################################################
        Date                   Version     Author      Description
        29th May,2018        v 0.1       Sairam      Initial development


15/06/2018 12:25:41 PM- root         - INFO     - Starting the program execution

15/06/2018 12:25:41 PM- root         - INFO     - Web-Scrapping Starting for bank: wellsfargo_deposit_v2.py

15/06/2018 12:25:41 PM- root         - INFO     - Web-Scrapping Starting for bank: wellsfargo_mortgage_v2.py

15/06/2018 12:25:41 PM- root         - INFO     - Web-Scrapping Starting for bank: pnc_mortgage_v2.py

15/06/2018 12:25:41 PM- root         - INFO     - Web-Scrapping Starting for bank: pnc_deposit.py

15/06/2018 12:25:41 PM- root         - INFO     - Web-Scrapping Starting for bank: suntrust_deposit_v2.py

15/06/2018 12:25:41 PM- root         - INFO     - Web-Scrapping Starting for bank: suntrust_mortgage_v2.py

15/06/2018 12:25:41 PM- root         - INFO     - Web-Scrapping Starting for bank: capital_one_deposits_v2.py

15/06/2018 12:25:41 PM- root         - INFO     - Web-Scrapping Starting for bank: Ally_deposits_v2.py

15/06/2018 12:25:41 PM- root         - INFO     - Web-Scrapping Starting for bank: Ally_mortgage_v2.py

15/06/2018 12:25:41 PM- root         - INFO     - Web-Scrapping Starting for bank: synchrony_deposits_new.py

15/06/2018 12:25:43 PM- root         - INFO     - Succesfully Web-Scrapping completed for bank: synchrony_deposits_new.py

15/06/2018 12:25:43 PM- root         - INFO     - Web-Scrapping Starting for bank: citi_bank.py

15/06/2018 12:25:44 PM- root         - INFO     - Succesfully Web-Scrapping completed for bank: suntrust_mortgage_v2.py

15/06/2018 12:25:44 PM- root         - INFO     - Web-Scrapping Starting for bank: citi_mortgage.py

15/06/2018 12:26:09 PM- root         - INFO     - Succesfully Web-Scrapping completed for bank: pnc_mortgage_v2.py

15/06/2018 12:26:09 PM- root         - INFO     - Succesfully Web-Scrapping completed for bank: wellsfargo_mortgage_v2.py

15/06/2018 12:26:09 PM- root         - INFO     - Web-Scrapping Starting for bank: consolidated_BOA.py

15/06/2018 12:26:09 PM- root         - INFO     - Succesfully Web-Scrapping completed for bank: wellsfargo_deposit_v2.py

15/06/2018 12:26:09 PM- root         - INFO     - Web-Scrapping Starting for bank: Bank_of_america_mortgage_v2.py

15/06/2018 12:26:09 PM- root         - INFO     - Web-Scrapping Starting for bank: Consolidate_JPM_Data_Deposit_final.py

15/06/2018 12:26:23 PM- root         - INFO     - Succesfully Web-Scrapping completed for bank: Consolidate_JPM_Data_Deposit_final.py

15/06/2018 12:26:23 PM- root         - INFO     - Succesfully Web-Scrapping completed for bank: Bank_of_america_mortgage_v2.py

15/06/2018 12:26:23 PM- root         - INFO     - Web-Scrapping Starting for bank: JPM_mortgage_v2.py

15/06/2018 12:26:23 PM- root         - INFO     - Web-Scrapping Starting for bank: Us_Deposits.py

15/06/2018 12:26:23 PM- root         - INFO     - Succesfully Web-Scrapping completed for bank: consolidated_BOA.py

15/06/2018 12:26:23 PM- root         - INFO     - Web-Scrapping Starting for bank: Us_Deposits_Mortgage.py

15/06/2018 12:26:27 PM- root         - INFO     - Succesfully Web-Scrapping completed for bank: citi_mortgage.py

15/06/2018 12:26:27 PM- root         - INFO     - Web-Scrapping Starting for bank: bankRate.py

15/06/2018 12:26:33 PM- root         - INFO     - Succesfully Web-Scrapping completed for bank: Us_Deposits_Mortgage.py

15/06/2018 12:26:33 PM- root         - INFO     - Web-Scrapping Starting for bank: bankRate_Mortgage.py

15/06/2018 12:26:34 PM- root         - INFO     - Succesfully Web-Scrapping completed for bank: pnc_deposit.py

15/06/2018 12:26:34 PM- root         - INFO     - Web-Scrapping Starting for bank: Deposits_account.py

15/06/2018 12:26:55 PM- root         - INFO     - Succesfully Web-Scrapping completed for bank: Deposits_account.py

15/06/2018 12:26:55 PM- root         - INFO     - Web-Scrapping Starting for bank: MyBankTracker_Deposits.py

15/06/2018 12:26:58 PM- root         - INFO     - Succesfully Web-Scrapping completed for bank: MyBankTracker_Deposits.py

15/06/2018 12:26:58 PM- root         - INFO     - Web-Scrapping Starting for bank: MyBankTracker_Mortgage.py

15/06/2018 12:27:12 PM- root         - INFO     - Succesfully Web-Scrapping completed for bank: MyBankTracker_Mortgage.py

15/06/2018 12:27:12 PM- root         - INFO     - Web-Scrapping Starting for bank: Nerdwallet_Bank_Deposits.py

15/06/2018 12:27:13 PM- root         - INFO     - Succesfully Web-Scrapping completed for bank: Ally_deposits_v2.py

15/06/2018 12:27:13 PM- root         - INFO     - Succesfully Web-Scrapping completed for bank: Ally_mortgage_v2.py

15/06/2018 12:27:13 PM- root         - INFO     - Succesfully Web-Scrapping completed for bank: suntrust_deposit_v2.py

15/06/2018 12:27:13 PM- root         - INFO     - Succesfully Web-Scrapping completed for bank: capital_one_deposits_v2.py

15/06/2018 12:27:46 PM- root         - INFO     - Succesfully Web-Scrapping completed for bank: Nerdwallet_Bank_Deposits.py

15/06/2018 12:27:58 PM- root         - INFO     - Succesfully Web-Scrapping completed for bank: bankRate.py

15/06/2018 12:28:15 PM- root         - INFO     - Succesfully Web-Scrapping completed for bank: bankRate_Mortgage.py

15/06/2018 12:28:24 PM- root         - INFO     - Succesfully Web-Scrapping completed for bank: Us_Deposits.py

15/06/2018 12:28:24 PM- root         - INFO     - Succesfully Web-Scrapping completed for bank: JPM_mortgage_v2.py

15/06/2018 12:29:27 PM- root         - ERROR    - Got: Error for bank: citi_bank.py

15/06/2018 12:29:37 PM- root         - INFO     - Starting the program execution

15/06/2018 12:29:37 PM- root         - INFO     - Web-Scrapping Starting for bank: Final_Consolidation_Deposits.py

15/06/2018 12:29:48 PM- root         - INFO     - Succesfully Web-Scrapping completed for bank: Final_Consolidation_Deposits.py

15/06/2018 12:29:48 PM- root         - INFO     - Web-Scrapping Starting for bank: Final_Consolidation_MORTGAGE.py

15/06/2018 12:29:52 PM- root         - INFO     - Succesfully Web-Scrapping completed for bank: Final_Consolidation_MORTGAGE.py

15/06/2018 12:30:02 PM- root         - INFO     - Starting the program execution

15/06/2018 12:30:02 PM- root         - INFO     - Web-Scrapping Starting for bank: Aggregator_US_DEPOSIT.py

15/06/2018 12:30:18 PM- root         - INFO     - Succesfully Web-Scrapping completed for bank: Aggregator_US_DEPOSIT.py

15/06/2018 12:30:18 PM- root         - INFO     - Web-Scrapping Starting for bank: Aggregator_US_Mortgage.py

15/06/2018 12:30:21 PM- root         - INFO     - Succesfully Web-Scrapping completed for bank: Aggregator_US_Mortgage.py

15/06/2018 12:30:31 PM- root         - INFO     - Starting the program execution

15/06/2018 12:30:31 PM- root         - INFO     - Web-Scrapping Starting for bank: US_bank_agg.py

15/06/2018 12:30:31 PM- root         - INFO     - Succesfully Web-Scrapping completed for bank: US_bank_agg.py

15/06/2018 12:30:41 PM- root         - INFO     - Starting the program execution

15/06/2018 12:30:41 PM- root         - INFO     - Web-Scrapping Starting for bank: validation_checker_deposit.py

15/06/2018 12:30:42 PM- root         - INFO     - Succesfully Web-Scrapping completed for bank: validation_checker_deposit.py

15/06/2018 12:30:42 PM- root         - INFO     - Web-Scrapping Starting for bank: validation_checker_mortgage.py

15/06/2018 12:30:43 PM- root         - INFO     - Succesfully Web-Scrapping completed for bank: validation_checker_mortgage.py

15/06/2018 12:30:53 PM- root         - INFO     - Starting the program execution

15/06/2018 12:30:53 PM- root         - INFO     - Web-Scrapping Starting for bank: comparing_excel_deposits.py

15/06/2018 12:30:53 PM- root         - INFO     - Succesfully Web-Scrapping completed for bank: comparing_excel_deposits.py

15/06/2018 12:30:53 PM- root         - INFO     - Web-Scrapping Starting for bank: comparing_excel_mortgages.py

15/06/2018 12:30:53 PM- root         - INFO     - Succesfully Web-Scrapping completed for bank: comparing_excel_mortgages.py

