
Purpose     : Extract data for Us Banks

        #####################     Change log   ###############################
        ##------------------------------------------------------------------##
        ##  Author              ##Date                ##Current Version     ##
        ##------------------------------------------------------------------##
        ## Moody's Analytics    ##29th May,2018    ##V1.0                ##
        ##------------------------------------------------------------------##
        ######################################################################
        Date                   Version     Author      Description
        29th May,2018        v 0.1       Sairam      Initial development


14/09/2018 11:50:45 AM- root         - INFO     - Starting the program execution

14/09/2018 11:50:45 AM- root         - INFO     - Web-Scrapping Starting for bank: wellsfargo_deposit_v2.py

14/09/2018 11:50:45 AM- root         - INFO     - Web-Scrapping Starting for bank: wellsfargo_mortgage_v2.py

14/09/2018 11:50:45 AM- root         - INFO     - Web-Scrapping Starting for bank: pnc_mortgage_v2.py

14/09/2018 11:50:45 AM- root         - INFO     - Web-Scrapping Starting for bank: pnc_deposit.py

14/09/2018 11:50:45 AM- root         - INFO     - Web-Scrapping Starting for bank: suntrust_mortgage_v2.py

14/09/2018 11:50:45 AM- root         - INFO     - Web-Scrapping Starting for bank: suntrust_deposit_v2.py

14/09/2018 11:50:45 AM- root         - INFO     - Web-Scrapping Starting for bank: capital_one_deposits_v2.py

14/09/2018 11:50:45 AM- root         - INFO     - Web-Scrapping Starting for bank: Ally_deposits_v2.py

14/09/2018 11:50:45 AM- root         - INFO     - Web-Scrapping Starting for bank: Ally_mortgage_v2.py

14/09/2018 11:50:45 AM- root         - INFO     - Web-Scrapping Starting for bank: synchrony_deposits_new.py

14/09/2018 11:50:51 AM- root         - INFO     - Succesfully Web-Scrapping completed for bank: synchrony_deposits_new.py

14/09/2018 11:50:51 AM- root         - INFO     - Web-Scrapping Starting for bank: citi_bank_v2.py

14/09/2018 11:50:54 AM- root         - INFO     - Succesfully Web-Scrapping completed for bank: Ally_mortgage_v2.py

14/09/2018 11:50:54 AM- root         - INFO     - Web-Scrapping Starting for bank: citi_mortgage.py

14/09/2018 11:51:44 AM- root         - INFO     - Succesfully Web-Scrapping completed for bank: Ally_deposits_v2.py

14/09/2018 11:51:44 AM- root         - INFO     - Web-Scrapping Starting for bank: consolidated_BOA.py

14/09/2018 11:51:45 AM- root         - INFO     - Succesfully Web-Scrapping completed for bank: pnc_deposit.py

14/09/2018 11:51:45 AM- root         - INFO     - Web-Scrapping Starting for bank: Bank_of_america_mortgage_v2.py

14/09/2018 11:51:45 AM- root         - INFO     - Succesfully Web-Scrapping completed for bank: wellsfargo_mortgage_v2.py

14/09/2018 11:51:45 AM- root         - INFO     - Web-Scrapping Starting for bank: Consolidate_JPM_Data_Deposit_final.py

14/09/2018 11:51:45 AM- root         - INFO     - Succesfully Web-Scrapping completed for bank: suntrust_deposit_v2.py

14/09/2018 11:51:45 AM- root         - INFO     - Web-Scrapping Starting for bank: JPM_mortgage_v2.py

14/09/2018 11:51:45 AM- root         - INFO     - Succesfully Web-Scrapping completed for bank: pnc_mortgage_v2.py

14/09/2018 11:51:45 AM- root         - INFO     - Web-Scrapping Starting for bank: Us_Deposits.py

14/09/2018 11:51:45 AM- root         - INFO     - Succesfully Web-Scrapping completed for bank: capital_one_deposits_v2.py

14/09/2018 11:51:45 AM- root         - INFO     - Web-Scrapping Starting for bank: Us_Deposits_Mortgage.py

14/09/2018 11:51:45 AM- root         - INFO     - Succesfully Web-Scrapping completed for bank: wellsfargo_deposit_v2.py

14/09/2018 11:51:45 AM- root         - INFO     - Succesfully Web-Scrapping completed for bank: suntrust_mortgage_v2.py

14/09/2018 11:51:45 AM- root         - INFO     - Web-Scrapping Starting for bank: bankRate.py

14/09/2018 11:51:45 AM- root         - INFO     - Web-Scrapping Starting for bank: bankRate_Mortgage_v2.py

14/09/2018 11:52:12 AM- root         - INFO     - Succesfully Web-Scrapping completed for bank: consolidated_BOA.py

14/09/2018 11:52:12 AM- root         - INFO     - Web-Scrapping Starting for bank: Deposits_account.py

14/09/2018 11:52:15 AM- root         - INFO     - Succesfully Web-Scrapping completed for bank: citi_bank_v2.py

14/09/2018 11:52:15 AM- root         - INFO     - Web-Scrapping Starting for bank: MyBankTracker_Deposits.py

14/09/2018 11:52:20 AM- root         - INFO     - Succesfully Web-Scrapping completed for bank: MyBankTracker_Deposits.py

14/09/2018 11:52:20 AM- root         - INFO     - Web-Scrapping Starting for bank: MyBankTracker_Mortgage.py

14/09/2018 11:52:34 AM- root         - INFO     - Succesfully Web-Scrapping completed for bank: Deposits_account.py

14/09/2018 11:52:34 AM- root         - INFO     - Web-Scrapping Starting for bank: Nerdwallet_Bank_Deposits.py

14/09/2018 11:52:36 AM- root         - INFO     - Succesfully Web-Scrapping completed for bank: MyBankTracker_Mortgage.py

14/09/2018 11:53:02 AM- root         - INFO     - Succesfully Web-Scrapping completed for bank: Nerdwallet_Bank_Deposits.py

14/09/2018 11:54:16 AM- root         - INFO     - Succesfully Web-Scrapping completed for bank: Bank_of_america_mortgage_v2.py

14/09/2018 11:54:16 AM- root         - INFO     - Succesfully Web-Scrapping completed for bank: JPM_mortgage_v2.py

14/09/2018 11:55:34 AM- root         - INFO     - Succesfully Web-Scrapping completed for bank: Us_Deposits.py

14/09/2018 11:55:34 AM- root         - INFO     - Succesfully Web-Scrapping completed for bank: Consolidate_JPM_Data_Deposit_final.py

14/09/2018 11:55:34 AM- root         - INFO     - Succesfully Web-Scrapping completed for bank: bankRate.py

14/09/2018 11:55:34 AM- root         - INFO     - Succesfully Web-Scrapping completed for bank: Us_Deposits_Mortgage.py

14/09/2018 11:55:34 AM- root         - INFO     - Succesfully Web-Scrapping completed for bank: bankRate_Mortgage_v2.py

