
Purpose     : Extract data for Us Banks

        #####################     Change log   ###############################
        ##------------------------------------------------------------------##
        ##  Author              ##Date                ##Current Version     ##
        ##------------------------------------------------------------------##
        ## Moody's Analytics    ##29th May,2018    ##V1.0                ##
        ##------------------------------------------------------------------##
        ######################################################################
        Date                   Version     Author      Description
        29th May,2018        v 0.1       Sairam      Initial development


06/07/2018 10:53:35 AM- root         - INFO     - Starting the program execution

06/07/2018 10:53:35 AM- root         - INFO     - Web-Scrapping Starting for bank: wellsfargo_deposit_v2.py

06/07/2018 10:53:35 AM- root         - INFO     - Web-Scrapping Starting for bank: wellsfargo_mortgage_v2.py

06/07/2018 10:53:35 AM- root         - INFO     - Web-Scrapping Starting for bank: pnc_mortgage_v2.py

06/07/2018 10:53:35 AM- root         - INFO     - Web-Scrapping Starting for bank: pnc_deposit.py

06/07/2018 10:53:35 AM- root         - INFO     - Web-Scrapping Starting for bank: suntrust_deposit_v2.py

06/07/2018 10:53:35 AM- root         - INFO     - Web-Scrapping Starting for bank: suntrust_mortgage_v2.py

06/07/2018 10:53:35 AM- root         - INFO     - Web-Scrapping Starting for bank: capital_one_deposits_v2.py

06/07/2018 10:53:35 AM- root         - INFO     - Web-Scrapping Starting for bank: Ally_deposits_v2.py

06/07/2018 10:53:35 AM- root         - INFO     - Web-Scrapping Starting for bank: Ally_mortgage_v2.py

06/07/2018 10:53:35 AM- root         - INFO     - Web-Scrapping Starting for bank: synchrony_deposits_new.py

06/07/2018 10:53:50 AM- root         - INFO     - Succesfully Web-Scrapping completed for bank: Ally_mortgage_v2.py

06/07/2018 10:53:50 AM- root         - INFO     - Web-Scrapping Starting for bank: citi_bank_v2.py

06/07/2018 10:55:08 AM- root         - INFO     - Succesfully Web-Scrapping completed for bank: pnc_mortgage_v2.py

06/07/2018 10:55:08 AM- root         - INFO     - Web-Scrapping Starting for bank: citi_mortgage.py

06/07/2018 10:55:08 AM- root         - INFO     - Succesfully Web-Scrapping completed for bank: pnc_deposit.py

06/07/2018 10:55:08 AM- root         - INFO     - Succesfully Web-Scrapping completed for bank: suntrust_deposit_v2.py

06/07/2018 10:55:08 AM- root         - INFO     - Web-Scrapping Starting for bank: Bank_of_america_mortgage_v2.py

06/07/2018 10:55:08 AM- root         - INFO     - Succesfully Web-Scrapping completed for bank: capital_one_deposits_v2.py

06/07/2018 10:55:08 AM- root         - INFO     - Web-Scrapping Starting for bank: consolidated_BOA.py

06/07/2018 10:55:08 AM- root         - INFO     - Succesfully Web-Scrapping completed for bank: wellsfargo_deposit_v2.py

06/07/2018 10:55:08 AM- root         - INFO     - Web-Scrapping Starting for bank: Consolidate_JPM_Data_Deposit_final.py

06/07/2018 10:55:08 AM- root         - INFO     - Succesfully Web-Scrapping completed for bank: suntrust_mortgage_v2.py

06/07/2018 10:55:08 AM- root         - INFO     - Web-Scrapping Starting for bank: Us_Deposits.py

06/07/2018 10:55:08 AM- root         - INFO     - Web-Scrapping Starting for bank: JPM_mortgage_v2.py

06/07/2018 10:55:08 AM- root         - INFO     - Succesfully Web-Scrapping completed for bank: wellsfargo_mortgage_v2.py

06/07/2018 10:55:08 AM- root         - INFO     - Web-Scrapping Starting for bank: Us_Deposits_Mortgage.py

06/07/2018 10:55:30 AM- root         - INFO     - Succesfully Web-Scrapping completed for bank: synchrony_deposits_new.py

06/07/2018 10:55:30 AM- root         - INFO     - Succesfully Web-Scrapping completed for bank: Ally_deposits_v2.py

06/07/2018 10:55:30 AM- root         - INFO     - Web-Scrapping Starting for bank: bankRate.py

06/07/2018 10:55:30 AM- root         - INFO     - Web-Scrapping Starting for bank: bankRate_Mortgage.py

06/07/2018 10:56:12 AM- root         - INFO     - Succesfully Web-Scrapping completed for bank: citi_bank_v2.py

06/07/2018 10:56:12 AM- root         - INFO     - Web-Scrapping Starting for bank: Deposits_account.py

06/07/2018 10:56:38 AM- root         - INFO     - Succesfully Web-Scrapping completed for bank: Deposits_account.py

06/07/2018 10:56:38 AM- root         - INFO     - Web-Scrapping Starting for bank: MyBankTracker_Deposits.py

06/07/2018 10:56:44 AM- root         - INFO     - Succesfully Web-Scrapping completed for bank: MyBankTracker_Deposits.py

06/07/2018 10:56:44 AM- root         - INFO     - Web-Scrapping Starting for bank: MyBankTracker_Mortgage.py

06/07/2018 10:57:07 AM- root         - INFO     - Succesfully Web-Scrapping completed for bank: MyBankTracker_Mortgage.py

06/07/2018 10:57:07 AM- root         - INFO     - Web-Scrapping Starting for bank: Nerdwallet_Bank_Deposits.py

06/07/2018 10:57:32 AM- root         - INFO     - Succesfully Web-Scrapping completed for bank: Nerdwallet_Bank_Deposits.py

06/07/2018 11:00:30 AM- root         - INFO     - Succesfully Web-Scrapping completed for bank: citi_mortgage.py

06/07/2018 11:00:30 AM- root         - INFO     - Succesfully Web-Scrapping completed for bank: Us_Deposits_Mortgage.py

06/07/2018 11:00:30 AM- root         - INFO     - Succesfully Web-Scrapping completed for bank: Bank_of_america_mortgage_v2.py

06/07/2018 11:00:30 AM- root         - INFO     - Succesfully Web-Scrapping completed for bank: Consolidate_JPM_Data_Deposit_final.py

06/07/2018 11:00:30 AM- root         - INFO     - Succesfully Web-Scrapping completed for bank: Us_Deposits.py

06/07/2018 11:00:30 AM- root         - INFO     - Succesfully Web-Scrapping completed for bank: JPM_mortgage_v2.py

06/07/2018 11:00:30 AM- root         - INFO     - Succesfully Web-Scrapping completed for bank: consolidated_BOA.py

06/07/2018 11:17:12 AM- root         - ERROR    - Got: Error for bank: bankRate_Mortgage.py

06/07/2018 11:17:12 AM- root         - INFO     - Succesfully Web-Scrapping completed for bank: bankRate.py

