
Purpose     : Extract data for Us Banks

        #####################     Change log   ###############################
        ##------------------------------------------------------------------##
        ##  Author              ##Date                ##Current Version     ##
        ##------------------------------------------------------------------##
        ## Moody's Analytics    ##29th May,2018    ##V1.0                ##
        ##------------------------------------------------------------------##
        ######################################################################
        Date                   Version     Author      Description
        29th May,2018        v 0.1       Sairam      Initial development


25/09/2018 10:45:31 AM- root         - INFO     - Starting the program execution

25/09/2018 10:45:31 AM- root         - INFO     - Web-Scrapping Starting for bank: wellsfargo_deposit_v2.py

25/09/2018 10:45:31 AM- root         - INFO     - Web-Scrapping Starting for bank: wellsfargo_mortgage_v2.py

25/09/2018 10:45:31 AM- root         - INFO     - Web-Scrapping Starting for bank: pnc_mortgage_v2.py

25/09/2018 10:45:31 AM- root         - INFO     - Web-Scrapping Starting for bank: pnc_deposit.py

25/09/2018 10:45:31 AM- root         - INFO     - Web-Scrapping Starting for bank: suntrust_deposit_v2.py

25/09/2018 10:45:31 AM- root         - INFO     - Web-Scrapping Starting for bank: suntrust_mortgage_v2.py

25/09/2018 10:45:31 AM- root         - INFO     - Web-Scrapping Starting for bank: capital_one_deposits_v2.py

25/09/2018 10:45:31 AM- root         - INFO     - Web-Scrapping Starting for bank: Ally_deposits_v2.py

25/09/2018 10:45:31 AM- root         - INFO     - Web-Scrapping Starting for bank: Ally_mortgage_v2.py

25/09/2018 10:45:31 AM- root         - INFO     - Web-Scrapping Starting for bank: synchrony_deposits_new.py

25/09/2018 10:48:10 AM- root         - INFO     - Succesfully Web-Scrapping completed for bank: synchrony_deposits_new.py

25/09/2018 10:48:10 AM- root         - INFO     - Succesfully Web-Scrapping completed for bank: Ally_deposits_v2.py

25/09/2018 10:48:10 AM- root         - INFO     - Succesfully Web-Scrapping completed for bank: suntrust_mortgage_v2.py

25/09/2018 10:48:10 AM- root         - INFO     - Succesfully Web-Scrapping completed for bank: capital_one_deposits_v2.py

25/09/2018 10:48:10 AM- root         - INFO     - Web-Scrapping Starting for bank: citi_bank_v2.py

25/09/2018 10:48:10 AM- root         - INFO     - Succesfully Web-Scrapping completed for bank: wellsfargo_deposit_v2.py

25/09/2018 10:48:10 AM- root         - INFO     - Succesfully Web-Scrapping completed for bank: wellsfargo_mortgage_v2.py

25/09/2018 10:48:10 AM- root         - INFO     - Succesfully Web-Scrapping completed for bank: suntrust_deposit_v2.py

25/09/2018 10:48:10 AM- root         - INFO     - Succesfully Web-Scrapping completed for bank: Ally_mortgage_v2.py

25/09/2018 10:48:10 AM- root         - INFO     - Web-Scrapping Starting for bank: citi_mortgage.py

25/09/2018 10:48:10 AM- root         - INFO     - Succesfully Web-Scrapping completed for bank: pnc_mortgage_v2.py

25/09/2018 10:48:10 AM- root         - INFO     - Succesfully Web-Scrapping completed for bank: pnc_deposit.py

25/09/2018 10:48:10 AM- root         - INFO     - Web-Scrapping Starting for bank: consolidated_BOA.py

25/09/2018 10:48:10 AM- root         - INFO     - Web-Scrapping Starting for bank: Bank_of_america_mortgage_v2.py

25/09/2018 10:48:10 AM- root         - INFO     - Web-Scrapping Starting for bank: JPM_mortgage_v2.py

25/09/2018 10:48:10 AM- root         - INFO     - Web-Scrapping Starting for bank: Consolidate_JPM_Data_Deposit_final.py

25/09/2018 10:48:10 AM- root         - INFO     - Web-Scrapping Starting for bank: Us_Deposits.py

25/09/2018 10:48:10 AM- root         - INFO     - Web-Scrapping Starting for bank: Us_Deposits_Mortgage.py

25/09/2018 10:48:10 AM- root         - INFO     - Web-Scrapping Starting for bank: bankRate.py

25/09/2018 10:48:10 AM- root         - INFO     - Web-Scrapping Starting for bank: bankRate_Mortgage_v2.py

25/09/2018 10:49:18 AM- root         - INFO     - Succesfully Web-Scrapping completed for bank: Us_Deposits.py

25/09/2018 10:49:18 AM- root         - INFO     - Web-Scrapping Starting for bank: Deposits_account.py

25/09/2018 10:49:36 AM- root         - INFO     - Succesfully Web-Scrapping completed for bank: Deposits_account.py

25/09/2018 10:49:36 AM- root         - INFO     - Web-Scrapping Starting for bank: MyBankTracker_Deposits.py

25/09/2018 10:49:41 AM- root         - INFO     - Succesfully Web-Scrapping completed for bank: MyBankTracker_Deposits.py

25/09/2018 10:49:41 AM- root         - INFO     - Web-Scrapping Starting for bank: MyBankTracker_Mortgage.py

25/09/2018 10:49:58 AM- root         - INFO     - Succesfully Web-Scrapping completed for bank: MyBankTracker_Mortgage.py

25/09/2018 10:49:58 AM- root         - INFO     - Web-Scrapping Starting for bank: Nerdwallet_Bank_Deposits.py

25/09/2018 10:50:26 AM- root         - INFO     - Succesfully Web-Scrapping completed for bank: Nerdwallet_Bank_Deposits.py

25/09/2018 10:52:00 AM- root         - INFO     - Succesfully Web-Scrapping completed for bank: Consolidate_JPM_Data_Deposit_final.py

25/09/2018 10:52:00 AM- root         - INFO     - Succesfully Web-Scrapping completed for bank: bankRate.py

25/09/2018 10:52:07 AM- root         - INFO     - Succesfully Web-Scrapping completed for bank: Us_Deposits_Mortgage.py

25/09/2018 10:52:07 AM- root         - INFO     - Succesfully Web-Scrapping completed for bank: bankRate_Mortgage_v2.py

25/09/2018 10:54:32 AM- root         - INFO     - Succesfully Web-Scrapping completed for bank: citi_bank_v2.py

25/09/2018 10:54:32 AM- root         - INFO     - Succesfully Web-Scrapping completed for bank: citi_mortgage.py

25/09/2018 10:54:32 AM- root         - INFO     - Succesfully Web-Scrapping completed for bank: Bank_of_america_mortgage_v2.py

25/09/2018 10:54:32 AM- root         - INFO     - Succesfully Web-Scrapping completed for bank: JPM_mortgage_v2.py

25/09/2018 10:54:32 AM- root         - INFO     - Succesfully Web-Scrapping completed for bank: consolidated_BOA.py

25/09/2018 10:54:32 AM- root         - INFO     - Starting the program execution

25/09/2018 10:54:32 AM- root         - INFO     - Web-Scrapping Starting for bank: Final_Consolidation_Deposits.py

25/09/2018 10:54:49 AM- root         - INFO     - Succesfully Web-Scrapping completed for bank: Final_Consolidation_Deposits.py

25/09/2018 10:54:49 AM- root         - INFO     - Web-Scrapping Starting for bank: Final_Consolidation_MORTGAGE.py

25/09/2018 10:54:54 AM- root         - INFO     - Succesfully Web-Scrapping completed for bank: Final_Consolidation_MORTGAGE.py

25/09/2018 10:55:04 AM- root         - INFO     - Starting the program execution

25/09/2018 10:55:04 AM- root         - INFO     - Web-Scrapping Starting for bank: Aggregator_US_DEPOSIT.py

25/09/2018 10:55:23 AM- root         - INFO     - Succesfully Web-Scrapping completed for bank: Aggregator_US_DEPOSIT.py

25/09/2018 10:55:23 AM- root         - INFO     - Web-Scrapping Starting for bank: Aggregator_US_Mortgage.py

25/09/2018 10:55:26 AM- root         - INFO     - Succesfully Web-Scrapping completed for bank: Aggregator_US_Mortgage.py

25/09/2018 10:55:36 AM- root         - INFO     - Starting the program execution

25/09/2018 10:55:36 AM- root         - INFO     - Web-Scrapping Starting for bank: US_bank_agg.py

25/09/2018 10:55:37 AM- root         - INFO     - Succesfully Web-Scrapping completed for bank: US_bank_agg.py

25/09/2018 10:55:47 AM- root         - INFO     - Starting the program execution

25/09/2018 10:55:47 AM- root         - INFO     - Web-Scrapping Starting for bank: validation_checker_deposit.py

25/09/2018 10:55:48 AM- root         - INFO     - Succesfully Web-Scrapping completed for bank: validation_checker_deposit.py

25/09/2018 10:55:48 AM- root         - INFO     - Web-Scrapping Starting for bank: validation_checker_mortgage.py

25/09/2018 10:55:49 AM- root         - INFO     - Succesfully Web-Scrapping completed for bank: validation_checker_mortgage.py

25/09/2018 10:55:59 AM- root         - INFO     - Starting the program execution

25/09/2018 10:55:59 AM- root         - INFO     - Web-Scrapping Starting for bank: comparing_excel_deposits.py

25/09/2018 10:55:59 AM- root         - INFO     - Succesfully Web-Scrapping completed for bank: comparing_excel_deposits.py

25/09/2018 10:55:59 AM- root         - INFO     - Web-Scrapping Starting for bank: comparing_excel_mortgages.py

25/09/2018 10:56:00 AM- root         - INFO     - Succesfully Web-Scrapping completed for bank: comparing_excel_mortgages.py

