
Purpose     : Extract data for Us Banks

        #####################     Change log   ###############################
        ##------------------------------------------------------------------##
        ##  Author              ##Date                ##Current Version     ##
        ##------------------------------------------------------------------##
        ## Moody's Analytics    ##29th May,2018    ##V1.0                ##
        ##------------------------------------------------------------------##
        ######################################################################
        Date                   Version     Author      Description
        29th May,2018        v 0.1       Sairam      Initial development


17/08/2018 11:00:07 AM- root         - INFO     - Starting the program execution

17/08/2018 11:00:07 AM- root         - INFO     - Web-Scrapping Starting for bank: wellsfargo_deposit_v2.py

17/08/2018 11:00:07 AM- root         - INFO     - Web-Scrapping Starting for bank: wellsfargo_mortgage_v2.py

17/08/2018 11:00:07 AM- root         - INFO     - Web-Scrapping Starting for bank: pnc_mortgage_v2.py

17/08/2018 11:00:07 AM- root         - INFO     - Web-Scrapping Starting for bank: pnc_deposit.py

17/08/2018 11:00:07 AM- root         - INFO     - Web-Scrapping Starting for bank: suntrust_deposit_v2.py

17/08/2018 11:00:07 AM- root         - INFO     - Web-Scrapping Starting for bank: suntrust_mortgage_v2.py

17/08/2018 11:00:07 AM- root         - INFO     - Web-Scrapping Starting for bank: capital_one_deposits_v2.py

17/08/2018 11:00:07 AM- root         - INFO     - Web-Scrapping Starting for bank: Ally_deposits_v2.py

17/08/2018 11:00:07 AM- root         - INFO     - Web-Scrapping Starting for bank: Ally_mortgage_v2.py

17/08/2018 11:00:07 AM- root         - INFO     - Web-Scrapping Starting for bank: synchrony_deposits_new.py

17/08/2018 11:00:15 AM- root         - INFO     - Succesfully Web-Scrapping completed for bank: suntrust_mortgage_v2.py

17/08/2018 11:00:15 AM- root         - INFO     - Web-Scrapping Starting for bank: citi_bank_v2.py

17/08/2018 11:00:15 AM- root         - INFO     - Succesfully Web-Scrapping completed for bank: suntrust_deposit_v2.py

17/08/2018 11:00:15 AM- root         - INFO     - Web-Scrapping Starting for bank: citi_mortgage.py

17/08/2018 11:00:17 AM- root         - INFO     - Succesfully Web-Scrapping completed for bank: synchrony_deposits_new.py

17/08/2018 11:00:17 AM- root         - INFO     - Web-Scrapping Starting for bank: consolidated_BOA.py

17/08/2018 11:00:18 AM- root         - INFO     - Succesfully Web-Scrapping completed for bank: Ally_mortgage_v2.py

17/08/2018 11:00:18 AM- root         - INFO     - Web-Scrapping Starting for bank: Bank_of_america_mortgage_v2.py

17/08/2018 11:00:21 AM- root         - INFO     - Succesfully Web-Scrapping completed for bank: consolidated_BOA.py

17/08/2018 11:00:21 AM- root         - INFO     - Web-Scrapping Starting for bank: Consolidate_JPM_Data_Deposit_final.py

17/08/2018 11:00:23 AM- root         - INFO     - Succesfully Web-Scrapping completed for bank: Consolidate_JPM_Data_Deposit_final.py

17/08/2018 11:00:23 AM- root         - INFO     - Web-Scrapping Starting for bank: JPM_mortgage_v2.py

17/08/2018 11:00:31 AM- root         - INFO     - Succesfully Web-Scrapping completed for bank: Bank_of_america_mortgage_v2.py

17/08/2018 11:00:31 AM- root         - INFO     - Web-Scrapping Starting for bank: Us_Deposits.py

17/08/2018 11:00:36 AM- root         - INFO     - Succesfully Web-Scrapping completed for bank: Us_Deposits.py

17/08/2018 11:00:36 AM- root         - INFO     - Web-Scrapping Starting for bank: Us_Deposits_Mortgage.py

17/08/2018 11:00:46 AM- root         - INFO     - Succesfully Web-Scrapping completed for bank: Us_Deposits_Mortgage.py

17/08/2018 11:00:46 AM- root         - INFO     - Web-Scrapping Starting for bank: bankRate.py

17/08/2018 11:00:54 AM- root         - INFO     - Succesfully Web-Scrapping completed for bank: wellsfargo_deposit_v2.py

17/08/2018 11:00:54 AM- root         - INFO     - Web-Scrapping Starting for bank: bankRate_Mortgage_v2.py

17/08/2018 11:00:54 AM- root         - INFO     - Succesfully Web-Scrapping completed for bank: pnc_deposit.py

17/08/2018 11:00:54 AM- root         - INFO     - Succesfully Web-Scrapping completed for bank: wellsfargo_mortgage_v2.py

17/08/2018 11:00:54 AM- root         - INFO     - Web-Scrapping Starting for bank: Deposits_account.py

17/08/2018 11:00:54 AM- root         - INFO     - Web-Scrapping Starting for bank: MyBankTracker_Deposits.py

17/08/2018 11:00:54 AM- root         - INFO     - Succesfully Web-Scrapping completed for bank: pnc_mortgage_v2.py

17/08/2018 11:00:54 AM- root         - INFO     - Web-Scrapping Starting for bank: MyBankTracker_Mortgage.py

17/08/2018 11:01:00 AM- root         - INFO     - Succesfully Web-Scrapping completed for bank: MyBankTracker_Deposits.py

17/08/2018 11:01:00 AM- root         - INFO     - Web-Scrapping Starting for bank: Nerdwallet_Bank_Deposits.py

17/08/2018 11:01:16 AM- root         - INFO     - Succesfully Web-Scrapping completed for bank: MyBankTracker_Mortgage.py

17/08/2018 11:01:16 AM- root         - INFO     - Succesfully Web-Scrapping completed for bank: Deposits_account.py

17/08/2018 11:01:23 AM- root         - INFO     - Succesfully Web-Scrapping completed for bank: capital_one_deposits_v2.py

17/08/2018 11:01:31 AM- root         - INFO     - Succesfully Web-Scrapping completed for bank: Nerdwallet_Bank_Deposits.py

17/08/2018 11:01:44 AM- root         - INFO     - Succesfully Web-Scrapping completed for bank: Ally_deposits_v2.py

17/08/2018 11:02:46 AM- root         - INFO     - Succesfully Web-Scrapping completed for bank: JPM_mortgage_v2.py

17/08/2018 11:02:56 AM- root         - INFO     - Succesfully Web-Scrapping completed for bank: bankRate_Mortgage_v2.py

17/08/2018 11:04:20 AM- root         - INFO     - Succesfully Web-Scrapping completed for bank: bankRate.py

17/08/2018 11:05:25 AM- root         - INFO     - Succesfully Web-Scrapping completed for bank: citi_bank_v2.py

17/08/2018 11:05:25 AM- root         - INFO     - Succesfully Web-Scrapping completed for bank: citi_mortgage.py

17/08/2018 11:05:25 AM- root         - INFO     - Starting the program execution

17/08/2018 11:05:25 AM- root         - INFO     - Web-Scrapping Starting for bank: Final_Consolidation_Deposits.py

17/08/2018 11:05:41 AM- root         - INFO     - Succesfully Web-Scrapping completed for bank: Final_Consolidation_Deposits.py

17/08/2018 11:05:41 AM- root         - INFO     - Web-Scrapping Starting for bank: Final_Consolidation_MORTGAGE.py

17/08/2018 11:05:47 AM- root         - INFO     - Succesfully Web-Scrapping completed for bank: Final_Consolidation_MORTGAGE.py

17/08/2018 11:05:57 AM- root         - INFO     - Starting the program execution

17/08/2018 11:05:57 AM- root         - INFO     - Web-Scrapping Starting for bank: Aggregator_US_DEPOSIT.py

17/08/2018 11:06:17 AM- root         - INFO     - Succesfully Web-Scrapping completed for bank: Aggregator_US_DEPOSIT.py

17/08/2018 11:06:17 AM- root         - INFO     - Web-Scrapping Starting for bank: Aggregator_US_Mortgage.py

17/08/2018 11:06:19 AM- root         - INFO     - Succesfully Web-Scrapping completed for bank: Aggregator_US_Mortgage.py

17/08/2018 11:06:29 AM- root         - INFO     - Starting the program execution

17/08/2018 11:06:29 AM- root         - INFO     - Web-Scrapping Starting for bank: US_bank_agg.py

17/08/2018 11:06:30 AM- root         - INFO     - Succesfully Web-Scrapping completed for bank: US_bank_agg.py

17/08/2018 11:06:40 AM- root         - INFO     - Starting the program execution

17/08/2018 11:06:40 AM- root         - INFO     - Web-Scrapping Starting for bank: validation_checker_deposit.py

17/08/2018 11:06:41 AM- root         - INFO     - Succesfully Web-Scrapping completed for bank: validation_checker_deposit.py

17/08/2018 11:06:41 AM- root         - INFO     - Web-Scrapping Starting for bank: validation_checker_mortgage.py

17/08/2018 11:06:42 AM- root         - INFO     - Succesfully Web-Scrapping completed for bank: validation_checker_mortgage.py

17/08/2018 11:06:52 AM- root         - INFO     - Starting the program execution

17/08/2018 11:06:52 AM- root         - INFO     - Web-Scrapping Starting for bank: comparing_excel_deposits.py

17/08/2018 11:06:52 AM- root         - INFO     - Succesfully Web-Scrapping completed for bank: comparing_excel_deposits.py

17/08/2018 11:06:52 AM- root         - INFO     - Web-Scrapping Starting for bank: comparing_excel_mortgages.py

17/08/2018 11:06:52 AM- root         - INFO     - Succesfully Web-Scrapping completed for bank: comparing_excel_mortgages.py

