
Purpose     : Extract data for Us Banks

        #####################     Change log   ###############################
        ##------------------------------------------------------------------##
        ##  Author              ##Date                ##Current Version     ##
        ##------------------------------------------------------------------##
        ## Moody's Analytics    ##29th May,2018    ##V1.0                ##
        ##------------------------------------------------------------------##
        ######################################################################
        Date                   Version     Author      Description
        29th May,2018        v 0.1       Sairam      Initial development


12/06/2018 12:12:32 PM- root         - INFO     - Starting the program execution

12/06/2018 12:12:32 PM- root         - INFO     - Web-Scrapping Starting for bank: wellsfargo_deposit_v2.py

12/06/2018 12:12:32 PM- root         - INFO     - Web-Scrapping Starting for bank: wellsfargo_mortgage_v2.py

12/06/2018 12:12:32 PM- root         - INFO     - Web-Scrapping Starting for bank: pnc_mortgage_v2.py

12/06/2018 12:12:32 PM- root         - INFO     - Web-Scrapping Starting for bank: pnc_deposit.py

12/06/2018 12:12:32 PM- root         - INFO     - Web-Scrapping Starting for bank: suntrust_deposit_v2.py

12/06/2018 12:12:32 PM- root         - INFO     - Web-Scrapping Starting for bank: suntrust_mortgage_v2.py

12/06/2018 12:12:32 PM- root         - INFO     - Web-Scrapping Starting for bank: capital_one_deposits_v2.py

12/06/2018 12:12:32 PM- root         - INFO     - Web-Scrapping Starting for bank: Ally_deposits_v2.py

12/06/2018 12:12:32 PM- root         - INFO     - Web-Scrapping Starting for bank: Ally_mortgage_v2.py

12/06/2018 12:12:32 PM- root         - INFO     - Web-Scrapping Starting for bank: synchrony_deposits_new.py

12/06/2018 12:12:38 PM- root         - INFO     - Succesfully Web-Scrapping completed for bank: pnc_deposit.py

12/06/2018 12:12:38 PM- root         - INFO     - Web-Scrapping Starting for bank: citi_bank.py

12/06/2018 12:12:39 PM- root         - INFO     - Succesfully Web-Scrapping completed for bank: synchrony_deposits_new.py

12/06/2018 12:12:39 PM- root         - INFO     - Web-Scrapping Starting for bank: citi_mortgage.py

12/06/2018 12:13:04 PM- root         - INFO     - Succesfully Web-Scrapping completed for bank: pnc_mortgage_v2.py

12/06/2018 12:13:04 PM- root         - INFO     - Web-Scrapping Starting for bank: consolidated_BOA.py

12/06/2018 12:13:04 PM- root         - INFO     - Succesfully Web-Scrapping completed for bank: wellsfargo_mortgage_v2.py

12/06/2018 12:13:04 PM- root         - INFO     - Web-Scrapping Starting for bank: Bank_of_america_mortgage_v2.py

12/06/2018 12:13:18 PM- root         - INFO     - Succesfully Web-Scrapping completed for bank: Bank_of_america_mortgage_v2.py

12/06/2018 12:13:18 PM- root         - INFO     - Web-Scrapping Starting for bank: Consolidate_JPM_Data_Deposit_final.py

12/06/2018 12:13:18 PM- root         - INFO     - Succesfully Web-Scrapping completed for bank: consolidated_BOA.py

12/06/2018 12:13:18 PM- root         - INFO     - Web-Scrapping Starting for bank: JPM_mortgage_v2.py

12/06/2018 12:13:32 PM- root         - INFO     - Succesfully Web-Scrapping completed for bank: capital_one_deposits_v2.py

12/06/2018 12:13:32 PM- root         - INFO     - Web-Scrapping Starting for bank: Us_Deposits.py

12/06/2018 12:13:32 PM- root         - INFO     - Succesfully Web-Scrapping completed for bank: suntrust_mortgage_v2.py

12/06/2018 12:13:32 PM- root         - INFO     - Web-Scrapping Starting for bank: Us_Deposits_Mortgage.py

12/06/2018 12:13:39 PM- root         - INFO     - Succesfully Web-Scrapping completed for bank: Us_Deposits.py

12/06/2018 12:13:39 PM- root         - INFO     - Web-Scrapping Starting for bank: bankRate.py

12/06/2018 12:13:44 PM- root         - INFO     - Succesfully Web-Scrapping completed for bank: Us_Deposits_Mortgage.py

12/06/2018 12:13:44 PM- root         - INFO     - Web-Scrapping Starting for bank: bankRate_Mortgage.py

12/06/2018 12:13:51 PM- root         - INFO     - Succesfully Web-Scrapping completed for bank: suntrust_deposit_v2.py

12/06/2018 12:13:51 PM- root         - INFO     - Succesfully Web-Scrapping completed for bank: Ally_deposits_v2.py

12/06/2018 12:13:51 PM- root         - INFO     - Web-Scrapping Starting for bank: Deposits_account.py

12/06/2018 12:13:51 PM- root         - INFO     - Web-Scrapping Starting for bank: MyBankTracker_Deposits.py

12/06/2018 12:13:51 PM- root         - INFO     - Succesfully Web-Scrapping completed for bank: Ally_mortgage_v2.py

12/06/2018 12:13:51 PM- root         - INFO     - Web-Scrapping Starting for bank: MyBankTracker_Mortgage.py

12/06/2018 12:13:51 PM- root         - INFO     - Succesfully Web-Scrapping completed for bank: wellsfargo_deposit_v2.py

12/06/2018 12:13:51 PM- root         - INFO     - Web-Scrapping Starting for bank: Nerdwallet_Bank_Deposits.py

12/06/2018 12:14:18 PM- root         - INFO     - Succesfully Web-Scrapping completed for bank: Deposits_account.py

12/06/2018 12:14:18 PM- root         - INFO     - Succesfully Web-Scrapping completed for bank: MyBankTracker_Deposits.py

12/06/2018 12:14:18 PM- root         - INFO     - Succesfully Web-Scrapping completed for bank: Nerdwallet_Bank_Deposits.py

12/06/2018 12:14:18 PM- root         - INFO     - Succesfully Web-Scrapping completed for bank: MyBankTracker_Mortgage.py

12/06/2018 12:15:14 PM- root         - INFO     - Succesfully Web-Scrapping completed for bank: bankRate.py

12/06/2018 12:15:21 PM- root         - INFO     - Succesfully Web-Scrapping completed for bank: citi_bank.py

12/06/2018 12:15:26 PM- root         - INFO     - Succesfully Web-Scrapping completed for bank: bankRate_Mortgage.py

12/06/2018 12:15:31 PM- root         - INFO     - Succesfully Web-Scrapping completed for bank: Consolidate_JPM_Data_Deposit_final.py

12/06/2018 12:15:31 PM- root         - INFO     - Succesfully Web-Scrapping completed for bank: JPM_mortgage_v2.py

12/06/2018 12:17:27 PM- root         - INFO     - Succesfully Web-Scrapping completed for bank: citi_mortgage.py

12/06/2018 12:17:37 PM- root         - INFO     - Starting the program execution

12/06/2018 12:17:37 PM- root         - INFO     - Web-Scrapping Starting for bank: Final_Consolidation_Deposits.py

12/06/2018 12:17:52 PM- root         - INFO     - Succesfully Web-Scrapping completed for bank: Final_Consolidation_Deposits.py

12/06/2018 12:17:52 PM- root         - INFO     - Web-Scrapping Starting for bank: Final_Consolidation_MORTGAGE.py

12/06/2018 12:17:57 PM- root         - INFO     - Succesfully Web-Scrapping completed for bank: Final_Consolidation_MORTGAGE.py

12/06/2018 12:18:07 PM- root         - INFO     - Starting the program execution

12/06/2018 12:18:07 PM- root         - INFO     - Web-Scrapping Starting for bank: Aggregator_US_DEPOSIT.py

12/06/2018 12:18:21 PM- root         - INFO     - Succesfully Web-Scrapping completed for bank: Aggregator_US_DEPOSIT.py

12/06/2018 12:18:21 PM- root         - INFO     - Web-Scrapping Starting for bank: Aggregator_US_Mortgage.py

12/06/2018 12:18:23 PM- root         - INFO     - Succesfully Web-Scrapping completed for bank: Aggregator_US_Mortgage.py

12/06/2018 12:18:33 PM- root         - INFO     - Starting the program execution

12/06/2018 12:18:33 PM- root         - INFO     - Web-Scrapping Starting for bank: US_bank_agg.py

12/06/2018 12:18:34 PM- root         - INFO     - Succesfully Web-Scrapping completed for bank: US_bank_agg.py

12/06/2018 12:18:44 PM- root         - INFO     - Starting the program execution

12/06/2018 12:18:44 PM- root         - INFO     - Web-Scrapping Starting for bank: validation_checker_deposit.py

12/06/2018 12:18:45 PM- root         - INFO     - Succesfully Web-Scrapping completed for bank: validation_checker_deposit.py

12/06/2018 12:18:45 PM- root         - INFO     - Web-Scrapping Starting for bank: validation_checker_mortgage.py

12/06/2018 12:18:46 PM- root         - INFO     - Succesfully Web-Scrapping completed for bank: validation_checker_mortgage.py

12/06/2018 12:18:56 PM- root         - INFO     - Starting the program execution

12/06/2018 12:18:56 PM- root         - INFO     - Web-Scrapping Starting for bank: comparing_excel_deposits.py

12/06/2018 12:18:56 PM- root         - INFO     - Succesfully Web-Scrapping completed for bank: comparing_excel_deposits.py

12/06/2018 12:18:56 PM- root         - INFO     - Web-Scrapping Starting for bank: comparing_excel_mortgages.py

12/06/2018 12:18:56 PM- root         - INFO     - Succesfully Web-Scrapping completed for bank: comparing_excel_mortgages.py

