
Purpose     : Extract data for Us Banks

        #####################     Change log   ###############################
        ##------------------------------------------------------------------##
        ##  Author              ##Date                ##Current Version     ##
        ##------------------------------------------------------------------##
        ## Moody's Analytics    ##29th May,2018    ##V1.0                ##
        ##------------------------------------------------------------------##
        ######################################################################
        Date                   Version     Author      Description
        29th May,2018        v 0.1       Sairam      Initial development


01/06/2018 11:30:37 AM- root         - INFO     - Starting the program execution

01/06/2018 11:30:37 AM- root         - INFO     - Web-Scrapping Starting for bank: wellsfargo_deposit_v2.py

01/06/2018 11:30:37 AM- root         - INFO     - Web-Scrapping Starting for bank: wellsfargo_mortgage_v2.py

01/06/2018 11:30:37 AM- root         - INFO     - Web-Scrapping Starting for bank: pnc_mortgage_v2.py

01/06/2018 11:30:37 AM- root         - INFO     - Web-Scrapping Starting for bank: pnc_deposit.py

01/06/2018 11:30:37 AM- root         - INFO     - Web-Scrapping Starting for bank: suntrust_deposit_v2.py

01/06/2018 11:30:37 AM- root         - INFO     - Web-Scrapping Starting for bank: suntrust_mortgage_v2.py

01/06/2018 11:30:37 AM- root         - INFO     - Web-Scrapping Starting for bank: capital_one_deposits_v2.py

01/06/2018 11:30:37 AM- root         - INFO     - Web-Scrapping Starting for bank: Ally_deposits_v2.py

01/06/2018 11:30:37 AM- root         - INFO     - Web-Scrapping Starting for bank: Ally_mortgage_v2.py

01/06/2018 11:30:37 AM- root         - INFO     - Web-Scrapping Starting for bank: synchrony_deposits_new.py

01/06/2018 11:30:46 AM- root         - INFO     - Succesfully Web-Scrapping completed for bank: Ally_mortgage_v2.py

01/06/2018 11:30:46 AM- root         - INFO     - Web-Scrapping Starting for bank: citi_bank.py

01/06/2018 11:30:46 AM- root         - INFO     - Succesfully Web-Scrapping completed for bank: synchrony_deposits_new.py

01/06/2018 11:30:46 AM- root         - INFO     - Web-Scrapping Starting for bank: citi_mortgage.py

01/06/2018 11:31:54 AM- root         - INFO     - Succesfully Web-Scrapping completed for bank: pnc_mortgage_v2.py

01/06/2018 11:31:54 AM- root         - INFO     - Succesfully Web-Scrapping completed for bank: wellsfargo_mortgage_v2.py

01/06/2018 11:31:54 AM- root         - INFO     - Succesfully Web-Scrapping completed for bank: suntrust_mortgage_v2.py

01/06/2018 11:31:54 AM- root         - INFO     - Succesfully Web-Scrapping completed for bank: pnc_deposit.py

01/06/2018 11:31:54 AM- root         - INFO     - Succesfully Web-Scrapping completed for bank: capital_one_deposits_v2.py

01/06/2018 11:31:54 AM- root         - INFO     - Succesfully Web-Scrapping completed for bank: Ally_deposits_v2.py

01/06/2018 11:31:54 AM- root         - INFO     - Succesfully Web-Scrapping completed for bank: suntrust_deposit_v2.py

01/06/2018 11:31:54 AM- root         - INFO     - Succesfully Web-Scrapping completed for bank: wellsfargo_deposit_v2.py

01/06/2018 11:31:54 AM- root         - INFO     - Web-Scrapping Starting for bank: consolidated_BOA.py

01/06/2018 11:31:54 AM- root         - INFO     - Web-Scrapping Starting for bank: Bank_of_america_mortgage_v2.py

01/06/2018 11:31:54 AM- root         - INFO     - Web-Scrapping Starting for bank: Consolidate_JPM_Data_Deposit_final.py

01/06/2018 11:31:54 AM- root         - INFO     - Web-Scrapping Starting for bank: JPM_mortgage_v2.py

01/06/2018 11:31:54 AM- root         - INFO     - Web-Scrapping Starting for bank: Us_Deposits.py

01/06/2018 11:31:54 AM- root         - INFO     - Web-Scrapping Starting for bank: Us_Deposits_Mortgage.py

01/06/2018 11:31:54 AM- root         - INFO     - Web-Scrapping Starting for bank: bankRate.py

01/06/2018 11:31:54 AM- root         - INFO     - Web-Scrapping Starting for bank: bankRate_Mortgage.py

01/06/2018 11:33:32 AM- root         - INFO     - Succesfully Web-Scrapping completed for bank: bankRate_Mortgage.py

01/06/2018 11:33:32 AM- root         - INFO     - Succesfully Web-Scrapping completed for bank: consolidated_BOA.py

01/06/2018 11:33:32 AM- root         - INFO     - Web-Scrapping Starting for bank: Deposits_account.py

01/06/2018 11:33:32 AM- root         - INFO     - Web-Scrapping Starting for bank: MyBankTracker_Deposits.py

01/06/2018 11:33:32 AM- root         - INFO     - Succesfully Web-Scrapping completed for bank: Us_Deposits_Mortgage.py

01/06/2018 11:33:32 AM- root         - INFO     - Web-Scrapping Starting for bank: MyBankTracker_Mortgage.py

01/06/2018 11:33:51 AM- root         - INFO     - Succesfully Web-Scrapping completed for bank: Deposits_account.py

01/06/2018 11:33:51 AM- root         - INFO     - Web-Scrapping Starting for bank: Nerdwallet_Bank_Deposits.py

01/06/2018 11:33:52 AM- root         - INFO     - Succesfully Web-Scrapping completed for bank: MyBankTracker_Mortgage.py

01/06/2018 11:33:52 AM- root         - INFO     - Succesfully Web-Scrapping completed for bank: MyBankTracker_Deposits.py

01/06/2018 11:33:58 AM- root         - INFO     - Succesfully Web-Scrapping completed for bank: Bank_of_america_mortgage_v2.py

01/06/2018 11:33:58 AM- root         - INFO     - Succesfully Web-Scrapping completed for bank: Consolidate_JPM_Data_Deposit_final.py

01/06/2018 11:33:58 AM- root         - INFO     - Succesfully Web-Scrapping completed for bank: Us_Deposits.py

01/06/2018 11:33:58 AM- root         - INFO     - Succesfully Web-Scrapping completed for bank: bankRate.py

01/06/2018 11:33:58 AM- root         - INFO     - Succesfully Web-Scrapping completed for bank: JPM_mortgage_v2.py

01/06/2018 11:34:17 AM- root         - INFO     - Succesfully Web-Scrapping completed for bank: Nerdwallet_Bank_Deposits.py

01/06/2018 11:35:21 AM- root         - INFO     - Succesfully Web-Scrapping completed for bank: citi_bank.py

01/06/2018 11:35:21 AM- root         - INFO     - Succesfully Web-Scrapping completed for bank: citi_mortgage.py

01/06/2018 11:35:21 AM- root         - INFO     - Starting the program execution

01/06/2018 11:35:21 AM- root         - INFO     - Web-Scrapping Starting for bank: Final_Consolidation_Deposits.py

01/06/2018 11:35:38 AM- root         - INFO     - Succesfully Web-Scrapping completed for bank: Final_Consolidation_Deposits.py

01/06/2018 11:35:38 AM- root         - INFO     - Web-Scrapping Starting for bank: Final_Consolidation_MORTGAGE.py

01/06/2018 11:35:43 AM- root         - INFO     - Succesfully Web-Scrapping completed for bank: Final_Consolidation_MORTGAGE.py

01/06/2018 11:35:43 AM- root         - INFO     - Starting the program execution

01/06/2018 11:35:43 AM- root         - INFO     - Web-Scrapping Starting for bank: Aggregator_US_DEPOSIT.py

01/06/2018 11:36:00 AM- root         - INFO     - Succesfully Web-Scrapping completed for bank: Aggregator_US_DEPOSIT.py

01/06/2018 11:36:00 AM- root         - INFO     - Web-Scrapping Starting for bank: Aggregator_US_Mortgage.py

01/06/2018 11:36:01 AM- root         - INFO     - Succesfully Web-Scrapping completed for bank: Aggregator_US_Mortgage.py

01/06/2018 11:36:01 AM- root         - INFO     - Starting the program execution

01/06/2018 11:36:01 AM- root         - INFO     - Web-Scrapping Starting for bank: US_bank_agg.py

01/06/2018 11:36:02 AM- root         - INFO     - Succesfully Web-Scrapping completed for bank: US_bank_agg.py

