
Purpose     : Extract data for Us Banks

        #####################     Change log   ###############################
        ##------------------------------------------------------------------##
        ##  Author              ##Date                ##Current Version     ##
        ##------------------------------------------------------------------##
        ## Moody's Analytics    ##29th May,2018    ##V1.0                ##
        ##------------------------------------------------------------------##
        ######################################################################
        Date                   Version     Author      Description
        29th May,2018        v 0.1       Sairam      Initial development


07/09/2018 11:20:52 AM- root         - INFO     - Starting the program execution

07/09/2018 11:20:52 AM- root         - INFO     - Web-Scrapping Starting for bank: wellsfargo_deposit_v2.py

07/09/2018 11:20:52 AM- root         - INFO     - Web-Scrapping Starting for bank: wellsfargo_mortgage_v2.py

07/09/2018 11:20:52 AM- root         - INFO     - Web-Scrapping Starting for bank: pnc_mortgage_v2.py

07/09/2018 11:20:52 AM- root         - INFO     - Web-Scrapping Starting for bank: pnc_deposit.py

07/09/2018 11:20:52 AM- root         - INFO     - Web-Scrapping Starting for bank: suntrust_deposit_v2.py

07/09/2018 11:20:52 AM- root         - INFO     - Web-Scrapping Starting for bank: suntrust_mortgage_v2.py

07/09/2018 11:20:52 AM- root         - INFO     - Web-Scrapping Starting for bank: capital_one_deposits_v2.py

07/09/2018 11:20:52 AM- root         - INFO     - Web-Scrapping Starting for bank: Ally_deposits_v2.py

07/09/2018 11:20:52 AM- root         - INFO     - Web-Scrapping Starting for bank: Ally_mortgage_v2.py

07/09/2018 11:20:52 AM- root         - INFO     - Web-Scrapping Starting for bank: synchrony_deposits_new.py

07/09/2018 11:21:01 AM- root         - INFO     - Succesfully Web-Scrapping completed for bank: synchrony_deposits_new.py

07/09/2018 11:21:01 AM- root         - INFO     - Web-Scrapping Starting for bank: citi_bank_v2.py

07/09/2018 11:21:01 AM- root         - INFO     - Succesfully Web-Scrapping completed for bank: Ally_mortgage_v2.py

07/09/2018 11:21:01 AM- root         - INFO     - Web-Scrapping Starting for bank: citi_mortgage.py

07/09/2018 11:21:51 AM- root         - INFO     - Succesfully Web-Scrapping completed for bank: wellsfargo_mortgage_v2.py

07/09/2018 11:21:51 AM- root         - INFO     - Succesfully Web-Scrapping completed for bank: wellsfargo_deposit_v2.py

07/09/2018 11:21:51 AM- root         - INFO     - Web-Scrapping Starting for bank: consolidated_BOA.py

07/09/2018 11:21:51 AM- root         - INFO     - Succesfully Web-Scrapping completed for bank: pnc_deposit.py

07/09/2018 11:21:51 AM- root         - INFO     - Web-Scrapping Starting for bank: Bank_of_america_mortgage_v2.py

07/09/2018 11:21:51 AM- root         - INFO     - Web-Scrapping Starting for bank: Consolidate_JPM_Data_Deposit_final.py

07/09/2018 11:22:03 AM- root         - INFO     - Succesfully Web-Scrapping completed for bank: pnc_mortgage_v2.py

07/09/2018 11:22:03 AM- root         - INFO     - Web-Scrapping Starting for bank: JPM_mortgage_v2.py

07/09/2018 11:22:03 AM- root         - INFO     - Succesfully Web-Scrapping completed for bank: suntrust_mortgage_v2.py

07/09/2018 11:22:03 AM- root         - INFO     - Succesfully Web-Scrapping completed for bank: suntrust_deposit_v2.py

07/09/2018 11:22:03 AM- root         - INFO     - Web-Scrapping Starting for bank: Us_Deposits.py

07/09/2018 11:22:03 AM- root         - INFO     - Web-Scrapping Starting for bank: Us_Deposits_Mortgage.py

07/09/2018 11:22:03 AM- root         - INFO     - Succesfully Web-Scrapping completed for bank: Ally_deposits_v2.py

07/09/2018 11:22:03 AM- root         - INFO     - Web-Scrapping Starting for bank: bankRate.py

07/09/2018 11:22:03 AM- root         - INFO     - Succesfully Web-Scrapping completed for bank: capital_one_deposits_v2.py

07/09/2018 11:22:03 AM- root         - INFO     - Web-Scrapping Starting for bank: bankRate_Mortgage_v2.py

07/09/2018 11:22:08 AM- root         - INFO     - Succesfully Web-Scrapping completed for bank: Consolidate_JPM_Data_Deposit_final.py

07/09/2018 11:22:08 AM- root         - INFO     - Web-Scrapping Starting for bank: Deposits_account.py

07/09/2018 11:22:08 AM- root         - INFO     - Succesfully Web-Scrapping completed for bank: Bank_of_america_mortgage_v2.py

07/09/2018 11:22:08 AM- root         - INFO     - Web-Scrapping Starting for bank: MyBankTracker_Deposits.py

07/09/2018 11:22:08 AM- root         - INFO     - Succesfully Web-Scrapping completed for bank: consolidated_BOA.py

07/09/2018 11:22:08 AM- root         - INFO     - Web-Scrapping Starting for bank: MyBankTracker_Mortgage.py

07/09/2018 11:22:27 AM- root         - INFO     - Succesfully Web-Scrapping completed for bank: MyBankTracker_Mortgage.py

07/09/2018 11:22:27 AM- root         - INFO     - Succesfully Web-Scrapping completed for bank: MyBankTracker_Deposits.py

07/09/2018 11:22:27 AM- root         - INFO     - Succesfully Web-Scrapping completed for bank: Deposits_account.py

07/09/2018 11:22:27 AM- root         - INFO     - Web-Scrapping Starting for bank: Nerdwallet_Bank_Deposits.py

07/09/2018 11:22:56 AM- root         - INFO     - Succesfully Web-Scrapping completed for bank: Nerdwallet_Bank_Deposits.py

07/09/2018 11:23:29 AM- root         - INFO     - Succesfully Web-Scrapping completed for bank: bankRate_Mortgage_v2.py

07/09/2018 11:25:03 AM- root         - INFO     - Succesfully Web-Scrapping completed for bank: JPM_mortgage_v2.py

07/09/2018 11:25:03 AM- root         - INFO     - Succesfully Web-Scrapping completed for bank: bankRate.py

07/09/2018 11:25:03 AM- root         - INFO     - Succesfully Web-Scrapping completed for bank: Us_Deposits.py

07/09/2018 11:25:03 AM- root         - INFO     - Succesfully Web-Scrapping completed for bank: Us_Deposits_Mortgage.py

07/09/2018 11:26:25 AM- root         - INFO     - Succesfully Web-Scrapping completed for bank: citi_bank_v2.py

07/09/2018 11:26:25 AM- root         - INFO     - Succesfully Web-Scrapping completed for bank: citi_mortgage.py

07/09/2018 11:26:25 AM- root         - INFO     - Starting the program execution

07/09/2018 11:26:25 AM- root         - INFO     - Web-Scrapping Starting for bank: Final_Consolidation_Deposits.py

07/09/2018 11:26:42 AM- root         - INFO     - Succesfully Web-Scrapping completed for bank: Final_Consolidation_Deposits.py

07/09/2018 11:26:42 AM- root         - INFO     - Web-Scrapping Starting for bank: Final_Consolidation_MORTGAGE.py

07/09/2018 11:26:47 AM- root         - INFO     - Succesfully Web-Scrapping completed for bank: Final_Consolidation_MORTGAGE.py

07/09/2018 11:26:57 AM- root         - INFO     - Starting the program execution

07/09/2018 11:26:57 AM- root         - INFO     - Web-Scrapping Starting for bank: Aggregator_US_DEPOSIT.py

07/09/2018 11:27:16 AM- root         - INFO     - Succesfully Web-Scrapping completed for bank: Aggregator_US_DEPOSIT.py

07/09/2018 11:27:16 AM- root         - INFO     - Web-Scrapping Starting for bank: Aggregator_US_Mortgage.py

07/09/2018 11:27:18 AM- root         - INFO     - Succesfully Web-Scrapping completed for bank: Aggregator_US_Mortgage.py

07/09/2018 11:27:28 AM- root         - INFO     - Starting the program execution

07/09/2018 11:27:28 AM- root         - INFO     - Web-Scrapping Starting for bank: US_bank_agg.py

07/09/2018 11:27:29 AM- root         - INFO     - Succesfully Web-Scrapping completed for bank: US_bank_agg.py

07/09/2018 11:27:39 AM- root         - INFO     - Starting the program execution

07/09/2018 11:27:39 AM- root         - INFO     - Web-Scrapping Starting for bank: validation_checker_deposit.py

07/09/2018 11:27:40 AM- root         - INFO     - Succesfully Web-Scrapping completed for bank: validation_checker_deposit.py

07/09/2018 11:27:40 AM- root         - INFO     - Web-Scrapping Starting for bank: validation_checker_mortgage.py

07/09/2018 11:27:41 AM- root         - INFO     - Succesfully Web-Scrapping completed for bank: validation_checker_mortgage.py

07/09/2018 11:27:51 AM- root         - INFO     - Starting the program execution

07/09/2018 11:27:51 AM- root         - INFO     - Web-Scrapping Starting for bank: comparing_excel_deposits.py

07/09/2018 11:27:51 AM- root         - INFO     - Succesfully Web-Scrapping completed for bank: comparing_excel_deposits.py

07/09/2018 11:27:51 AM- root         - INFO     - Web-Scrapping Starting for bank: comparing_excel_mortgages.py

07/09/2018 11:27:51 AM- root         - INFO     - Succesfully Web-Scrapping completed for bank: comparing_excel_mortgages.py

