
Purpose     : Extract data for Us Banks

        #####################     Change log   ###############################
        ##------------------------------------------------------------------##
        ##  Author              ##Date                ##Current Version     ##
        ##------------------------------------------------------------------##
        ## Moody's Analytics    ##29th May,2018    ##V1.0                ##
        ##------------------------------------------------------------------##
        ######################################################################
        Date                   Version     Author      Description
        29th May,2018        v 0.1       Sairam      Initial development


13/07/2018 12:47:57 PM- root         - INFO     - Starting the program execution

13/07/2018 12:47:57 PM- root         - INFO     - Web-Scrapping Starting for bank: wellsfargo_deposit_v2.py

13/07/2018 12:47:57 PM- root         - INFO     - Web-Scrapping Starting for bank: wellsfargo_mortgage_v2.py

13/07/2018 12:47:57 PM- root         - INFO     - Web-Scrapping Starting for bank: pnc_mortgage_v2.py

13/07/2018 12:47:57 PM- root         - INFO     - Web-Scrapping Starting for bank: suntrust_deposit_v2.py

13/07/2018 12:47:57 PM- root         - INFO     - Web-Scrapping Starting for bank: pnc_deposit.py

13/07/2018 12:47:57 PM- root         - INFO     - Web-Scrapping Starting for bank: suntrust_mortgage_v2.py

13/07/2018 12:47:57 PM- root         - INFO     - Web-Scrapping Starting for bank: capital_one_deposits_v2.py

13/07/2018 12:47:57 PM- root         - INFO     - Web-Scrapping Starting for bank: Ally_deposits_v2.py

13/07/2018 12:47:57 PM- root         - INFO     - Web-Scrapping Starting for bank: Ally_mortgage_v2.py

13/07/2018 12:47:57 PM- root         - INFO     - Web-Scrapping Starting for bank: synchrony_deposits_new.py

13/07/2018 12:48:04 PM- root         - INFO     - Succesfully Web-Scrapping completed for bank: Ally_mortgage_v2.py

13/07/2018 12:48:04 PM- root         - INFO     - Web-Scrapping Starting for bank: citi_bank_v2.py

13/07/2018 12:48:06 PM- root         - INFO     - Succesfully Web-Scrapping completed for bank: synchrony_deposits_new.py

13/07/2018 12:48:06 PM- root         - INFO     - Web-Scrapping Starting for bank: citi_mortgage.py

13/07/2018 12:48:47 PM- root         - INFO     - Succesfully Web-Scrapping completed for bank: wellsfargo_deposit_v2.py

13/07/2018 12:48:47 PM- root         - INFO     - Web-Scrapping Starting for bank: consolidated_BOA.py

13/07/2018 12:48:47 PM- root         - INFO     - Succesfully Web-Scrapping completed for bank: suntrust_mortgage_v2.py

13/07/2018 12:48:47 PM- root         - INFO     - Succesfully Web-Scrapping completed for bank: wellsfargo_mortgage_v2.py

13/07/2018 12:48:47 PM- root         - INFO     - Succesfully Web-Scrapping completed for bank: pnc_deposit.py

13/07/2018 12:48:47 PM- root         - INFO     - Succesfully Web-Scrapping completed for bank: capital_one_deposits_v2.py

13/07/2018 12:48:47 PM- root         - INFO     - Web-Scrapping Starting for bank: Bank_of_america_mortgage_v2.py

13/07/2018 12:48:47 PM- root         - INFO     - Web-Scrapping Starting for bank: Consolidate_JPM_Data_Deposit_final.py

13/07/2018 12:48:47 PM- root         - INFO     - Succesfully Web-Scrapping completed for bank: suntrust_deposit_v2.py

13/07/2018 12:48:47 PM- root         - INFO     - Web-Scrapping Starting for bank: Us_Deposits_Mortgage.py

13/07/2018 12:48:47 PM- root         - INFO     - Web-Scrapping Starting for bank: Us_Deposits.py

13/07/2018 12:48:47 PM- root         - INFO     - Web-Scrapping Starting for bank: JPM_mortgage_v2.py

13/07/2018 12:49:08 PM- root         - INFO     - Succesfully Web-Scrapping completed for bank: consolidated_BOA.py

13/07/2018 12:49:08 PM- root         - INFO     - Web-Scrapping Starting for bank: bankRate.py

13/07/2018 12:49:16 PM- root         - INFO     - Succesfully Web-Scrapping completed for bank: pnc_mortgage_v2.py

13/07/2018 12:49:16 PM- root         - INFO     - Succesfully Web-Scrapping completed for bank: Ally_deposits_v2.py

13/07/2018 12:49:16 PM- root         - INFO     - Web-Scrapping Starting for bank: bankRate_Mortgage.py

13/07/2018 12:49:16 PM- root         - INFO     - Web-Scrapping Starting for bank: Deposits_account.py

13/07/2018 12:49:45 PM- root         - INFO     - Succesfully Web-Scrapping completed for bank: citi_bank_v2.py

13/07/2018 12:49:45 PM- root         - INFO     - Web-Scrapping Starting for bank: MyBankTracker_Deposits.py

13/07/2018 12:49:49 PM- root         - INFO     - Succesfully Web-Scrapping completed for bank: MyBankTracker_Deposits.py

13/07/2018 12:49:49 PM- root         - INFO     - Web-Scrapping Starting for bank: MyBankTracker_Mortgage.py

13/07/2018 12:50:03 PM- root         - INFO     - Succesfully Web-Scrapping completed for bank: MyBankTracker_Mortgage.py

13/07/2018 12:50:03 PM- root         - INFO     - Web-Scrapping Starting for bank: Nerdwallet_Bank_Deposits.py

13/07/2018 12:50:33 PM- root         - INFO     - Succesfully Web-Scrapping completed for bank: Nerdwallet_Bank_Deposits.py

13/07/2018 12:51:14 PM- root         - INFO     - Succesfully Web-Scrapping completed for bank: bankRate.py

13/07/2018 12:52:57 PM- root         - INFO     - Succesfully Web-Scrapping completed for bank: citi_mortgage.py

13/07/2018 12:54:49 PM- root         - ERROR    - Got: Error for bank: bankRate_Mortgage.py

13/07/2018 12:54:49 PM- root         - INFO     - Succesfully Web-Scrapping completed for bank: Deposits_account.py

