
Purpose     : Extract data for Us Banks

        #####################     Change log   ###############################
        ##------------------------------------------------------------------##
        ##  Author              ##Date                ##Current Version     ##
        ##------------------------------------------------------------------##
        ## Moody's Analytics    ##29th May,2018    ##V1.0                ##
        ##------------------------------------------------------------------##
        ######################################################################
        Date                   Version     Author      Description
        29th May,2018        v 0.1       Sairam      Initial development


28/08/2018 12:03:35 PM- root         - INFO     - Starting the program execution

28/08/2018 12:03:35 PM- root         - INFO     - Web-Scrapping Starting for bank: wellsfargo_deposit_v2.py

28/08/2018 12:03:35 PM- root         - INFO     - Web-Scrapping Starting for bank: wellsfargo_mortgage_v2.py

28/08/2018 12:03:35 PM- root         - INFO     - Web-Scrapping Starting for bank: pnc_mortgage_v2.py

28/08/2018 12:03:35 PM- root         - INFO     - Web-Scrapping Starting for bank: pnc_deposit.py

28/08/2018 12:03:35 PM- root         - INFO     - Web-Scrapping Starting for bank: suntrust_deposit_v2.py

28/08/2018 12:03:35 PM- root         - INFO     - Web-Scrapping Starting for bank: suntrust_mortgage_v2.py

28/08/2018 12:03:35 PM- root         - INFO     - Web-Scrapping Starting for bank: capital_one_deposits_v2.py

28/08/2018 12:03:35 PM- root         - INFO     - Web-Scrapping Starting for bank: Ally_deposits_v2.py

28/08/2018 12:03:35 PM- root         - INFO     - Web-Scrapping Starting for bank: Ally_mortgage_v2.py

28/08/2018 12:03:35 PM- root         - INFO     - Web-Scrapping Starting for bank: synchrony_deposits_new.py

28/08/2018 12:03:40 PM- root         - INFO     - Succesfully Web-Scrapping completed for bank: synchrony_deposits_new.py

28/08/2018 12:03:40 PM- root         - INFO     - Web-Scrapping Starting for bank: citi_bank_v2.py

28/08/2018 12:03:45 PM- root         - INFO     - Succesfully Web-Scrapping completed for bank: Ally_mortgage_v2.py

28/08/2018 12:03:45 PM- root         - INFO     - Web-Scrapping Starting for bank: citi_mortgage.py

28/08/2018 12:04:11 PM- root         - INFO     - Succesfully Web-Scrapping completed for bank: suntrust_deposit_v2.py

28/08/2018 12:04:11 PM- root         - INFO     - Succesfully Web-Scrapping completed for bank: pnc_mortgage_v2.py

28/08/2018 12:04:11 PM- root         - INFO     - Succesfully Web-Scrapping completed for bank: wellsfargo_mortgage_v2.py

28/08/2018 12:04:11 PM- root         - INFO     - Succesfully Web-Scrapping completed for bank: pnc_deposit.py

28/08/2018 12:04:11 PM- root         - INFO     - Web-Scrapping Starting for bank: consolidated_BOA.py

28/08/2018 12:04:11 PM- root         - INFO     - Web-Scrapping Starting for bank: Bank_of_america_mortgage_v2.py

28/08/2018 12:04:11 PM- root         - INFO     - Succesfully Web-Scrapping completed for bank: wellsfargo_deposit_v2.py

28/08/2018 12:04:11 PM- root         - INFO     - Web-Scrapping Starting for bank: Consolidate_JPM_Data_Deposit_final.py

28/08/2018 12:04:11 PM- root         - INFO     - Web-Scrapping Starting for bank: JPM_mortgage_v2.py

28/08/2018 12:04:11 PM- root         - INFO     - Web-Scrapping Starting for bank: Us_Deposits.py

28/08/2018 12:04:14 PM- root         - INFO     - Succesfully Web-Scrapping completed for bank: consolidated_BOA.py

28/08/2018 12:04:14 PM- root         - INFO     - Web-Scrapping Starting for bank: Us_Deposits_Mortgage.py

28/08/2018 12:04:26 PM- root         - INFO     - Succesfully Web-Scrapping completed for bank: Us_Deposits_Mortgage.py

28/08/2018 12:04:26 PM- root         - INFO     - Web-Scrapping Starting for bank: bankRate.py

28/08/2018 12:04:56 PM- root         - INFO     - Succesfully Web-Scrapping completed for bank: capital_one_deposits_v2.py

28/08/2018 12:04:56 PM- root         - INFO     - Web-Scrapping Starting for bank: bankRate_Mortgage_v2.py

28/08/2018 12:05:32 PM- root         - INFO     - Succesfully Web-Scrapping completed for bank: citi_bank_v2.py

28/08/2018 12:05:32 PM- root         - INFO     - Web-Scrapping Starting for bank: Deposits_account.py

28/08/2018 12:05:33 PM- root         - INFO     - Succesfully Web-Scrapping completed for bank: Ally_deposits_v2.py

28/08/2018 12:05:33 PM- root         - INFO     - Web-Scrapping Starting for bank: MyBankTracker_Deposits.py

28/08/2018 12:05:33 PM- root         - INFO     - Succesfully Web-Scrapping completed for bank: suntrust_mortgage_v2.py

28/08/2018 12:05:33 PM- root         - INFO     - Web-Scrapping Starting for bank: MyBankTracker_Mortgage.py

28/08/2018 12:05:56 PM- root         - INFO     - Succesfully Web-Scrapping completed for bank: MyBankTracker_Deposits.py

28/08/2018 12:05:56 PM- root         - INFO     - Succesfully Web-Scrapping completed for bank: MyBankTracker_Mortgage.py

28/08/2018 12:05:56 PM- root         - INFO     - Web-Scrapping Starting for bank: Nerdwallet_Bank_Deposits.py

28/08/2018 12:05:57 PM- root         - INFO     - Succesfully Web-Scrapping completed for bank: Deposits_account.py

28/08/2018 12:06:19 PM- root         - INFO     - Succesfully Web-Scrapping completed for bank: Nerdwallet_Bank_Deposits.py

28/08/2018 12:06:30 PM- root         - INFO     - Succesfully Web-Scrapping completed for bank: bankRate_Mortgage_v2.py

28/08/2018 12:06:30 PM- root         - INFO     - Succesfully Web-Scrapping completed for bank: Consolidate_JPM_Data_Deposit_final.py

28/08/2018 12:06:30 PM- root         - INFO     - Succesfully Web-Scrapping completed for bank: Bank_of_america_mortgage_v2.py

28/08/2018 12:06:30 PM- root         - INFO     - Succesfully Web-Scrapping completed for bank: Us_Deposits.py

28/08/2018 12:06:30 PM- root         - INFO     - Succesfully Web-Scrapping completed for bank: JPM_mortgage_v2.py

28/08/2018 12:07:49 PM- root         - INFO     - Succesfully Web-Scrapping completed for bank: bankRate.py

28/08/2018 12:08:41 PM- root         - INFO     - Succesfully Web-Scrapping completed for bank: citi_mortgage.py

28/08/2018 12:08:41 PM- root         - INFO     - Starting the program execution

28/08/2018 12:08:41 PM- root         - INFO     - Web-Scrapping Starting for bank: Final_Consolidation_Deposits.py

28/08/2018 12:08:56 PM- root         - INFO     - Succesfully Web-Scrapping completed for bank: Final_Consolidation_Deposits.py

28/08/2018 12:08:56 PM- root         - INFO     - Web-Scrapping Starting for bank: Final_Consolidation_MORTGAGE.py

28/08/2018 12:09:01 PM- root         - INFO     - Succesfully Web-Scrapping completed for bank: Final_Consolidation_MORTGAGE.py

28/08/2018 12:09:11 PM- root         - INFO     - Starting the program execution

28/08/2018 12:09:11 PM- root         - INFO     - Web-Scrapping Starting for bank: Aggregator_US_DEPOSIT.py

28/08/2018 12:09:28 PM- root         - INFO     - Succesfully Web-Scrapping completed for bank: Aggregator_US_DEPOSIT.py

28/08/2018 12:09:28 PM- root         - INFO     - Web-Scrapping Starting for bank: Aggregator_US_Mortgage.py

28/08/2018 12:09:30 PM- root         - INFO     - Succesfully Web-Scrapping completed for bank: Aggregator_US_Mortgage.py

28/08/2018 12:09:40 PM- root         - INFO     - Starting the program execution

28/08/2018 12:09:40 PM- root         - INFO     - Web-Scrapping Starting for bank: US_bank_agg.py

28/08/2018 12:09:41 PM- root         - INFO     - Succesfully Web-Scrapping completed for bank: US_bank_agg.py

28/08/2018 12:09:51 PM- root         - INFO     - Starting the program execution

28/08/2018 12:09:51 PM- root         - INFO     - Web-Scrapping Starting for bank: validation_checker_deposit.py

28/08/2018 12:09:52 PM- root         - INFO     - Succesfully Web-Scrapping completed for bank: validation_checker_deposit.py

28/08/2018 12:09:52 PM- root         - INFO     - Web-Scrapping Starting for bank: validation_checker_mortgage.py

28/08/2018 12:09:52 PM- root         - INFO     - Succesfully Web-Scrapping completed for bank: validation_checker_mortgage.py

28/08/2018 12:10:02 PM- root         - INFO     - Starting the program execution

28/08/2018 12:10:02 PM- root         - INFO     - Web-Scrapping Starting for bank: comparing_excel_deposits.py

28/08/2018 12:10:03 PM- root         - INFO     - Succesfully Web-Scrapping completed for bank: comparing_excel_deposits.py

28/08/2018 12:10:03 PM- root         - INFO     - Web-Scrapping Starting for bank: comparing_excel_mortgages.py

28/08/2018 12:10:03 PM- root         - INFO     - Succesfully Web-Scrapping completed for bank: comparing_excel_mortgages.py

