
Purpose     : Extract data for Us Banks

        #####################     Change log   ###############################
        ##------------------------------------------------------------------##
        ##  Author              ##Date                ##Current Version     ##
        ##------------------------------------------------------------------##
        ## Moody's Analytics    ##29th May,2018    ##V1.0                ##
        ##------------------------------------------------------------------##
        ######################################################################
        Date                   Version     Author      Description
        29th May,2018        v 0.1       Sairam      Initial development


24/07/2018 12:06:45 PM- root         - INFO     - Starting the program execution

24/07/2018 12:06:45 PM- root         - INFO     - Web-Scrapping Starting for bank: wellsfargo_deposit_v2.py

24/07/2018 12:06:45 PM- root         - INFO     - Web-Scrapping Starting for bank: wellsfargo_mortgage_v2.py

24/07/2018 12:06:45 PM- root         - INFO     - Web-Scrapping Starting for bank: pnc_mortgage_v2.py

24/07/2018 12:06:45 PM- root         - INFO     - Web-Scrapping Starting for bank: pnc_deposit.py

24/07/2018 12:06:45 PM- root         - INFO     - Web-Scrapping Starting for bank: suntrust_deposit_v2.py

24/07/2018 12:06:45 PM- root         - INFO     - Web-Scrapping Starting for bank: suntrust_mortgage_v2.py

24/07/2018 12:06:45 PM- root         - INFO     - Web-Scrapping Starting for bank: capital_one_deposits_v2.py

24/07/2018 12:06:45 PM- root         - INFO     - Web-Scrapping Starting for bank: Ally_deposits_v2.py

24/07/2018 12:06:45 PM- root         - INFO     - Web-Scrapping Starting for bank: Ally_mortgage_v2.py

24/07/2018 12:06:45 PM- root         - INFO     - Web-Scrapping Starting for bank: synchrony_deposits_new.py

24/07/2018 12:06:51 PM- root         - INFO     - Succesfully Web-Scrapping completed for bank: pnc_deposit.py

24/07/2018 12:06:51 PM- root         - INFO     - Web-Scrapping Starting for bank: citi_bank_v2.py

24/07/2018 12:06:53 PM- root         - INFO     - Succesfully Web-Scrapping completed for bank: synchrony_deposits_new.py

24/07/2018 12:06:53 PM- root         - INFO     - Web-Scrapping Starting for bank: citi_mortgage.py

24/07/2018 12:06:53 PM- root         - INFO     - Succesfully Web-Scrapping completed for bank: Ally_mortgage_v2.py

24/07/2018 12:06:53 PM- root         - INFO     - Web-Scrapping Starting for bank: consolidated_BOA.py

24/07/2018 12:06:56 PM- root         - INFO     - Succesfully Web-Scrapping completed for bank: consolidated_BOA.py

24/07/2018 12:06:56 PM- root         - INFO     - Web-Scrapping Starting for bank: Bank_of_america_mortgage_v2.py

24/07/2018 12:07:11 PM- root         - INFO     - Succesfully Web-Scrapping completed for bank: Bank_of_america_mortgage_v2.py

24/07/2018 12:07:11 PM- root         - INFO     - Web-Scrapping Starting for bank: Consolidate_JPM_Data_Deposit_final.py

24/07/2018 12:07:13 PM- root         - INFO     - Succesfully Web-Scrapping completed for bank: Consolidate_JPM_Data_Deposit_final.py

24/07/2018 12:07:13 PM- root         - INFO     - Web-Scrapping Starting for bank: JPM_mortgage_v2.py

24/07/2018 12:07:22 PM- root         - INFO     - Succesfully Web-Scrapping completed for bank: wellsfargo_deposit_v2.py

24/07/2018 12:07:22 PM- root         - INFO     - Web-Scrapping Starting for bank: Us_Deposits.py

24/07/2018 12:07:22 PM- root         - INFO     - Succesfully Web-Scrapping completed for bank: pnc_mortgage_v2.py

24/07/2018 12:07:22 PM- root         - INFO     - Web-Scrapping Starting for bank: Us_Deposits_Mortgage.py

24/07/2018 12:07:27 PM- root         - INFO     - Succesfully Web-Scrapping completed for bank: Us_Deposits.py

24/07/2018 12:07:27 PM- root         - INFO     - Web-Scrapping Starting for bank: bankRate.py

24/07/2018 12:07:32 PM- root         - INFO     - Succesfully Web-Scrapping completed for bank: Us_Deposits_Mortgage.py

24/07/2018 12:07:32 PM- root         - INFO     - Web-Scrapping Starting for bank: bankRate_Mortgage.py

24/07/2018 12:07:48 PM- root         - INFO     - Succesfully Web-Scrapping completed for bank: suntrust_mortgage_v2.py

24/07/2018 12:07:48 PM- root         - INFO     - Succesfully Web-Scrapping completed for bank: capital_one_deposits_v2.py

24/07/2018 12:07:48 PM- root         - INFO     - Web-Scrapping Starting for bank: Deposits_account.py

24/07/2018 12:07:48 PM- root         - INFO     - Web-Scrapping Starting for bank: MyBankTracker_Deposits.py

24/07/2018 12:07:48 PM- root         - INFO     - Succesfully Web-Scrapping completed for bank: suntrust_deposit_v2.py

24/07/2018 12:07:48 PM- root         - INFO     - Web-Scrapping Starting for bank: MyBankTracker_Mortgage.py

24/07/2018 12:08:13 PM- root         - INFO     - Succesfully Web-Scrapping completed for bank: MyBankTracker_Deposits.py

24/07/2018 12:08:13 PM- root         - INFO     - Succesfully Web-Scrapping completed for bank: MyBankTracker_Mortgage.py

24/07/2018 12:08:13 PM- root         - INFO     - Web-Scrapping Starting for bank: Nerdwallet_Bank_Deposits.py

24/07/2018 12:08:13 PM- root         - INFO     - Succesfully Web-Scrapping completed for bank: Deposits_account.py

24/07/2018 12:08:15 PM- root         - INFO     - Succesfully Web-Scrapping completed for bank: Ally_deposits_v2.py

24/07/2018 12:08:15 PM- root         - INFO     - Succesfully Web-Scrapping completed for bank: wellsfargo_mortgage_v2.py

24/07/2018 12:08:31 PM- root         - INFO     - Succesfully Web-Scrapping completed for bank: citi_bank_v2.py

24/07/2018 12:08:45 PM- root         - INFO     - Succesfully Web-Scrapping completed for bank: Nerdwallet_Bank_Deposits.py

24/07/2018 12:09:04 PM- root         - INFO     - Succesfully Web-Scrapping completed for bank: bankRate_Mortgage.py

24/07/2018 12:09:19 PM- root         - INFO     - Succesfully Web-Scrapping completed for bank: JPM_mortgage_v2.py

24/07/2018 12:09:28 PM- root         - INFO     - Succesfully Web-Scrapping completed for bank: bankRate.py

24/07/2018 12:11:53 PM- root         - INFO     - Succesfully Web-Scrapping completed for bank: citi_mortgage.py

24/07/2018 12:11:53 PM- root         - INFO     - Starting the program execution

24/07/2018 12:11:53 PM- root         - INFO     - Web-Scrapping Starting for bank: Final_Consolidation_Deposits.py

24/07/2018 12:12:07 PM- root         - INFO     - Succesfully Web-Scrapping completed for bank: Final_Consolidation_Deposits.py

24/07/2018 12:12:07 PM- root         - INFO     - Web-Scrapping Starting for bank: Final_Consolidation_MORTGAGE.py

