
Purpose     : Extract data for Us Banks

        #####################     Change log   ###############################
        ##------------------------------------------------------------------##
        ##  Author              ##Date                ##Current Version     ##
        ##------------------------------------------------------------------##
        ## Moody's Analytics    ##29th May,2018    ##V1.0                ##
        ##------------------------------------------------------------------##
        ######################################################################
        Date                   Version     Author      Description
        29th May,2018        v 0.1       Sairam      Initial development


07/08/2018 09:14:47 AM- root         - INFO     - Starting the program execution

07/08/2018 09:14:47 AM- root         - INFO     - Web-Scrapping Starting for bank: wellsfargo_deposit_v2.py

07/08/2018 09:14:47 AM- root         - INFO     - Web-Scrapping Starting for bank: wellsfargo_mortgage_v2.py

07/08/2018 09:14:47 AM- root         - INFO     - Web-Scrapping Starting for bank: pnc_mortgage_v2.py

07/08/2018 09:14:47 AM- root         - INFO     - Web-Scrapping Starting for bank: pnc_deposit.py

07/08/2018 09:14:47 AM- root         - INFO     - Web-Scrapping Starting for bank: suntrust_deposit_v2.py

07/08/2018 09:14:47 AM- root         - INFO     - Web-Scrapping Starting for bank: suntrust_mortgage_v2.py

07/08/2018 09:14:47 AM- root         - INFO     - Web-Scrapping Starting for bank: capital_one_deposits_v2.py

07/08/2018 09:14:47 AM- root         - INFO     - Web-Scrapping Starting for bank: synchrony_deposits_new.py

07/08/2018 09:14:47 AM- root         - INFO     - Web-Scrapping Starting for bank: Ally_mortgage_v2.py

07/08/2018 09:14:47 AM- root         - INFO     - Web-Scrapping Starting for bank: Ally_deposits_v2.py

07/08/2018 09:15:57 AM- root         - INFO     - Succesfully Web-Scrapping completed for bank: wellsfargo_deposit_v2.py

07/08/2018 09:15:57 AM- root         - INFO     - Web-Scrapping Starting for bank: citi_bank_v2.py

07/08/2018 09:15:57 AM- root         - INFO     - Succesfully Web-Scrapping completed for bank: suntrust_deposit_v2.py

07/08/2018 09:15:57 AM- root         - INFO     - Succesfully Web-Scrapping completed for bank: pnc_mortgage_v2.py

07/08/2018 09:15:57 AM- root         - INFO     - Succesfully Web-Scrapping completed for bank: wellsfargo_mortgage_v2.py

07/08/2018 09:15:57 AM- root         - INFO     - Succesfully Web-Scrapping completed for bank: synchrony_deposits_new.py

07/08/2018 09:15:57 AM- root         - INFO     - Succesfully Web-Scrapping completed for bank: pnc_deposit.py

07/08/2018 09:15:57 AM- root         - INFO     - Succesfully Web-Scrapping completed for bank: Ally_deposits_v2.py

07/08/2018 09:15:57 AM- root         - INFO     - Succesfully Web-Scrapping completed for bank: suntrust_mortgage_v2.py

07/08/2018 09:15:57 AM- root         - INFO     - Succesfully Web-Scrapping completed for bank: capital_one_deposits_v2.py

07/08/2018 09:15:57 AM- root         - INFO     - Web-Scrapping Starting for bank: consolidated_BOA.py

07/08/2018 09:15:57 AM- root         - INFO     - Succesfully Web-Scrapping completed for bank: Ally_mortgage_v2.py

07/08/2018 09:15:57 AM- root         - INFO     - Web-Scrapping Starting for bank: Consolidate_JPM_Data_Deposit_final.py

07/08/2018 09:15:57 AM- root         - INFO     - Web-Scrapping Starting for bank: Bank_of_america_mortgage_v2.py

07/08/2018 09:15:57 AM- root         - INFO     - Web-Scrapping Starting for bank: citi_mortgage.py

07/08/2018 09:15:57 AM- root         - INFO     - Web-Scrapping Starting for bank: JPM_mortgage_v2.py

07/08/2018 09:15:57 AM- root         - INFO     - Web-Scrapping Starting for bank: Us_Deposits.py

07/08/2018 09:15:57 AM- root         - INFO     - Web-Scrapping Starting for bank: Us_Deposits_Mortgage.py

07/08/2018 09:15:57 AM- root         - INFO     - Web-Scrapping Starting for bank: bankRate.py

07/08/2018 09:15:57 AM- root         - INFO     - Web-Scrapping Starting for bank: bankRate_Mortgage.py

07/08/2018 09:17:36 AM- root         - INFO     - Succesfully Web-Scrapping completed for bank: citi_bank_v2.py

07/08/2018 09:17:36 AM- root         - INFO     - Web-Scrapping Starting for bank: Deposits_account.py

07/08/2018 09:17:56 AM- root         - INFO     - Succesfully Web-Scrapping completed for bank: Deposits_account.py

07/08/2018 09:17:56 AM- root         - INFO     - Web-Scrapping Starting for bank: MyBankTracker_Deposits.py

07/08/2018 09:18:05 AM- root         - INFO     - Succesfully Web-Scrapping completed for bank: MyBankTracker_Deposits.py

07/08/2018 09:18:05 AM- root         - INFO     - Web-Scrapping Starting for bank: MyBankTracker_Mortgage.py

07/08/2018 09:18:22 AM- root         - INFO     - Succesfully Web-Scrapping completed for bank: MyBankTracker_Mortgage.py

07/08/2018 09:18:22 AM- root         - INFO     - Web-Scrapping Starting for bank: Nerdwallet_Bank_Deposits.py

07/08/2018 09:18:53 AM- root         - INFO     - Succesfully Web-Scrapping completed for bank: Nerdwallet_Bank_Deposits.py

07/08/2018 09:19:01 AM- root         - INFO     - Succesfully Web-Scrapping completed for bank: Us_Deposits_Mortgage.py

07/08/2018 09:19:01 AM- root         - INFO     - Succesfully Web-Scrapping completed for bank: bankRate.py

07/08/2018 09:19:01 AM- root         - ERROR    - Got: Error for bank: bankRate_Mortgage.py

07/08/2018 09:20:52 AM- root         - INFO     - Succesfully Web-Scrapping completed for bank: JPM_mortgage_v2.py

07/08/2018 09:20:52 AM- root         - INFO     - Succesfully Web-Scrapping completed for bank: consolidated_BOA.py

07/08/2018 09:20:52 AM- root         - INFO     - Succesfully Web-Scrapping completed for bank: Consolidate_JPM_Data_Deposit_final.py

07/08/2018 09:20:52 AM- root         - INFO     - Succesfully Web-Scrapping completed for bank: Us_Deposits.py

07/08/2018 09:20:52 AM- root         - INFO     - Succesfully Web-Scrapping completed for bank: Bank_of_america_mortgage_v2.py

07/08/2018 09:20:52 AM- root         - INFO     - Succesfully Web-Scrapping completed for bank: citi_mortgage.py

07/08/2018 09:20:52 AM- root         - INFO     - Starting the program execution

07/08/2018 09:20:52 AM- root         - INFO     - Web-Scrapping Starting for bank: Final_Consolidation_Deposits.py

07/08/2018 09:21:08 AM- root         - INFO     - Succesfully Web-Scrapping completed for bank: Final_Consolidation_Deposits.py

07/08/2018 09:21:08 AM- root         - INFO     - Web-Scrapping Starting for bank: Final_Consolidation_MORTGAGE.py

07/08/2018 09:21:13 AM- root         - INFO     - Succesfully Web-Scrapping completed for bank: Final_Consolidation_MORTGAGE.py

07/08/2018 09:21:23 AM- root         - INFO     - Starting the program execution

07/08/2018 09:21:23 AM- root         - INFO     - Web-Scrapping Starting for bank: Aggregator_US_DEPOSIT.py

07/08/2018 09:21:40 AM- root         - INFO     - Succesfully Web-Scrapping completed for bank: Aggregator_US_DEPOSIT.py

07/08/2018 09:21:40 AM- root         - INFO     - Web-Scrapping Starting for bank: Aggregator_US_Mortgage.py

07/08/2018 09:21:42 AM- root         - INFO     - Succesfully Web-Scrapping completed for bank: Aggregator_US_Mortgage.py

07/08/2018 09:21:52 AM- root         - INFO     - Starting the program execution

07/08/2018 09:21:52 AM- root         - INFO     - Web-Scrapping Starting for bank: US_bank_agg.py

07/08/2018 09:21:53 AM- root         - INFO     - Succesfully Web-Scrapping completed for bank: US_bank_agg.py

07/08/2018 09:22:03 AM- root         - INFO     - Starting the program execution

07/08/2018 09:22:03 AM- root         - INFO     - Web-Scrapping Starting for bank: validation_checker_deposit.py

07/08/2018 09:22:04 AM- root         - INFO     - Succesfully Web-Scrapping completed for bank: validation_checker_deposit.py

07/08/2018 09:22:04 AM- root         - INFO     - Web-Scrapping Starting for bank: validation_checker_mortgage.py

07/08/2018 09:22:05 AM- root         - INFO     - Succesfully Web-Scrapping completed for bank: validation_checker_mortgage.py

07/08/2018 09:22:15 AM- root         - INFO     - Starting the program execution

07/08/2018 09:22:15 AM- root         - INFO     - Web-Scrapping Starting for bank: comparing_excel_deposits.py

07/08/2018 09:22:15 AM- root         - INFO     - Succesfully Web-Scrapping completed for bank: comparing_excel_deposits.py

07/08/2018 09:22:15 AM- root         - INFO     - Web-Scrapping Starting for bank: comparing_excel_mortgages.py

07/08/2018 09:22:15 AM- root         - INFO     - Succesfully Web-Scrapping completed for bank: comparing_excel_mortgages.py

