
Purpose     : Extract data for UK Banks

        #####################     Change log   ###############################
        ##------------------------------------------------------------------##
        ##  Author              ##Date                ##Current Version     ##
        ##------------------------------------------------------------------##
        ## Moody's Analytics    ##16th March,2018    ##V1.0                ##
        ##------------------------------------------------------------------##
        ######################################################################
        Date                   Version     Author      Description
        16th March,2018        v 0.1       Deepak      Initial development


04/05/2018 01:18:28 PM- root         - INFO     - Starting the program execution

04/05/2018 01:18:28 PM- root         - INFO     - Web-Scrapping Starting for bank: wellsfargo_deposit_v2.py

04/05/2018 01:18:35 PM- root         - INFO     - Succesfully Web-Scrapping completed for bank: wellsfargo_deposit_v2.py

04/05/2018 01:18:35 PM- root         - INFO     - Web-Scrapping Starting for bank: wellsfargo_mortgage_v2.py

04/05/2018 01:19:10 PM- root         - INFO     - Succesfully Web-Scrapping completed for bank: wellsfargo_mortgage_v2.py

04/05/2018 01:19:10 PM- root         - INFO     - Web-Scrapping Starting for bank: pnc_mortgage_v2.py

04/05/2018 01:19:39 PM- root         - INFO     - Succesfully Web-Scrapping completed for bank: pnc_mortgage_v2.py

04/05/2018 01:19:39 PM- root         - INFO     - Web-Scrapping Starting for bank: Ally_deposits_v2.py

04/05/2018 01:20:46 PM- root         - INFO     - Succesfully Web-Scrapping completed for bank: Ally_deposits_v2.py

04/05/2018 01:20:46 PM- root         - INFO     - Web-Scrapping Starting for bank: Ally_mortgage_v2.py

04/05/2018 01:20:52 PM- root         - INFO     - Succesfully Web-Scrapping completed for bank: Ally_mortgage_v2.py

04/05/2018 01:20:52 PM- root         - INFO     - Web-Scrapping Starting for bank: suntrust_deposit_v2.py

04/05/2018 01:20:55 PM- root         - INFO     - Succesfully Web-Scrapping completed for bank: suntrust_deposit_v2.py

04/05/2018 01:20:55 PM- root         - INFO     - Web-Scrapping Starting for bank: suntrust_mortgage_v2.py

04/05/2018 01:20:57 PM- root         - INFO     - Succesfully Web-Scrapping completed for bank: suntrust_mortgage_v2.py

04/05/2018 01:20:57 PM- root         - INFO     - Web-Scrapping Starting for bank: capital_one_deposits_v2.py

04/05/2018 01:21:39 PM- root         - INFO     - Succesfully Web-Scrapping completed for bank: capital_one_deposits_v2.py

04/05/2018 01:21:39 PM- root         - INFO     - Web-Scrapping Starting for bank: Ally_deposits_v2.py

04/05/2018 01:22:35 PM- root         - INFO     - Succesfully Web-Scrapping completed for bank: Ally_deposits_v2.py

04/05/2018 01:22:35 PM- root         - INFO     - Web-Scrapping Starting for bank: Ally_mortgage_v2.py

04/05/2018 01:22:41 PM- root         - INFO     - Succesfully Web-Scrapping completed for bank: Ally_mortgage_v2.py

04/05/2018 01:22:41 PM- root         - INFO     - Web-Scrapping Starting for bank: synchrony_deposits_new.py

04/05/2018 01:22:46 PM- root         - INFO     - Succesfully Web-Scrapping completed for bank: synchrony_deposits_new.py

04/05/2018 01:22:46 PM- root         - INFO     - Web-Scrapping Starting for bank: citi_mortgage.py

04/05/2018 01:27:14 PM- root         - INFO     - Succesfully Web-Scrapping completed for bank: citi_mortgage.py

04/05/2018 01:27:14 PM- root         - INFO     - Web-Scrapping Starting for bank: Bank_of_america_mortgage_v2.py

04/05/2018 01:27:27 PM- root         - INFO     - Succesfully Web-Scrapping completed for bank: Bank_of_america_mortgage_v2.py

04/05/2018 01:27:27 PM- root         - INFO     - Web-Scrapping Starting for bank: pnc_deposit.py

04/05/2018 01:27:31 PM- root         - INFO     - Succesfully Web-Scrapping completed for bank: pnc_deposit.py

04/05/2018 01:27:31 PM- root         - INFO     - Web-Scrapping Starting for bank: Us_Deposits.py

04/05/2018 01:27:35 PM- root         - INFO     - Succesfully Web-Scrapping completed for bank: Us_Deposits.py

04/05/2018 01:27:35 PM- root         - INFO     - Web-Scrapping Starting for bank: Us_Deposits_Mortgage.py

04/05/2018 01:27:46 PM- root         - INFO     - Succesfully Web-Scrapping completed for bank: Us_Deposits_Mortgage.py

04/05/2018 01:27:46 PM- root         - INFO     - Web-Scrapping Starting for bank: bankRate.py

04/05/2018 01:29:01 PM- root         - INFO     - Succesfully Web-Scrapping completed for bank: bankRate.py

04/05/2018 01:29:01 PM- root         - INFO     - Web-Scrapping Starting for bank: bankRate_Mortgage.py

04/05/2018 02:00:24 PM- root         - ERROR    - Got: Error for bank: bankRate_Mortgage.py

04/05/2018 02:00:24 PM- root         - INFO     - Web-Scrapping Starting for bank: citi_bank.py

