
Purpose     : Extract data for UK Banks

        #####################     Change log   ###############################
        ##------------------------------------------------------------------##
        ##  Author              ##Date                ##Current Version     ##
        ##------------------------------------------------------------------##
        ## Moody's Analytics    ##16th March,2018    ##V1.0                ##
        ##------------------------------------------------------------------##
        ######################################################################
        Date                   Version     Author      Description
        16th March,2018        v 0.1       Deepak      Initial development


02/05/2018 02:18:35 PM- root         - INFO     - Starting the program execution

02/05/2018 02:18:35 PM- root         - INFO     - Web-Scrapping Starting for bank: Final_Consolidation_Deposits.py

02/05/2018 02:18:52 PM- root         - INFO     - Succesfully Web-Scrapping completed for bank: Final_Consolidation_Deposits.py

02/05/2018 02:18:52 PM- root         - INFO     - Web-Scrapping Starting for bank: Final_Consolidation_MORTGAGE.py

02/05/2018 02:18:53 PM- root         - ERROR    - Got: Error for bank: Final_Consolidation_MORTGAGE.py

02/05/2018 02:18:53 PM- root         - INFO     - Starting the program execution

02/05/2018 02:18:53 PM- root         - INFO     - Web-Scrapping Starting for bank: Aggregator_US_DEPOSIT.py

02/05/2018 02:19:10 PM- root         - INFO     - Succesfully Web-Scrapping completed for bank: Aggregator_US_DEPOSIT.py

02/05/2018 02:19:10 PM- root         - INFO     - Web-Scrapping Starting for bank: Aggregator_US_Mortgage.py

02/05/2018 02:19:13 PM- root         - INFO     - Succesfully Web-Scrapping completed for bank: Aggregator_US_Mortgage.py

02/05/2018 02:19:13 PM- root         - INFO     - Starting the program execution

02/05/2018 02:19:13 PM- root         - INFO     - Web-Scrapping Starting for bank: US_bank_agg.py

02/05/2018 02:19:13 PM- root         - INFO     - Succesfully Web-Scrapping completed for bank: US_bank_agg.py

