
Purpose     : Extract data for UK Banks

        #####################     Change log   ###############################
        ##------------------------------------------------------------------##
        ##  Author              ##Date                ##Current Version     ##
        ##------------------------------------------------------------------##
        ## Moody's Analytics    ##16th March,2018    ##V1.0                ##
        ##------------------------------------------------------------------##
        ######################################################################
        Date                   Version     Author      Description
        16th March,2018        v 0.1       Deepak      Initial development


04/06/2018 01:12:55 PM- root         - INFO     - Starting the program execution

04/06/2018 01:12:55 PM- root         - INFO     - Web-Scrapping Starting for bank: Final_Consolidation_Deposits.py

04/06/2018 01:13:12 PM- root         - INFO     - Succesfully Web-Scrapping completed for bank: Final_Consolidation_Deposits.py

04/06/2018 01:13:12 PM- root         - INFO     - Web-Scrapping Starting for bank: Final_Consolidation_MORTGAGE.py

04/06/2018 01:13:17 PM- root         - INFO     - Succesfully Web-Scrapping completed for bank: Final_Consolidation_MORTGAGE.py

04/06/2018 01:13:17 PM- root         - INFO     - Starting the program execution

04/06/2018 01:13:17 PM- root         - INFO     - Web-Scrapping Starting for bank: Aggregator_US_DEPOSIT.py

04/06/2018 01:13:38 PM- root         - INFO     - Succesfully Web-Scrapping completed for bank: Aggregator_US_DEPOSIT.py

04/06/2018 01:13:38 PM- root         - INFO     - Web-Scrapping Starting for bank: Aggregator_US_Mortgage.py

04/06/2018 01:13:40 PM- root         - INFO     - Succesfully Web-Scrapping completed for bank: Aggregator_US_Mortgage.py

04/06/2018 01:13:40 PM- root         - INFO     - Starting the program execution

04/06/2018 01:13:40 PM- root         - INFO     - Web-Scrapping Starting for bank: US_bank_agg.py

04/06/2018 01:13:41 PM- root         - INFO     - Succesfully Web-Scrapping completed for bank: US_bank_agg.py

