
Purpose     : Extract data for UK Banks

        #####################     Change log   ###############################
        ##------------------------------------------------------------------##
        ##  Author              ##Date                ##Current Version     ##
        ##------------------------------------------------------------------##
        ## Moody's Analytics    ##16th March,2018    ##V1.0                ##
        ##------------------------------------------------------------------##
        ######################################################################
        Date                   Version     Author      Description
        16th March,2018        v 0.1       Deepak      Initial development


04/05/2018 02:17:01 PM- root         - INFO     - Starting the program execution

04/05/2018 02:17:01 PM- root         - INFO     - Web-Scrapping Starting for bank: Final_Consolidation_Deposits.py

04/05/2018 02:17:18 PM- root         - INFO     - Succesfully Web-Scrapping completed for bank: Final_Consolidation_Deposits.py

04/05/2018 02:17:18 PM- root         - INFO     - Web-Scrapping Starting for bank: Final_Consolidation_MORTGAGE.py

04/05/2018 02:17:23 PM- root         - INFO     - Succesfully Web-Scrapping completed for bank: Final_Consolidation_MORTGAGE.py

04/05/2018 02:17:23 PM- root         - INFO     - Starting the program execution

04/05/2018 02:17:23 PM- root         - INFO     - Web-Scrapping Starting for bank: Aggregator_US_DEPOSIT.py

04/05/2018 02:17:39 PM- root         - INFO     - Succesfully Web-Scrapping completed for bank: Aggregator_US_DEPOSIT.py

04/05/2018 02:17:39 PM- root         - INFO     - Web-Scrapping Starting for bank: Aggregator_US_Mortgage.py

04/05/2018 02:17:41 PM- root         - INFO     - Succesfully Web-Scrapping completed for bank: Aggregator_US_Mortgage.py

04/05/2018 02:17:41 PM- root         - INFO     - Starting the program execution

04/05/2018 02:17:41 PM- root         - INFO     - Web-Scrapping Starting for bank: US_bank_agg.py

04/05/2018 02:17:42 PM- root         - INFO     - Succesfully Web-Scrapping completed for bank: US_bank_agg.py

