
Purpose     : Extract data for Us Banks

        #####################     Change log   ###############################
        ##------------------------------------------------------------------##
        ##  Author              ##Date                ##Current Version     ##
        ##------------------------------------------------------------------##
        ## Moody's Analytics    ##29th May,2018    ##V1.0                ##
        ##------------------------------------------------------------------##
        ######################################################################
        Date                   Version     Author      Description
        29th May,2018        v 0.1       Sairam      Initial development


03/07/2018 04:22:23 PM- root         - INFO     - Starting the program execution

03/07/2018 04:22:23 PM- root         - INFO     - Web-Scrapping Starting for bank: Final_Consolidation_Deposits.py

03/07/2018 04:22:40 PM- root         - INFO     - Succesfully Web-Scrapping completed for bank: Final_Consolidation_Deposits.py

03/07/2018 04:22:40 PM- root         - INFO     - Web-Scrapping Starting for bank: Final_Consolidation_MORTGAGE.py

03/07/2018 04:22:45 PM- root         - INFO     - Succesfully Web-Scrapping completed for bank: Final_Consolidation_MORTGAGE.py

03/07/2018 04:22:55 PM- root         - INFO     - Starting the program execution

03/07/2018 04:22:55 PM- root         - INFO     - Web-Scrapping Starting for bank: Aggregator_US_DEPOSIT.py

03/07/2018 04:23:13 PM- root         - INFO     - Succesfully Web-Scrapping completed for bank: Aggregator_US_DEPOSIT.py

03/07/2018 04:23:13 PM- root         - INFO     - Web-Scrapping Starting for bank: Aggregator_US_Mortgage.py

03/07/2018 04:23:16 PM- root         - INFO     - Succesfully Web-Scrapping completed for bank: Aggregator_US_Mortgage.py

03/07/2018 04:23:26 PM- root         - INFO     - Starting the program execution

03/07/2018 04:23:26 PM- root         - INFO     - Web-Scrapping Starting for bank: US_bank_agg.py

03/07/2018 04:23:27 PM- root         - INFO     - Succesfully Web-Scrapping completed for bank: US_bank_agg.py

03/07/2018 04:23:37 PM- root         - INFO     - Starting the program execution

03/07/2018 04:23:37 PM- root         - INFO     - Web-Scrapping Starting for bank: validation_checker_deposit.py

03/07/2018 04:23:37 PM- root         - INFO     - Succesfully Web-Scrapping completed for bank: validation_checker_deposit.py

03/07/2018 04:23:37 PM- root         - INFO     - Web-Scrapping Starting for bank: validation_checker_mortgage.py

03/07/2018 04:23:38 PM- root         - INFO     - Succesfully Web-Scrapping completed for bank: validation_checker_mortgage.py

03/07/2018 04:23:48 PM- root         - INFO     - Starting the program execution

03/07/2018 04:23:48 PM- root         - INFO     - Web-Scrapping Starting for bank: comparing_excel_deposits.py

03/07/2018 04:23:48 PM- root         - ERROR    - Got: Error for bank: comparing_excel_deposits.py

03/07/2018 04:23:48 PM- root         - INFO     - Web-Scrapping Starting for bank: comparing_excel_mortgages.py

03/07/2018 04:23:49 PM- root         - ERROR    - Got: Error for bank: comparing_excel_mortgages.py

